{"C:\\Users\\sunay\\OneDrive\\Desktop\\SDPROJECT\\local-artisan-marketplace\\client\\src\\App.tsx": {"path":"C:\\Users\\sunay\\OneDrive\\Desktop\\SDPROJECT\\local-artisan-marketplace\\client\\src\\App.tsx","statementMap":{"0":{"start":{"line":33,"column":32},"end":{"line":33,"column":46}},"1":{"start":{"line":35,"column":2},"end":{"line":43,"column":9}},"2":{"start":{"line":36,"column":18},"end":{"line":38,"column":12}},"3":{"start":{"line":37,"column":6},"end":{"line":37,"column":24}},"4":{"start":{"line":40,"column":4},"end":{"line":42,"column":6}},"5":{"start":{"line":41,"column":6},"end":{"line":41,"column":26}},"6":{"start":{"line":45,"column":2},"end":{"line":47,"column":3}},"7":{"start":{"line":46,"column":4},"end":{"line":46,"column":25}},"8":{"start":{"line":49,"column":2},"end":{"line":95,"column":4}}},"fnMap":{"0":{"name":"App","decl":{"start":{"line":32,"column":9},"end":{"line":32,"column":12}},"loc":{"start":{"line":32,"column":12},"end":{"line":96,"column":1}}},"1":{"name":"(anonymous_1)","decl":{"start":{"line":35,"column":12},"end":{"line":35,"column":null}},"loc":{"start":{"line":35,"column":12},"end":{"line":43,"column":3}}},"2":{"name":"(anonymous_2)","decl":{"start":{"line":36,"column":29},"end":{"line":36,"column":null}},"loc":{"start":{"line":36,"column":29},"end":{"line":38,"column":5}}},"3":{"name":"(anonymous_3)","decl":{"start":{"line":40,"column":11},"end":{"line":40,"column":null}},"loc":{"start":{"line":40,"column":11},"end":{"line":42,"column":5}}}},"branchMap":{"0":{"loc":{"start":{"line":45,"column":2},"end":{"line":47,"column":3}},"type":"if","locations":[{"start":{"line":45,"column":2},"end":{"line":47,"column":3}}]}},"s":{"0":0,"1":0,"2":0,"3":0,"4":0,"5":0,"6":0,"7":0,"8":0},"f":{"0":0,"1":0,"2":0,"3":0},"b":{"0":[0]}}
,"C:\\Users\\sunay\\OneDrive\\Desktop\\SDPROJECT\\local-artisan-marketplace\\client\\src\\config.ts": {"path":"C:\\Users\\sunay\\OneDrive\\Desktop\\SDPROJECT\\local-artisan-marketplace\\client\\src\\config.ts","statementMap":{"0":{"start":{"line":1,"column":23},"end":{"line":1,"column":56}}},"fnMap":{},"branchMap":{},"s":{"0":0},"f":{},"b":{}}
,"C:\\Users\\sunay\\OneDrive\\Desktop\\SDPROJECT\\local-artisan-marketplace\\client\\src\\main.tsx": {"path":"C:\\Users\\sunay\\OneDrive\\Desktop\\SDPROJECT\\local-artisan-marketplace\\client\\src\\main.tsx","statementMap":{"0":{"start":{"line":8,"column":0},"end":{"line":14,"column":2}}},"fnMap":{},"branchMap":{},"s":{"0":0},"f":{},"b":{}}
,"C:\\Users\\sunay\\OneDrive\\Desktop\\SDPROJECT\\local-artisan-marketplace\\client\\src\\Pages\\AddProductPage.tsx": {"path":"C:\\Users\\sunay\\OneDrive\\Desktop\\SDPROJECT\\local-artisan-marketplace\\client\\src\\Pages\\AddProductPage.tsx","statementMap":{"0":{"start":{"line":19,"column":33},"end":{"line":179,"column":1}},"1":{"start":{"line":20,"column":34},"end":{"line":20,"column":52}},"2":{"start":{"line":21,"column":32},"end":{"line":21,"column":50}},"3":{"start":{"line":22,"column":28},"end":{"line":22,"column":45}},"4":{"start":{"line":23,"column":28},"end":{"line":23,"column":45}},"5":{"start":{"line":24,"column":28},"end":{"line":24,"column":46}},"6":{"start":{"line":25,"column":30},"end":{"line":25,"column":48}},"7":{"start":{"line":26,"column":30},"end":{"line":26,"column":48}},"8":{"start":{"line":27,"column":36},"end":{"line":27,"column":53}},"9":{"start":{"line":28,"column":44},"end":{"line":28,"column":62}},"10":{"start":{"line":29,"column":26},"end":{"line":29,"column":54}},"11":{"start":{"line":30,"column":42},"end":{"line":30,"column":60}},"12":{"start":{"line":31,"column":36},"end":{"line":31,"column":57}},"13":{"start":{"line":32,"column":44},"end":{"line":32,"column":72}},"14":{"start":{"line":34,"column":19},"end":{"line":34,"column":28}},"15":{"start":{"line":35,"column":21},"end":{"line":35,"column":57}},"16":{"start":{"line":36,"column":19},"end":{"line":36,"column":32}},"17":{"start":{"line":38,"column":27},"end":{"line":43,"column":3}},"18":{"start":{"line":39,"column":4},"end":{"line":39,"column":48}},"19":{"start":{"line":39,"column":21},"end":{"line":39,"column":48}},"20":{"start":{"line":40,"column":4},"end":{"line":40,"column":44}},"21":{"start":{"line":40,"column":21},"end":{"line":40,"column":44}},"22":{"start":{"line":41,"column":4},"end":{"line":41,"column":42}},"23":{"start":{"line":41,"column":21},"end":{"line":41,"column":42}},"24":{"start":{"line":42,"column":4},"end":{"line":42,"column":18}},"25":{"start":{"line":45,"column":24},"end":{"line":96,"column":3}},"26":{"start":{"line":46,"column":30},"end":{"line":46,"column":32}},"27":{"start":{"line":48,"column":4},"end":{"line":48,"column":55}},"28":{"start":{"line":48,"column":26},"end":{"line":48,"column":55}},"29":{"start":{"line":49,"column":4},"end":{"line":49,"column":57}},"30":{"start":{"line":49,"column":25},"end":{"line":49,"column":57}},"31":{"start":{"line":50,"column":4},"end":{"line":50,"column":54}},"32":{"start":{"line":50,"column":32},"end":{"line":50,"column":54}},"33":{"start":{"line":51,"column":4},"end":{"line":51,"column":54}},"34":{"start":{"line":51,"column":32},"end":{"line":51,"column":54}},"35":{"start":{"line":52,"column":4},"end":{"line":52,"column":45}},"36":{"start":{"line":52,"column":23},"end":{"line":52,"column":45}},"37":{"start":{"line":53,"column":4},"end":{"line":53,"column":47}},"38":{"start":{"line":53,"column":24},"end":{"line":53,"column":47}},"39":{"start":{"line":54,"column":4},"end":{"line":54,"column":47}},"40":{"start":{"line":54,"column":24},"end":{"line":54,"column":47}},"41":{"start":{"line":55,"column":4},"end":{"line":55,"column":62}},"42":{"start":{"line":55,"column":31},"end":{"line":55,"column":62}},"43":{"start":{"line":56,"column":4},"end":{"line":56,"column":57}},"44":{"start":{"line":56,"column":25},"end":{"line":56,"column":57}},"45":{"start":{"line":58,"column":4},"end":{"line":61,"column":5}},"46":{"start":{"line":59,"column":6},"end":{"line":59,"column":32}},"47":{"start":{"line":60,"column":6},"end":{"line":60,"column":13}},"48":{"start":{"line":63,"column":20},"end":{"line":77,"column":6}},"49":{"start":{"line":79,"column":4},"end":{"line":95,"column":5}},"50":{"start":{"line":80,"column":23},"end":{"line":84,"column":8}},"51":{"start":{"line":86,"column":19},"end":{"line":86,"column":40}},"52":{"start":{"line":87,"column":6},"end":{"line":91,"column":7}},"53":{"start":{"line":88,"column":8},"end":{"line":88,"column":27}},"54":{"start":{"line":90,"column":8},"end":{"line":90,"column":75}},"55":{"start":{"line":93,"column":6},"end":{"line":93,"column":44}},"56":{"start":{"line":94,"column":6},"end":{"line":94,"column":45}},"57":{"start":{"line":98,"column":2},"end":{"line":178,"column":4}},"58":{"start":{"line":135,"column":43},"end":{"line":135,"column":64}},"59":{"start":{"line":157,"column":39},"end":{"line":157,"column":62}},"60":{"start":{"line":168,"column":20},"end":{"line":168,"column":37}},"61":{"start":{"line":171,"column":39},"end":{"line":171,"column":59}}},"fnMap":{"0":{"name":"(anonymous_0)","decl":{"start":{"line":19,"column":33},"end":{"line":19,"column":36}},"loc":{"start":{"line":19,"column":38},"end":{"line":179,"column":1}}},"1":{"name":"(anonymous_1)","decl":{"start":{"line":38,"column":27},"end":{"line":38,"column":28}},"loc":{"start":{"line":38,"column":45},"end":{"line":43,"column":3}}},"2":{"name":"(anonymous_2)","decl":{"start":{"line":45,"column":24},"end":{"line":45,"column":29}},"loc":{"start":{"line":45,"column":35},"end":{"line":96,"column":3}}},"3":{"name":"(anonymous_3)","decl":{"start":{"line":135,"column":25},"end":{"line":135,"column":26}},"loc":{"start":{"line":135,"column":43},"end":{"line":135,"column":64}}},"4":{"name":"(anonymous_4)","decl":{"start":{"line":157,"column":33},"end":{"line":157,"column":36}},"loc":{"start":{"line":157,"column":39},"end":{"line":157,"column":62}}},"5":{"name":"(anonymous_5)","decl":{"start":{"line":167,"column":37},"end":{"line":167,"column":38}},"loc":{"start":{"line":168,"column":20},"end":{"line":168,"column":37}}},"6":{"name":"(anonymous_6)","decl":{"start":{"line":171,"column":33},"end":{"line":171,"column":36}},"loc":{"start":{"line":171,"column":39},"end":{"line":171,"column":59}}}},"branchMap":{"0":{"loc":{"start":{"line":35,"column":36},"end":{"line":35,"column":56}},"type":"binary-expr","locations":[{"start":{"line":35,"column":36},"end":{"line":35,"column":50}},{"start":{"line":35,"column":54},"end":{"line":35,"column":56}}]},"1":{"loc":{"start":{"line":39,"column":4},"end":{"line":39,"column":48}},"type":"if","locations":[{"start":{"line":39,"column":4},"end":{"line":39,"column":48}}]},"2":{"loc":{"start":{"line":40,"column":4},"end":{"line":40,"column":44}},"type":"if","locations":[{"start":{"line":40,"column":4},"end":{"line":40,"column":44}}]},"3":{"loc":{"start":{"line":41,"column":4},"end":{"line":41,"column":42}},"type":"if","locations":[{"start":{"line":41,"column":4},"end":{"line":41,"column":42}}]},"4":{"loc":{"start":{"line":48,"column":4},"end":{"line":48,"column":55}},"type":"if","locations":[{"start":{"line":48,"column":4},"end":{"line":48,"column":55}}]},"5":{"loc":{"start":{"line":49,"column":4},"end":{"line":49,"column":57}},"type":"if","locations":[{"start":{"line":49,"column":4},"end":{"line":49,"column":57}}]},"6":{"loc":{"start":{"line":50,"column":4},"end":{"line":50,"column":54}},"type":"if","locations":[{"start":{"line":50,"column":4},"end":{"line":50,"column":54}}]},"7":{"loc":{"start":{"line":50,"column":8},"end":{"line":50,"column":30}},"type":"binary-expr","locations":[{"start":{"line":50,"column":8},"end":{"line":50,"column":14}},{"start":{"line":50,"column":18},"end":{"line":50,"column":30}}]},"8":{"loc":{"start":{"line":51,"column":4},"end":{"line":51,"column":54}},"type":"if","locations":[{"start":{"line":51,"column":4},"end":{"line":51,"column":54}}]},"9":{"loc":{"start":{"line":51,"column":8},"end":{"line":51,"column":30}},"type":"binary-expr","locations":[{"start":{"line":51,"column":8},"end":{"line":51,"column":14}},{"start":{"line":51,"column":18},"end":{"line":51,"column":30}}]},"10":{"loc":{"start":{"line":52,"column":4},"end":{"line":52,"column":45}},"type":"if","locations":[{"start":{"line":52,"column":4},"end":{"line":52,"column":45}}]},"11":{"loc":{"start":{"line":53,"column":4},"end":{"line":53,"column":47}},"type":"if","locations":[{"start":{"line":53,"column":4},"end":{"line":53,"column":47}}]},"12":{"loc":{"start":{"line":54,"column":4},"end":{"line":54,"column":47}},"type":"if","locations":[{"start":{"line":54,"column":4},"end":{"line":54,"column":47}}]},"13":{"loc":{"start":{"line":55,"column":4},"end":{"line":55,"column":62}},"type":"if","locations":[{"start":{"line":55,"column":4},"end":{"line":55,"column":62}}]},"14":{"loc":{"start":{"line":56,"column":4},"end":{"line":56,"column":57}},"type":"if","locations":[{"start":{"line":56,"column":4},"end":{"line":56,"column":57}}]},"15":{"loc":{"start":{"line":58,"column":4},"end":{"line":61,"column":5}},"type":"if","locations":[{"start":{"line":58,"column":4},"end":{"line":61,"column":5}}]},"16":{"loc":{"start":{"line":87,"column":6},"end":{"line":91,"column":7}},"type":"if","locations":[{"start":{"line":87,"column":6},"end":{"line":91,"column":7}},{"start":{"line":89,"column":13},"end":{"line":91,"column":7}}]},"17":{"loc":{"start":{"line":90,"column":43},"end":{"line":90,"column":72}},"type":"binary-expr","locations":[{"start":{"line":90,"column":43},"end":{"line":90,"column":53}},{"start":{"line":90,"column":57},"end":{"line":90,"column":72}}]},"18":{"loc":{"start":{"line":143,"column":11},"end":{"line":159,"column":null}},"type":"binary-expr","locations":[{"start":{"line":143,"column":11},"end":{"line":143,"column":20}},{"start":{"line":144,"column":12},"end":{"line":158,"column":null}}]},"19":{"loc":{"start":{"line":162,"column":11},"end":{"line":173,"column":null}},"type":"binary-expr","locations":[{"start":{"line":162,"column":11},"end":{"line":162,"column":35}},{"start":{"line":163,"column":12},"end":{"line":172,"column":null}}]}},"s":{"0":0,"1":0,"2":0,"3":0,"4":0,"5":0,"6":0,"7":0,"8":0,"9":0,"10":0,"11":0,"12":0,"13":0,"14":0,"15":0,"16":0,"17":0,"18":0,"19":0,"20":0,"21":0,"22":0,"23":0,"24":0,"25":0,"26":0,"27":0,"28":0,"29":0,"30":0,"31":0,"32":0,"33":0,"34":0,"35":0,"36":0,"37":0,"38":0,"39":0,"40":0,"41":0,"42":0,"43":0,"44":0,"45":0,"46":0,"47":0,"48":0,"49":0,"50":0,"51":0,"52":0,"53":0,"54":0,"55":0,"56":0,"57":0,"58":0,"59":0,"60":0,"61":0},"f":{"0":0,"1":0,"2":0,"3":0,"4":0,"5":0,"6":0},"b":{"0":[0,0],"1":[0],"2":[0],"3":[0],"4":[0],"5":[0],"6":[0],"7":[0,0],"8":[0],"9":[0,0],"10":[0],"11":[0],"12":[0],"13":[0],"14":[0],"15":[0],"16":[0,0],"17":[0,0],"18":[0,0],"19":[0,0]}}
,"C:\\Users\\sunay\\OneDrive\\Desktop\\SDPROJECT\\local-artisan-marketplace\\client\\src\\Pages\\AdminDashboard.tsx": {"path":"C:\\Users\\sunay\\OneDrive\\Desktop\\SDPROJECT\\local-artisan-marketplace\\client\\src\\Pages\\AdminDashboard.tsx","statementMap":{"0":{"start":{"line":16,"column":40},"end":{"line":84,"column":1}},"1":{"start":{"line":17,"column":19},"end":{"line":17,"column":47}},"2":{"start":{"line":18,"column":36},"end":{"line":18,"column":60}},"3":{"start":{"line":19,"column":36},"end":{"line":24,"column":4}},"4":{"start":{"line":26,"column":2},"end":{"line":48,"column":9}},"5":{"start":{"line":27,"column":4},"end":{"line":47,"column":72}},"6":{"start":{"line":28,"column":21},"end":{"line":28,"column":31}},"7":{"start":{"line":30,"column":8},"end":{"line":30,"column":27}},"8":{"start":{"line":31,"column":23},"end":{"line":31,"column":51}},"9":{"start":{"line":31,"column":39},"end":{"line":31,"column":50}},"10":{"start":{"line":32,"column":21},"end":{"line":32,"column":45}},"11":{"start":{"line":32,"column":37},"end":{"line":32,"column":44}},"12":{"start":{"line":33,"column":8},"end":{"line":45,"column":11}},"13":{"start":{"line":47,"column":22},"end":{"line":47,"column":70}},"14":{"start":{"line":50,"column":21},"end":{"line":50,"column":67}},"15":{"start":{"line":50,"column":50},"end":{"line":50,"column":63}},"16":{"start":{"line":51,"column":14},"end":{"line":51,"column":24}},"17":{"start":{"line":52,"column":23},"end":{"line":52,"column":41}},"18":{"start":{"line":53,"column":21},"end":{"line":53,"column":68}},"19":{"start":{"line":53,"column":43},"end":{"line":53,"column":67}},"20":{"start":{"line":54,"column":23},"end":{"line":54,"column":45}},"21":{"start":{"line":55,"column":14},"end":{"line":56,"column":65}},"22":{"start":{"line":56,"column":4},"end":{"line":56,"column":65}},"23":{"start":{"line":58,"column":2},"end":{"line":83,"column":4}}},"fnMap":{"0":{"name":"(anonymous_0)","decl":{"start":{"line":16,"column":40},"end":{"line":16,"column":43}},"loc":{"start":{"line":16,"column":45},"end":{"line":84,"column":1}}},"1":{"name":"(anonymous_1)","decl":{"start":{"line":26,"column":12},"end":{"line":26,"column":15}},"loc":{"start":{"line":26,"column":17},"end":{"line":48,"column":3}}},"2":{"name":"(anonymous_2)","decl":{"start":{"line":28,"column":12},"end":{"line":28,"column":13}},"loc":{"start":{"line":28,"column":21},"end":{"line":28,"column":31}}},"3":{"name":"(anonymous_3)","decl":{"start":{"line":29,"column":12},"end":{"line":29,"column":13}},"loc":{"start":{"line":29,"column":33},"end":{"line":46,"column":7}}},"4":{"name":"(anonymous_4)","decl":{"start":{"line":31,"column":32},"end":{"line":31,"column":33}},"loc":{"start":{"line":31,"column":39},"end":{"line":31,"column":50}}},"5":{"name":"(anonymous_5)","decl":{"start":{"line":32,"column":30},"end":{"line":32,"column":31}},"loc":{"start":{"line":32,"column":37},"end":{"line":32,"column":44}}},"6":{"name":"(anonymous_6)","decl":{"start":{"line":47,"column":13},"end":{"line":47,"column":14}},"loc":{"start":{"line":47,"column":22},"end":{"line":47,"column":70}}},"7":{"name":"(anonymous_7)","decl":{"start":{"line":50,"column":38},"end":{"line":50,"column":39}},"loc":{"start":{"line":50,"column":50},"end":{"line":50,"column":63}}},"8":{"name":"(anonymous_8)","decl":{"start":{"line":53,"column":36},"end":{"line":53,"column":37}},"loc":{"start":{"line":53,"column":43},"end":{"line":53,"column":67}}},"9":{"name":"(anonymous_9)","decl":{"start":{"line":55,"column":14},"end":{"line":55,"column":15}},"loc":{"start":{"line":56,"column":4},"end":{"line":56,"column":65}}}},"branchMap":{"0":{"loc":{"start":{"line":54,"column":23},"end":{"line":54,"column":45}},"type":"binary-expr","locations":[{"start":{"line":54,"column":23},"end":{"line":54,"column":40}},{"start":{"line":54,"column":44},"end":{"line":54,"column":45}}]},"1":{"loc":{"start":{"line":77,"column":11},"end":{"line":78,"column":null}},"type":"binary-expr","locations":[{"start":{"line":77,"column":11},"end":{"line":77,"column":40}},{"start":{"line":78,"column":12},"end":{"line":78,"column":59}}]}},"s":{"0":0,"1":0,"2":0,"3":0,"4":0,"5":0,"6":0,"7":0,"8":0,"9":0,"10":0,"11":0,"12":0,"13":0,"14":0,"15":0,"16":0,"17":0,"18":0,"19":0,"20":0,"21":0,"22":0,"23":0},"f":{"0":0,"1":0,"2":0,"3":0,"4":0,"5":0,"6":0,"7":0,"8":0,"9":0},"b":{"0":[0,0],"1":[0,0]}}
,"C:\\Users\\sunay\\OneDrive\\Desktop\\SDPROJECT\\local-artisan-marketplace\\client\\src\\Pages\\BuyerOrders.tsx": {"path":"C:\\Users\\sunay\\OneDrive\\Desktop\\SDPROJECT\\local-artisan-marketplace\\client\\src\\Pages\\BuyerOrders.tsx","statementMap":{"0":{"start":{"line":18,"column":19},"end":{"line":18,"column":28}},"1":{"start":{"line":19,"column":30},"end":{"line":19,"column":55}},"2":{"start":{"line":20,"column":28},"end":{"line":20,"column":57}},"3":{"start":{"line":22,"column":2},"end":{"line":36,"column":23}},"4":{"start":{"line":23,"column":24},"end":{"line":33,"column":5}},"5":{"start":{"line":24,"column":6},"end":{"line":24,"column":34}},"6":{"start":{"line":24,"column":27},"end":{"line":24,"column":34}},"7":{"start":{"line":26,"column":6},"end":{"line":32,"column":7}},"8":{"start":{"line":27,"column":20},"end":{"line":27,"column":73}},"9":{"start":{"line":28,"column":8},"end":{"line":28,"column":28}},"10":{"start":{"line":30,"column":8},"end":{"line":30,"column":56}},"11":{"start":{"line":31,"column":8},"end":{"line":31,"column":43}},"12":{"start":{"line":35,"column":4},"end":{"line":35,"column":18}},"13":{"start":{"line":38,"column":24},"end":{"line":38,"column":70}},"14":{"start":{"line":38,"column":45},"end":{"line":38,"column":69}},"15":{"start":{"line":39,"column":25},"end":{"line":39,"column":71}},"16":{"start":{"line":39,"column":46},"end":{"line":39,"column":70}},"17":{"start":{"line":41,"column":2},"end":{"line":77,"column":4}},"18":{"start":{"line":47,"column":10},"end":{"line":48,"column":null}},"19":{"start":{"line":63,"column":10},"end":{"line":64,"column":null}}},"fnMap":{"0":{"name":"BuyerOrders","decl":{"start":{"line":17,"column":9},"end":{"line":17,"column":20}},"loc":{"start":{"line":17,"column":20},"end":{"line":78,"column":1}}},"1":{"name":"(anonymous_1)","decl":{"start":{"line":22,"column":12},"end":{"line":22,"column":15}},"loc":{"start":{"line":22,"column":17},"end":{"line":36,"column":3}}},"2":{"name":"(anonymous_2)","decl":{"start":{"line":23,"column":24},"end":{"line":23,"column":29}},"loc":{"start":{"line":23,"column":35},"end":{"line":33,"column":5}}},"3":{"name":"(anonymous_3)","decl":{"start":{"line":38,"column":38},"end":{"line":38,"column":39}},"loc":{"start":{"line":38,"column":45},"end":{"line":38,"column":69}}},"4":{"name":"(anonymous_4)","decl":{"start":{"line":39,"column":39},"end":{"line":39,"column":40}},"loc":{"start":{"line":39,"column":46},"end":{"line":39,"column":70}}},"5":{"name":"(anonymous_5)","decl":{"start":{"line":46,"column":27},"end":{"line":46,"column":28}},"loc":{"start":{"line":47,"column":10},"end":{"line":48,"column":null}}},"6":{"name":"(anonymous_6)","decl":{"start":{"line":62,"column":28},"end":{"line":62,"column":29}},"loc":{"start":{"line":63,"column":10},"end":{"line":64,"column":null}}}},"branchMap":{"0":{"loc":{"start":{"line":24,"column":6},"end":{"line":24,"column":34}},"type":"if","locations":[{"start":{"line":24,"column":6},"end":{"line":24,"column":34}}]},"1":{"loc":{"start":{"line":45,"column":9},"end":{"line":45,"column":64}},"type":"binary-expr","locations":[{"start":{"line":45,"column":9},"end":{"line":45,"column":35}},{"start":{"line":45,"column":39},"end":{"line":45,"column":64}}]},"2":{"loc":{"start":{"line":61,"column":9},"end":{"line":61,"column":66}},"type":"binary-expr","locations":[{"start":{"line":61,"column":9},"end":{"line":61,"column":36}},{"start":{"line":61,"column":40},"end":{"line":61,"column":66}}]},"3":{"loc":{"start":{"line":75,"column":7},"end":{"line":75,"column":30}},"type":"binary-expr","locations":[{"start":{"line":75,"column":7},"end":{"line":75,"column":12}},{"start":{"line":75,"column":16},"end":{"line":75,"column":30}}]}},"s":{"0":0,"1":0,"2":0,"3":0,"4":0,"5":0,"6":0,"7":0,"8":0,"9":0,"10":0,"11":0,"12":0,"13":0,"14":0,"15":0,"16":0,"17":0,"18":0,"19":0},"f":{"0":0,"1":0,"2":0,"3":0,"4":0,"5":0,"6":0},"b":{"0":[0],"1":[0,0],"2":[0,0],"3":[0,0]}}
,"C:\\Users\\sunay\\OneDrive\\Desktop\\SDPROJECT\\local-artisan-marketplace\\client\\src\\Pages\\Cart.tsx": {"path":"C:\\Users\\sunay\\OneDrive\\Desktop\\SDPROJECT\\local-artisan-marketplace\\client\\src\\Pages\\Cart.tsx","statementMap":{"0":{"start":{"line":11,"column":28},"end":{"line":11,"column":47}},"1":{"start":{"line":15,"column":18},"end":{"line":15,"column":30}},"2":{"start":{"line":16,"column":19},"end":{"line":16,"column":28}},"3":{"start":{"line":18,"column":33},"end":{"line":64,"column":3}},"4":{"start":{"line":19,"column":4},"end":{"line":22,"column":5}},"5":{"start":{"line":20,"column":6},"end":{"line":20,"column":56}},"6":{"start":{"line":21,"column":6},"end":{"line":21,"column":13}},"7":{"start":{"line":24,"column":30},"end":{"line":24,"column":39}},"8":{"start":{"line":25,"column":4},"end":{"line":25,"column":57}},"9":{"start":{"line":26,"column":4},"end":{"line":26,"column":54}},"10":{"start":{"line":27,"column":4},"end":{"line":27,"column":73}},"11":{"start":{"line":29,"column":17},"end":{"line":31,"column":6}},"12":{"start":{"line":33,"column":4},"end":{"line":63,"column":7}},"13":{"start":{"line":39,"column":8},"end":{"line":39,"column":55}},"14":{"start":{"line":41,"column":8},"end":{"line":44,"column":9}},"15":{"start":{"line":42,"column":10},"end":{"line":42,"column":65}},"16":{"start":{"line":43,"column":10},"end":{"line":43,"column":17}},"17":{"start":{"line":46,"column":8},"end":{"line":46,"column":60}},"18":{"start":{"line":48,"column":8},"end":{"line":61,"column":9}},"19":{"start":{"line":49,"column":27},"end":{"line":52,"column":12}},"20":{"start":{"line":54,"column":10},"end":{"line":54,"column":59}},"21":{"start":{"line":57,"column":10},"end":{"line":57,"column":43}},"22":{"start":{"line":59,"column":10},"end":{"line":59,"column":63}},"23":{"start":{"line":60,"column":10},"end":{"line":60,"column":83}},"24":{"start":{"line":66,"column":2},"end":{"line":100,"column":4}}},"fnMap":{"0":{"name":"Cart","decl":{"start":{"line":10,"column":9},"end":{"line":10,"column":13}},"loc":{"start":{"line":10,"column":13},"end":{"line":101,"column":1}}},"1":{"name":"(anonymous_1)","decl":{"start":{"line":18,"column":33},"end":{"line":18,"column":36}},"loc":{"start":{"line":18,"column":38},"end":{"line":64,"column":3}}},"2":{"name":"(anonymous_2)","decl":{"start":{"line":38,"column":16},"end":{"line":38,"column":21}},"loc":{"start":{"line":38,"column":43},"end":{"line":62,"column":7}}}},"branchMap":{"0":{"loc":{"start":{"line":19,"column":4},"end":{"line":22,"column":5}},"type":"if","locations":[{"start":{"line":19,"column":4},"end":{"line":22,"column":5}}]},"1":{"loc":{"start":{"line":19,"column":8},"end":{"line":19,"column":37}},"type":"binary-expr","locations":[{"start":{"line":19,"column":8},"end":{"line":19,"column":18}},{"start":{"line":19,"column":22},"end":{"line":19,"column":37}}]},"2":{"loc":{"start":{"line":41,"column":8},"end":{"line":44,"column":9}},"type":"if","locations":[{"start":{"line":41,"column":8},"end":{"line":44,"column":9}}]},"3":{"loc":{"start":{"line":60,"column":39},"end":{"line":60,"column":80}},"type":"binary-expr","locations":[{"start":{"line":60,"column":39},"end":{"line":60,"column":65}},{"start":{"line":60,"column":69},"end":{"line":60,"column":80}}]}},"s":{"0":0,"1":0,"2":0,"3":0,"4":0,"5":0,"6":0,"7":0,"8":0,"9":0,"10":0,"11":0,"12":0,"13":0,"14":0,"15":0,"16":0,"17":0,"18":0,"19":0,"20":0,"21":0,"22":0,"23":0,"24":0},"f":{"0":0,"1":0,"2":0},"b":{"0":[0],"1":[0,0],"2":[0],"3":[0,0]}}
,"C:\\Users\\sunay\\OneDrive\\Desktop\\SDPROJECT\\local-artisan-marketplace\\client\\src\\Pages\\EditProductPage.tsx": {"path":"C:\\Users\\sunay\\OneDrive\\Desktop\\SDPROJECT\\local-artisan-marketplace\\client\\src\\Pages\\EditProductPage.tsx","statementMap":{"0":{"start":{"line":16,"column":34},"end":{"line":248,"column":1}},"1":{"start":{"line":17,"column":17},"end":{"line":17,"column":28}},"2":{"start":{"line":18,"column":19},"end":{"line":18,"column":32}},"3":{"start":{"line":20,"column":34},"end":{"line":20,"column":46}},"4":{"start":{"line":21,"column":32},"end":{"line":21,"column":44}},"5":{"start":{"line":22,"column":28},"end":{"line":22,"column":39}},"6":{"start":{"line":23,"column":28},"end":{"line":23,"column":39}},"7":{"start":{"line":24,"column":28},"end":{"line":24,"column":39}},"8":{"start":{"line":25,"column":30},"end":{"line":25,"column":41}},"9":{"start":{"line":26,"column":30},"end":{"line":26,"column":41}},"10":{"start":{"line":27,"column":36},"end":{"line":27,"column":47}},"11":{"start":{"line":28,"column":44},"end":{"line":28,"column":56}},"12":{"start":{"line":29,"column":26},"end":{"line":29,"column":48}},"13":{"start":{"line":30,"column":42},"end":{"line":30,"column":54}},"14":{"start":{"line":31,"column":36},"end":{"line":31,"column":51}},"15":{"start":{"line":32,"column":44},"end":{"line":32,"column":66}},"16":{"start":{"line":33,"column":36},"end":{"line":33,"column":51}},"17":{"start":{"line":35,"column":26},"end":{"line":35,"column":43}},"18":{"start":{"line":37,"column":27},"end":{"line":42,"column":3}},"19":{"start":{"line":38,"column":4},"end":{"line":38,"column":48}},"20":{"start":{"line":38,"column":21},"end":{"line":38,"column":48}},"21":{"start":{"line":39,"column":4},"end":{"line":39,"column":44}},"22":{"start":{"line":39,"column":21},"end":{"line":39,"column":44}},"23":{"start":{"line":40,"column":4},"end":{"line":40,"column":42}},"24":{"start":{"line":40,"column":21},"end":{"line":40,"column":42}},"25":{"start":{"line":41,"column":4},"end":{"line":41,"column":18}},"26":{"start":{"line":44,"column":2},"end":{"line":79,"column":11}},"27":{"start":{"line":45,"column":25},"end":{"line":76,"column":5}},"28":{"start":{"line":46,"column":6},"end":{"line":75,"column":7}},"29":{"start":{"line":47,"column":20},"end":{"line":47,"column":59}},"30":{"start":{"line":48,"column":21},"end":{"line":48,"column":37}},"31":{"start":{"line":50,"column":8},"end":{"line":50,"column":45}},"32":{"start":{"line":51,"column":8},"end":{"line":51,"column":39}},"33":{"start":{"line":52,"column":8},"end":{"line":52,"column":42}},"34":{"start":{"line":53,"column":8},"end":{"line":53,"column":51}},"35":{"start":{"line":54,"column":8},"end":{"line":54,"column":42}},"36":{"start":{"line":55,"column":8},"end":{"line":55,"column":44}},"37":{"start":{"line":56,"column":8},"end":{"line":56,"column":44}},"38":{"start":{"line":57,"column":8},"end":{"line":57,"column":51}},"39":{"start":{"line":58,"column":8},"end":{"line":58,"column":33}},"40":{"start":{"line":59,"column":8},"end":{"line":59,"column":68}},"41":{"start":{"line":61,"column":8},"end":{"line":72,"column":10}},"42":{"start":{"line":74,"column":8},"end":{"line":74,"column":56}},"43":{"start":{"line":78,"column":4},"end":{"line":78,"column":19}},"44":{"start":{"line":81,"column":24},"end":{"line":149,"column":3}},"45":{"start":{"line":82,"column":30},"end":{"line":82,"column":32}},"46":{"start":{"line":84,"column":4},"end":{"line":84,"column":55}},"47":{"start":{"line":84,"column":26},"end":{"line":84,"column":55}},"48":{"start":{"line":85,"column":4},"end":{"line":85,"column":57}},"49":{"start":{"line":85,"column":25},"end":{"line":85,"column":57}},"50":{"start":{"line":86,"column":4},"end":{"line":86,"column":54}},"51":{"start":{"line":86,"column":32},"end":{"line":86,"column":54}},"52":{"start":{"line":87,"column":4},"end":{"line":87,"column":54}},"53":{"start":{"line":87,"column":32},"end":{"line":87,"column":54}},"54":{"start":{"line":88,"column":4},"end":{"line":88,"column":38}},"55":{"start":{"line":88,"column":16},"end":{"line":88,"column":38}},"56":{"start":{"line":89,"column":4},"end":{"line":89,"column":40}},"57":{"start":{"line":89,"column":17},"end":{"line":89,"column":40}},"58":{"start":{"line":90,"column":4},"end":{"line":90,"column":40}},"59":{"start":{"line":90,"column":17},"end":{"line":90,"column":40}},"60":{"start":{"line":91,"column":4},"end":{"line":91,"column":62}},"61":{"start":{"line":91,"column":31},"end":{"line":91,"column":62}},"62":{"start":{"line":92,"column":4},"end":{"line":92,"column":57}},"63":{"start":{"line":92,"column":25},"end":{"line":92,"column":57}},"64":{"start":{"line":94,"column":4},"end":{"line":97,"column":5}},"65":{"start":{"line":95,"column":6},"end":{"line":95,"column":32}},"66":{"start":{"line":96,"column":6},"end":{"line":96,"column":13}},"67":{"start":{"line":99,"column":20},"end":{"line":111,"column":6}},"68":{"start":{"line":113,"column":21},"end":{"line":113,"column":44}},"69":{"start":{"line":116,"column":6},"end":{"line":125,"column":54}},"70":{"start":{"line":127,"column":4},"end":{"line":130,"column":5}},"71":{"start":{"line":128,"column":6},"end":{"line":128,"column":25}},"72":{"start":{"line":129,"column":6},"end":{"line":129,"column":13}},"73":{"start":{"line":132,"column":4},"end":{"line":148,"column":5}},"74":{"start":{"line":133,"column":18},"end":{"line":137,"column":8}},"75":{"start":{"line":139,"column":6},"end":{"line":144,"column":7}},"76":{"start":{"line":140,"column":8},"end":{"line":140,"column":27}},"77":{"start":{"line":142,"column":21},"end":{"line":142,"column":37}},"78":{"start":{"line":143,"column":8},"end":{"line":143,"column":67}},"79":{"start":{"line":146,"column":6},"end":{"line":146,"column":44}},"80":{"start":{"line":147,"column":6},"end":{"line":147,"column":45}},"81":{"start":{"line":151,"column":2},"end":{"line":247,"column":4}},"82":{"start":{"line":192,"column":43},"end":{"line":192,"column":64}},"83":{"start":{"line":216,"column":39},"end":{"line":216,"column":62}},"84":{"start":{"line":227,"column":20},"end":{"line":227,"column":37}},"85":{"start":{"line":230,"column":39},"end":{"line":230,"column":59}},"86":{"start":{"line":240,"column":39},"end":{"line":240,"column":58}}},"fnMap":{"0":{"name":"(anonymous_0)","decl":{"start":{"line":16,"column":34},"end":{"line":16,"column":37}},"loc":{"start":{"line":16,"column":39},"end":{"line":248,"column":1}}},"1":{"name":"(anonymous_1)","decl":{"start":{"line":37,"column":27},"end":{"line":37,"column":28}},"loc":{"start":{"line":37,"column":45},"end":{"line":42,"column":3}}},"2":{"name":"(anonymous_2)","decl":{"start":{"line":44,"column":12},"end":{"line":44,"column":15}},"loc":{"start":{"line":44,"column":17},"end":{"line":79,"column":3}}},"3":{"name":"(anonymous_3)","decl":{"start":{"line":45,"column":25},"end":{"line":45,"column":30}},"loc":{"start":{"line":45,"column":36},"end":{"line":76,"column":5}}},"4":{"name":"(anonymous_4)","decl":{"start":{"line":81,"column":24},"end":{"line":81,"column":29}},"loc":{"start":{"line":81,"column":35},"end":{"line":149,"column":3}}},"5":{"name":"(anonymous_5)","decl":{"start":{"line":192,"column":25},"end":{"line":192,"column":26}},"loc":{"start":{"line":192,"column":43},"end":{"line":192,"column":64}}},"6":{"name":"(anonymous_6)","decl":{"start":{"line":216,"column":33},"end":{"line":216,"column":36}},"loc":{"start":{"line":216,"column":39},"end":{"line":216,"column":62}}},"7":{"name":"(anonymous_7)","decl":{"start":{"line":226,"column":37},"end":{"line":226,"column":38}},"loc":{"start":{"line":227,"column":20},"end":{"line":227,"column":37}}},"8":{"name":"(anonymous_8)","decl":{"start":{"line":230,"column":33},"end":{"line":230,"column":36}},"loc":{"start":{"line":230,"column":39},"end":{"line":230,"column":59}}},"9":{"name":"(anonymous_9)","decl":{"start":{"line":240,"column":33},"end":{"line":240,"column":36}},"loc":{"start":{"line":240,"column":39},"end":{"line":240,"column":58}}}},"branchMap":{"0":{"loc":{"start":{"line":38,"column":4},"end":{"line":38,"column":48}},"type":"if","locations":[{"start":{"line":38,"column":4},"end":{"line":38,"column":48}}]},"1":{"loc":{"start":{"line":39,"column":4},"end":{"line":39,"column":44}},"type":"if","locations":[{"start":{"line":39,"column":4},"end":{"line":39,"column":44}}]},"2":{"loc":{"start":{"line":40,"column":4},"end":{"line":40,"column":42}},"type":"if","locations":[{"start":{"line":40,"column":4},"end":{"line":40,"column":42}}]},"3":{"loc":{"start":{"line":50,"column":20},"end":{"line":50,"column":43}},"type":"binary-expr","locations":[{"start":{"line":50,"column":20},"end":{"line":50,"column":37}},{"start":{"line":50,"column":41},"end":{"line":50,"column":43}}]},"4":{"loc":{"start":{"line":51,"column":19},"end":{"line":51,"column":37}},"type":"binary-expr","locations":[{"start":{"line":51,"column":19},"end":{"line":51,"column":31}},{"start":{"line":51,"column":35},"end":{"line":51,"column":37}}]},"5":{"loc":{"start":{"line":52,"column":17},"end":{"line":52,"column":40}},"type":"binary-expr","locations":[{"start":{"line":52,"column":17},"end":{"line":52,"column":35}},{"start":{"line":52,"column":39},"end":{"line":52,"column":40}}]},"6":{"loc":{"start":{"line":53,"column":17},"end":{"line":53,"column":49}},"type":"binary-expr","locations":[{"start":{"line":53,"column":17},"end":{"line":53,"column":44}},{"start":{"line":53,"column":48},"end":{"line":53,"column":49}}]},"7":{"loc":{"start":{"line":54,"column":17},"end":{"line":54,"column":40}},"type":"binary-expr","locations":[{"start":{"line":54,"column":17},"end":{"line":54,"column":35}},{"start":{"line":54,"column":39},"end":{"line":54,"column":40}}]},"8":{"loc":{"start":{"line":55,"column":18},"end":{"line":55,"column":42}},"type":"binary-expr","locations":[{"start":{"line":55,"column":18},"end":{"line":55,"column":37}},{"start":{"line":55,"column":41},"end":{"line":55,"column":42}}]},"9":{"loc":{"start":{"line":56,"column":18},"end":{"line":56,"column":42}},"type":"binary-expr","locations":[{"start":{"line":56,"column":18},"end":{"line":56,"column":37}},{"start":{"line":56,"column":41},"end":{"line":56,"column":42}}]},"10":{"loc":{"start":{"line":57,"column":25},"end":{"line":57,"column":49}},"type":"binary-expr","locations":[{"start":{"line":57,"column":25},"end":{"line":57,"column":43}},{"start":{"line":57,"column":47},"end":{"line":57,"column":49}}]},"11":{"loc":{"start":{"line":58,"column":16},"end":{"line":58,"column":31}},"type":"binary-expr","locations":[{"start":{"line":58,"column":16},"end":{"line":58,"column":25}},{"start":{"line":58,"column":29},"end":{"line":58,"column":31}}]},"12":{"loc":{"start":{"line":59,"column":24},"end":{"line":59,"column":66}},"type":"binary-expr","locations":[{"start":{"line":59,"column":24},"end":{"line":59,"column":42}},{"start":{"line":59,"column":46},"end":{"line":59,"column":60}},{"start":{"line":59,"column":64},"end":{"line":59,"column":66}}]},"13":{"loc":{"start":{"line":62,"column":24},"end":{"line":62,"column":47}},"type":"binary-expr","locations":[{"start":{"line":62,"column":24},"end":{"line":62,"column":41}},{"start":{"line":62,"column":45},"end":{"line":62,"column":47}}]},"14":{"loc":{"start":{"line":63,"column":19},"end":{"line":63,"column":37}},"type":"binary-expr","locations":[{"start":{"line":63,"column":19},"end":{"line":63,"column":31}},{"start":{"line":63,"column":35},"end":{"line":63,"column":37}}]},"15":{"loc":{"start":{"line":64,"column":17},"end":{"line":64,"column":40}},"type":"binary-expr","locations":[{"start":{"line":64,"column":17},"end":{"line":64,"column":35}},{"start":{"line":64,"column":39},"end":{"line":64,"column":40}}]},"16":{"loc":{"start":{"line":65,"column":26},"end":{"line":65,"column":58}},"type":"binary-expr","locations":[{"start":{"line":65,"column":26},"end":{"line":65,"column":53}},{"start":{"line":65,"column":57},"end":{"line":65,"column":58}}]},"17":{"loc":{"start":{"line":66,"column":17},"end":{"line":66,"column":40}},"type":"binary-expr","locations":[{"start":{"line":66,"column":17},"end":{"line":66,"column":35}},{"start":{"line":66,"column":39},"end":{"line":66,"column":40}}]},"18":{"loc":{"start":{"line":67,"column":18},"end":{"line":67,"column":42}},"type":"binary-expr","locations":[{"start":{"line":67,"column":18},"end":{"line":67,"column":37}},{"start":{"line":67,"column":41},"end":{"line":67,"column":42}}]},"19":{"loc":{"start":{"line":68,"column":18},"end":{"line":68,"column":42}},"type":"binary-expr","locations":[{"start":{"line":68,"column":18},"end":{"line":68,"column":37}},{"start":{"line":68,"column":41},"end":{"line":68,"column":42}}]},"20":{"loc":{"start":{"line":69,"column":21},"end":{"line":69,"column":45}},"type":"binary-expr","locations":[{"start":{"line":69,"column":21},"end":{"line":69,"column":39}},{"start":{"line":69,"column":43},"end":{"line":69,"column":45}}]},"21":{"loc":{"start":{"line":70,"column":16},"end":{"line":70,"column":31}},"type":"binary-expr","locations":[{"start":{"line":70,"column":16},"end":{"line":70,"column":25}},{"start":{"line":70,"column":29},"end":{"line":70,"column":31}}]},"22":{"loc":{"start":{"line":71,"column":25},"end":{"line":71,"column":67}},"type":"binary-expr","locations":[{"start":{"line":71,"column":25},"end":{"line":71,"column":43}},{"start":{"line":71,"column":47},"end":{"line":71,"column":61}},{"start":{"line":71,"column":65},"end":{"line":71,"column":67}}]},"23":{"loc":{"start":{"line":84,"column":4},"end":{"line":84,"column":55}},"type":"if","locations":[{"start":{"line":84,"column":4},"end":{"line":84,"column":55}}]},"24":{"loc":{"start":{"line":85,"column":4},"end":{"line":85,"column":57}},"type":"if","locations":[{"start":{"line":85,"column":4},"end":{"line":85,"column":57}}]},"25":{"loc":{"start":{"line":86,"column":4},"end":{"line":86,"column":54}},"type":"if","locations":[{"start":{"line":86,"column":4},"end":{"line":86,"column":54}}]},"26":{"loc":{"start":{"line":86,"column":8},"end":{"line":86,"column":30}},"type":"binary-expr","locations":[{"start":{"line":86,"column":8},"end":{"line":86,"column":14}},{"start":{"line":86,"column":18},"end":{"line":86,"column":30}}]},"27":{"loc":{"start":{"line":87,"column":4},"end":{"line":87,"column":54}},"type":"if","locations":[{"start":{"line":87,"column":4},"end":{"line":87,"column":54}}]},"28":{"loc":{"start":{"line":87,"column":8},"end":{"line":87,"column":30}},"type":"binary-expr","locations":[{"start":{"line":87,"column":8},"end":{"line":87,"column":14}},{"start":{"line":87,"column":18},"end":{"line":87,"column":30}}]},"29":{"loc":{"start":{"line":88,"column":4},"end":{"line":88,"column":38}},"type":"if","locations":[{"start":{"line":88,"column":4},"end":{"line":88,"column":38}}]},"30":{"loc":{"start":{"line":89,"column":4},"end":{"line":89,"column":40}},"type":"if","locations":[{"start":{"line":89,"column":4},"end":{"line":89,"column":40}}]},"31":{"loc":{"start":{"line":90,"column":4},"end":{"line":90,"column":40}},"type":"if","locations":[{"start":{"line":90,"column":4},"end":{"line":90,"column":40}}]},"32":{"loc":{"start":{"line":91,"column":4},"end":{"line":91,"column":62}},"type":"if","locations":[{"start":{"line":91,"column":4},"end":{"line":91,"column":62}}]},"33":{"loc":{"start":{"line":92,"column":4},"end":{"line":92,"column":57}},"type":"if","locations":[{"start":{"line":92,"column":4},"end":{"line":92,"column":57}}]},"34":{"loc":{"start":{"line":94,"column":4},"end":{"line":97,"column":5}},"type":"if","locations":[{"start":{"line":94,"column":4},"end":{"line":97,"column":5}}]},"35":{"loc":{"start":{"line":116,"column":6},"end":{"line":125,"column":54}},"type":"binary-expr","locations":[{"start":{"line":116,"column":6},"end":{"line":116,"column":52}},{"start":{"line":117,"column":6},"end":{"line":117,"column":46}},{"start":{"line":118,"column":6},"end":{"line":118,"column":38}},{"start":{"line":119,"column":6},"end":{"line":119,"column":56}},{"start":{"line":120,"column":6},"end":{"line":120,"column":38}},{"start":{"line":121,"column":6},"end":{"line":121,"column":40}},{"start":{"line":122,"column":6},"end":{"line":122,"column":40}},{"start":{"line":123,"column":6},"end":{"line":123,"column":46}},{"start":{"line":124,"column":6},"end":{"line":124,"column":68}},{"start":{"line":125,"column":6},"end":{"line":125,"column":54}}]},"36":{"loc":{"start":{"line":127,"column":4},"end":{"line":130,"column":5}},"type":"if","locations":[{"start":{"line":127,"column":4},"end":{"line":130,"column":5}}]},"37":{"loc":{"start":{"line":139,"column":6},"end":{"line":144,"column":7}},"type":"if","locations":[{"start":{"line":139,"column":6},"end":{"line":144,"column":7}},{"start":{"line":141,"column":13},"end":{"line":144,"column":7}}]},"38":{"loc":{"start":{"line":143,"column":35},"end":{"line":143,"column":64}},"type":"binary-expr","locations":[{"start":{"line":143,"column":35},"end":{"line":143,"column":45}},{"start":{"line":143,"column":49},"end":{"line":143,"column":64}}]},"39":{"loc":{"start":{"line":200,"column":11},"end":{"line":218,"column":null}},"type":"binary-expr","locations":[{"start":{"line":200,"column":11},"end":{"line":200,"column":20}},{"start":{"line":201,"column":12},"end":{"line":217,"column":null}}]},"40":{"loc":{"start":{"line":221,"column":11},"end":{"line":232,"column":null}},"type":"binary-expr","locations":[{"start":{"line":221,"column":11},"end":{"line":221,"column":35}},{"start":{"line":222,"column":12},"end":{"line":231,"column":null}}]},"41":{"loc":{"start":{"line":235,"column":11},"end":{"line":242,"column":null}},"type":"binary-expr","locations":[{"start":{"line":235,"column":11},"end":{"line":235,"column":20}},{"start":{"line":236,"column":12},"end":{"line":241,"column":null}}]}},"s":{"0":0,"1":0,"2":0,"3":0,"4":0,"5":0,"6":0,"7":0,"8":0,"9":0,"10":0,"11":0,"12":0,"13":0,"14":0,"15":0,"16":0,"17":0,"18":0,"19":0,"20":0,"21":0,"22":0,"23":0,"24":0,"25":0,"26":0,"27":0,"28":0,"29":0,"30":0,"31":0,"32":0,"33":0,"34":0,"35":0,"36":0,"37":0,"38":0,"39":0,"40":0,"41":0,"42":0,"43":0,"44":0,"45":0,"46":0,"47":0,"48":0,"49":0,"50":0,"51":0,"52":0,"53":0,"54":0,"55":0,"56":0,"57":0,"58":0,"59":0,"60":0,"61":0,"62":0,"63":0,"64":0,"65":0,"66":0,"67":0,"68":0,"69":0,"70":0,"71":0,"72":0,"73":0,"74":0,"75":0,"76":0,"77":0,"78":0,"79":0,"80":0,"81":0,"82":0,"83":0,"84":0,"85":0,"86":0},"f":{"0":0,"1":0,"2":0,"3":0,"4":0,"5":0,"6":0,"7":0,"8":0,"9":0},"b":{"0":[0],"1":[0],"2":[0],"3":[0,0],"4":[0,0],"5":[0,0],"6":[0,0],"7":[0,0],"8":[0,0],"9":[0,0],"10":[0,0],"11":[0,0],"12":[0,0,0],"13":[0,0],"14":[0,0],"15":[0,0],"16":[0,0],"17":[0,0],"18":[0,0],"19":[0,0],"20":[0,0],"21":[0,0],"22":[0,0,0],"23":[0],"24":[0],"25":[0],"26":[0,0],"27":[0],"28":[0,0],"29":[0],"30":[0],"31":[0],"32":[0],"33":[0],"34":[0],"35":[0,0,0,0,0,0,0,0,0,0],"36":[0],"37":[0,0],"38":[0,0],"39":[0,0],"40":[0,0],"41":[0,0]}}
,"C:\\Users\\sunay\\OneDrive\\Desktop\\SDPROJECT\\local-artisan-marketplace\\client\\src\\Pages\\Home.tsx": {"path":"C:\\Users\\sunay\\OneDrive\\Desktop\\SDPROJECT\\local-artisan-marketplace\\client\\src\\Pages\\Home.tsx","statementMap":{"0":{"start":{"line":18,"column":38},"end":{"line":18,"column":61}},"1":{"start":{"line":20,"column":2},"end":{"line":28,"column":9}},"2":{"start":{"line":21,"column":4},"end":{"line":27,"column":71}},"3":{"start":{"line":24,"column":8},"end":{"line":24,"column":48}},"4":{"start":{"line":25,"column":8},"end":{"line":25,"column":30}},"5":{"start":{"line":27,"column":22},"end":{"line":27,"column":69}},"6":{"start":{"line":30,"column":2},"end":{"line":58,"column":4}},"7":{"start":{"line":36,"column":12},"end":{"line":36,"column":28}}},"fnMap":{"0":{"name":"Home","decl":{"start":{"line":17,"column":9},"end":{"line":17,"column":13}},"loc":{"start":{"line":17,"column":13},"end":{"line":59,"column":1}}},"1":{"name":"(anonymous_1)","decl":{"start":{"line":20,"column":12},"end":{"line":20,"column":15}},"loc":{"start":{"line":20,"column":17},"end":{"line":28,"column":3}}},"2":{"name":"(anonymous_2)","decl":{"start":{"line":23,"column":12},"end":{"line":23,"column":13}},"loc":{"start":{"line":23,"column":20},"end":{"line":26,"column":7}}},"3":{"name":"(anonymous_3)","decl":{"start":{"line":27,"column":13},"end":{"line":27,"column":14}},"loc":{"start":{"line":27,"column":22},"end":{"line":27,"column":69}}},"4":{"name":"(anonymous_4)","decl":{"start":{"line":35,"column":28},"end":{"line":35,"column":29}},"loc":{"start":{"line":36,"column":12},"end":{"line":36,"column":28}}}},"branchMap":{},"s":{"0":0,"1":0,"2":0,"3":0,"4":0,"5":0,"6":0,"7":0},"f":{"0":0,"1":0,"2":0,"3":0,"4":0},"b":{}}
,"C:\\Users\\sunay\\OneDrive\\Desktop\\SDPROJECT\\local-artisan-marketplace\\client\\src\\Pages\\LoginPage.tsx": {"path":"C:\\Users\\sunay\\OneDrive\\Desktop\\SDPROJECT\\local-artisan-marketplace\\client\\src\\Pages\\LoginPage.tsx","statementMap":{"0":{"start":{"line":10,"column":42},"end":{"line":10,"column":77}},"1":{"start":{"line":11,"column":46},"end":{"line":11,"column":81}},"2":{"start":{"line":12,"column":40},"end":{"line":12,"column":92}},"3":{"start":{"line":14,"column":46},"end":{"line":14,"column":67}},"4":{"start":{"line":15,"column":38},"end":{"line":15,"column":81}},"5":{"start":{"line":17,"column":19},"end":{"line":17,"column":32}},"6":{"start":{"line":19,"column":23},"end":{"line":23,"column":3}},"7":{"start":{"line":20,"column":16},"end":{"line":20,"column":50}},"8":{"start":{"line":21,"column":17},"end":{"line":21,"column":51}},"9":{"start":{"line":22,"column":4},"end":{"line":22,"column":56}},"10":{"start":{"line":25,"column":2},"end":{"line":101,"column":4}},"11":{"start":{"line":31,"column":36},"end":{"line":31,"column":56}},"12":{"start":{"line":33,"column":12},"end":{"line":33,"column":35}},"13":{"start":{"line":34,"column":12},"end":{"line":38,"column":13}},"14":{"start":{"line":35,"column":14},"end":{"line":35,"column":48}},"15":{"start":{"line":37,"column":14},"end":{"line":37,"column":38}},"16":{"start":{"line":46,"column":35},"end":{"line":46,"column":56}},"17":{"start":{"line":55,"column":16},"end":{"line":55,"column":40}},"18":{"start":{"line":56,"column":16},"end":{"line":56,"column":40}},"19":{"start":{"line":74,"column":29},"end":{"line":74,"column":50}}},"fnMap":{"0":{"name":"LoginPage","decl":{"start":{"line":9,"column":24},"end":{"line":9,"column":33}},"loc":{"start":{"line":9,"column":33},"end":{"line":102,"column":1}}},"1":{"name":"(anonymous_1)","decl":{"start":{"line":19,"column":23},"end":{"line":19,"column":26}},"loc":{"start":{"line":19,"column":28},"end":{"line":23,"column":3}}},"2":{"name":"(anonymous_2)","decl":{"start":{"line":31,"column":19},"end":{"line":31,"column":20}},"loc":{"start":{"line":31,"column":36},"end":{"line":31,"column":56}}},"3":{"name":"(anonymous_3)","decl":{"start":{"line":32,"column":28},"end":{"line":32,"column":29}},"loc":{"start":{"line":32,"column":44},"end":{"line":39,"column":11}}},"4":{"name":"(anonymous_4)","decl":{"start":{"line":46,"column":29},"end":{"line":46,"column":32}},"loc":{"start":{"line":46,"column":35},"end":{"line":46,"column":56}}},"5":{"name":"(anonymous_5)","decl":{"start":{"line":54,"column":23},"end":{"line":54,"column":26}},"loc":{"start":{"line":54,"column":28},"end":{"line":57,"column":15}}},"6":{"name":"(anonymous_6)","decl":{"start":{"line":74,"column":23},"end":{"line":74,"column":26}},"loc":{"start":{"line":74,"column":29},"end":{"line":74,"column":50}}}},"branchMap":{"0":{"loc":{"start":{"line":34,"column":12},"end":{"line":38,"column":13}},"type":"if","locations":[{"start":{"line":34,"column":12},"end":{"line":38,"column":13}},{"start":{"line":36,"column":19},"end":{"line":38,"column":13}}]},"1":{"loc":{"start":{"line":43,"column":9},"end":{"line":47,"column":null}},"type":"binary-expr","locations":[{"start":{"line":43,"column":9},"end":{"line":43,"column":21}},{"start":{"line":44,"column":10},"end":{"line":46,"column":null}}]},"2":{"loc":{"start":{"line":50,"column":9},"end":{"line":61,"column":null}},"type":"binary-expr","locations":[{"start":{"line":50,"column":9},"end":{"line":50,"column":23}},{"start":{"line":51,"column":10},"end":{"line":60,"column":null}}]},"3":{"loc":{"start":{"line":66,"column":7},"end":{"line":98,"column":null}},"type":"binary-expr","locations":[{"start":{"line":66,"column":7},"end":{"line":66,"column":21}},{"start":{"line":67,"column":8},"end":{"line":97,"column":null}}]}},"s":{"0":0,"1":0,"2":0,"3":0,"4":0,"5":0,"6":0,"7":0,"8":0,"9":0,"10":0,"11":0,"12":0,"13":0,"14":0,"15":0,"16":0,"17":0,"18":0,"19":0},"f":{"0":0,"1":0,"2":0,"3":0,"4":0,"5":0,"6":0},"b":{"0":[0,0],"1":[0,0],"2":[0,0],"3":[0,0]}}
,"C:\\Users\\sunay\\OneDrive\\Desktop\\SDPROJECT\\local-artisan-marketplace\\client\\src\\Pages\\PaymentPage.tsx": {"path":"C:\\Users\\sunay\\OneDrive\\Desktop\\SDPROJECT\\local-artisan-marketplace\\client\\src\\Pages\\PaymentPage.tsx","statementMap":{"0":{"start":{"line":12,"column":2},"end":{"line":26,"column":4}}},"fnMap":{"0":{"name":"PaymentPage","decl":{"start":{"line":11,"column":9},"end":{"line":11,"column":20}},"loc":{"start":{"line":11,"column":20},"end":{"line":27,"column":1}}}},"branchMap":{},"s":{"0":0},"f":{"0":0},"b":{}}
,"C:\\Users\\sunay\\OneDrive\\Desktop\\SDPROJECT\\local-artisan-marketplace\\client\\src\\Pages\\ProductPage.tsx": {"path":"C:\\Users\\sunay\\OneDrive\\Desktop\\SDPROJECT\\local-artisan-marketplace\\client\\src\\Pages\\ProductPage.tsx","statementMap":{"0":{"start":{"line":34,"column":17},"end":{"line":34,"column":28}},"1":{"start":{"line":35,"column":32},"end":{"line":35,"column":62}},"2":{"start":{"line":36,"column":32},"end":{"line":36,"column":62}},"3":{"start":{"line":37,"column":48},"end":{"line":37,"column":63}},"4":{"start":{"line":39,"column":2},"end":{"line":52,"column":11}},"5":{"start":{"line":40,"column":4},"end":{"line":51,"column":9}},"6":{"start":{"line":43,"column":8},"end":{"line":43,"column":29}},"7":{"start":{"line":44,"column":8},"end":{"line":44,"column":68}},"8":{"start":{"line":47,"column":8},"end":{"line":47,"column":36}},"9":{"start":{"line":50,"column":8},"end":{"line":50,"column":53}},"10":{"start":{"line":54,"column":2},"end":{"line":56,"column":3}},"11":{"start":{"line":55,"column":4},"end":{"line":55,"column":37}},"12":{"start":{"line":58,"column":2},"end":{"line":99,"column":4}},"13":{"start":{"line":62,"column":25},"end":{"line":62,"column":49}},"14":{"start":{"line":96,"column":38},"end":{"line":96,"column":63}}},"fnMap":{"0":{"name":"ProductPage","decl":{"start":{"line":33,"column":9},"end":{"line":33,"column":20}},"loc":{"start":{"line":33,"column":20},"end":{"line":100,"column":1}}},"1":{"name":"(anonymous_1)","decl":{"start":{"line":39,"column":12},"end":{"line":39,"column":15}},"loc":{"start":{"line":39,"column":17},"end":{"line":52,"column":3}}},"2":{"name":"(anonymous_2)","decl":{"start":{"line":42,"column":12},"end":{"line":42,"column":13}},"loc":{"start":{"line":42,"column":20},"end":{"line":45,"column":7}}},"3":{"name":"(anonymous_3)","decl":{"start":{"line":46,"column":12},"end":{"line":46,"column":13}},"loc":{"start":{"line":46,"column":27},"end":{"line":48,"column":7}}},"4":{"name":"(anonymous_4)","decl":{"start":{"line":49,"column":13},"end":{"line":49,"column":14}},"loc":{"start":{"line":49,"column":21},"end":{"line":51,"column":7}}},"5":{"name":"(anonymous_5)","decl":{"start":{"line":62,"column":19},"end":{"line":62,"column":22}},"loc":{"start":{"line":62,"column":25},"end":{"line":62,"column":49}}},"6":{"name":"(anonymous_6)","decl":{"start":{"line":96,"column":32},"end":{"line":96,"column":35}},"loc":{"start":{"line":96,"column":38},"end":{"line":96,"column":63}}}},"branchMap":{"0":{"loc":{"start":{"line":54,"column":2},"end":{"line":56,"column":3}},"type":"if","locations":[{"start":{"line":54,"column":2},"end":{"line":56,"column":3}}]},"1":{"loc":{"start":{"line":89,"column":22},"end":{"line":89,"column":45}},"type":"binary-expr","locations":[{"start":{"line":89,"column":22},"end":{"line":89,"column":39}},{"start":{"line":89,"column":43},"end":{"line":89,"column":45}}]},"2":{"loc":{"start":{"line":90,"column":23},"end":{"line":90,"column":47}},"type":"binary-expr","locations":[{"start":{"line":90,"column":23},"end":{"line":90,"column":41}},{"start":{"line":90,"column":45},"end":{"line":90,"column":47}}]},"3":{"loc":{"start":{"line":95,"column":7},"end":{"line":96,"column":null}},"type":"binary-expr","locations":[{"start":{"line":95,"column":7},"end":{"line":95,"column":22}},{"start":{"line":96,"column":8},"end":{"line":96,"column":67}}]}},"s":{"0":0,"1":0,"2":0,"3":0,"4":0,"5":0,"6":0,"7":0,"8":0,"9":0,"10":0,"11":0,"12":0,"13":0,"14":0},"f":{"0":0,"1":0,"2":0,"3":0,"4":0,"5":0,"6":0},"b":{"0":[0],"1":[0,0],"2":[0,0],"3":[0,0]}}
,"C:\\Users\\sunay\\OneDrive\\Desktop\\SDPROJECT\\local-artisan-marketplace\\client\\src\\Pages\\Profile.tsx": {"path":"C:\\Users\\sunay\\OneDrive\\Desktop\\SDPROJECT\\local-artisan-marketplace\\client\\src\\Pages\\Profile.tsx","statementMap":{"0":{"start":{"line":17,"column":19},"end":{"line":17,"column":32}},"1":{"start":{"line":18,"column":23},"end":{"line":18,"column":53}},"2":{"start":{"line":19,"column":19},"end":{"line":19,"column":28}},"3":{"start":{"line":21,"column":28},"end":{"line":21,"column":56}},"4":{"start":{"line":22,"column":34},"end":{"line":22,"column":64}},"5":{"start":{"line":23,"column":38},"end":{"line":23,"column":51}},"6":{"start":{"line":24,"column":28},"end":{"line":24,"column":40}},"7":{"start":{"line":25,"column":36},"end":{"line":25,"column":51}},"8":{"start":{"line":26,"column":42},"end":{"line":26,"column":91}},"9":{"start":{"line":28,"column":2},"end":{"line":57,"column":23}},"10":{"start":{"line":30,"column":6},"end":{"line":30,"column":34}},"11":{"start":{"line":30,"column":27},"end":{"line":30,"column":34}},"12":{"start":{"line":32,"column":6},"end":{"line":53,"column":7}},"13":{"start":{"line":33,"column":20},"end":{"line":33,"column":74}},"14":{"start":{"line":34,"column":21},"end":{"line":34,"column":29}},"15":{"start":{"line":36,"column":8},"end":{"line":36,"column":59}},"16":{"start":{"line":37,"column":8},"end":{"line":37,"column":38}},"17":{"start":{"line":39,"column":8},"end":{"line":43,"column":9}},"18":{"start":{"line":40,"column":10},"end":{"line":40,"column":34}},"19":{"start":{"line":42,"column":10},"end":{"line":42,"column":31}},"20":{"start":{"line":45,"column":27},"end":{"line":45,"column":81}},"21":{"start":{"line":46,"column":8},"end":{"line":50,"column":9}},"22":{"start":{"line":47,"column":10},"end":{"line":47,"column":83}},"23":{"start":{"line":49,"column":10},"end":{"line":49,"column":34}},"24":{"start":{"line":52,"column":8},"end":{"line":52,"column":70}},"25":{"start":{"line":56,"column":4},"end":{"line":56,"column":20}},"26":{"start":{"line":60,"column":4},"end":{"line":60,"column":34}},"27":{"start":{"line":64,"column":17},"end":{"line":64,"column":40}},"28":{"start":{"line":65,"column":4},"end":{"line":84,"column":5}},"29":{"start":{"line":66,"column":21},"end":{"line":66,"column":37}},"30":{"start":{"line":68,"column":6},"end":{"line":81,"column":8}},"31":{"start":{"line":69,"column":23},"end":{"line":69,"column":46}},"32":{"start":{"line":70,"column":8},"end":{"line":70,"column":25}},"33":{"start":{"line":72,"column":8},"end":{"line":80,"column":9}},"34":{"start":{"line":73,"column":10},"end":{"line":76,"column":13}},"35":{"start":{"line":77,"column":10},"end":{"line":77,"column":50}},"36":{"start":{"line":79,"column":10},"end":{"line":79,"column":66}},"37":{"start":{"line":83,"column":6},"end":{"line":83,"column":33}},"38":{"start":{"line":88,"column":4},"end":{"line":88,"column":31}},"39":{"start":{"line":92,"column":4},"end":{"line":92,"column":24}},"40":{"start":{"line":96,"column":4},"end":{"line":96,"column":25}},"41":{"start":{"line":97,"column":4},"end":{"line":97,"column":18}},"42":{"start":{"line":100,"column":2},"end":{"line":144,"column":4}},"43":{"start":{"line":114,"column":24},"end":{"line":114,"column":42}}},"fnMap":{"0":{"name":"Profile","decl":{"start":{"line":16,"column":9},"end":{"line":16,"column":16}},"loc":{"start":{"line":16,"column":16},"end":{"line":145,"column":1}}},"1":{"name":"(anonymous_1)","decl":{"start":{"line":28,"column":12},"end":{"line":28,"column":15}},"loc":{"start":{"line":28,"column":17},"end":{"line":57,"column":3}}},"2":{"name":"fetchUserInfo","decl":{"start":{"line":29,"column":19},"end":{"line":29,"column":32}},"loc":{"start":{"line":29,"column":32},"end":{"line":54,"column":5}}},"3":{"name":"openFilePicker","decl":{"start":{"line":59,"column":11},"end":{"line":59,"column":25}},"loc":{"start":{"line":59,"column":25},"end":{"line":61,"column":3}}},"4":{"name":"handleImageChange","decl":{"start":{"line":63,"column":11},"end":{"line":63,"column":28}},"loc":{"start":{"line":63,"column":71},"end":{"line":85,"column":3}}},"5":{"name":"(anonymous_5)","decl":{"start":{"line":68,"column":22},"end":{"line":68,"column":27}},"loc":{"start":{"line":68,"column":33},"end":{"line":81,"column":7}}},"6":{"name":"goToSellerSignup","decl":{"start":{"line":87,"column":11},"end":{"line":87,"column":27}},"loc":{"start":{"line":87,"column":27},"end":{"line":89,"column":3}}},"7":{"name":"closeModal","decl":{"start":{"line":91,"column":11},"end":{"line":91,"column":21}},"loc":{"start":{"line":91,"column":21},"end":{"line":93,"column":3}}},"8":{"name":"handleLogout","decl":{"start":{"line":95,"column":11},"end":{"line":95,"column":23}},"loc":{"start":{"line":95,"column":23},"end":{"line":98,"column":3}}},"9":{"name":"(anonymous_9)","decl":{"start":{"line":114,"column":18},"end":{"line":114,"column":21}},"loc":{"start":{"line":114,"column":24},"end":{"line":114,"column":42}}}},"branchMap":{"0":{"loc":{"start":{"line":22,"column":43},"end":{"line":22,"column":63}},"type":"binary-expr","locations":[{"start":{"line":22,"column":43},"end":{"line":22,"column":57}},{"start":{"line":22,"column":61},"end":{"line":22,"column":63}}]},"1":{"loc":{"start":{"line":30,"column":6},"end":{"line":30,"column":34}},"type":"if","locations":[{"start":{"line":30,"column":6},"end":{"line":30,"column":34}}]},"2":{"loc":{"start":{"line":36,"column":22},"end":{"line":36,"column":57}},"type":"binary-expr","locations":[{"start":{"line":36,"column":22},"end":{"line":36,"column":50}},{"start":{"line":36,"column":54},"end":{"line":36,"column":57}}]},"3":{"loc":{"start":{"line":37,"column":17},"end":{"line":37,"column":36}},"type":"binary-expr","locations":[{"start":{"line":37,"column":17},"end":{"line":37,"column":30}},{"start":{"line":37,"column":34},"end":{"line":37,"column":36}}]},"4":{"loc":{"start":{"line":39,"column":8},"end":{"line":43,"column":9}},"type":"if","locations":[{"start":{"line":39,"column":8},"end":{"line":43,"column":9}},{"start":{"line":41,"column":15},"end":{"line":43,"column":9}}]},"5":{"loc":{"start":{"line":46,"column":8},"end":{"line":50,"column":9}},"type":"if","locations":[{"start":{"line":46,"column":8},"end":{"line":50,"column":9}},{"start":{"line":48,"column":15},"end":{"line":50,"column":9}}]},"6":{"loc":{"start":{"line":47,"column":26},"end":{"line":47,"column":81}},"type":"cond-expr","locations":[{"start":{"line":47,"column":59},"end":{"line":47,"column":69}},{"start":{"line":47,"column":72},"end":{"line":47,"column":81}}]},"7":{"loc":{"start":{"line":65,"column":4},"end":{"line":84,"column":5}},"type":"if","locations":[{"start":{"line":65,"column":4},"end":{"line":84,"column":5}}]},"8":{"loc":{"start":{"line":65,"column":8},"end":{"line":65,"column":30}},"type":"binary-expr","locations":[{"start":{"line":65,"column":8},"end":{"line":65,"column":12}},{"start":{"line":65,"column":16},"end":{"line":65,"column":30}}]},"9":{"loc":{"start":{"line":132,"column":7},"end":{"line":141,"column":null}},"type":"binary-expr","locations":[{"start":{"line":132,"column":7},"end":{"line":132,"column":16}},{"start":{"line":133,"column":8},"end":{"line":140,"column":null}}]}},"s":{"0":0,"1":0,"2":0,"3":0,"4":0,"5":0,"6":0,"7":0,"8":0,"9":0,"10":0,"11":0,"12":0,"13":0,"14":0,"15":0,"16":0,"17":0,"18":0,"19":0,"20":0,"21":0,"22":0,"23":0,"24":0,"25":0,"26":0,"27":0,"28":0,"29":0,"30":0,"31":0,"32":0,"33":0,"34":0,"35":0,"36":0,"37":0,"38":0,"39":0,"40":0,"41":0,"42":0,"43":0},"f":{"0":0,"1":0,"2":0,"3":0,"4":0,"5":0,"6":0,"7":0,"8":0,"9":0},"b":{"0":[0,0],"1":[0],"2":[0,0],"3":[0,0],"4":[0,0],"5":[0,0],"6":[0,0],"7":[0],"8":[0,0],"9":[0,0]}}
,"C:\\Users\\sunay\\OneDrive\\Desktop\\SDPROJECT\\local-artisan-marketplace\\client\\src\\Pages\\QuestionsPage.tsx": {"path":"C:\\Users\\sunay\\OneDrive\\Desktop\\SDPROJECT\\local-artisan-marketplace\\client\\src\\Pages\\QuestionsPage.tsx","statementMap":{"0":{"start":{"line":13,"column":34},"end":{"line":13,"column":54}},"1":{"start":{"line":14,"column":50},"end":{"line":14,"column":72}},"2":{"start":{"line":15,"column":44},"end":{"line":15,"column":66}},"3":{"start":{"line":16,"column":36},"end":{"line":16,"column":51}},"4":{"start":{"line":17,"column":28},"end":{"line":17,"column":57}},"5":{"start":{"line":18,"column":32},"end":{"line":18,"column":44}},"6":{"start":{"line":19,"column":28},"end":{"line":19,"column":37}},"7":{"start":{"line":20,"column":19},"end":{"line":20,"column":32}},"8":{"start":{"line":23,"column":2},"end":{"line":33,"column":9}},"9":{"start":{"line":24,"column":22},"end":{"line":31,"column":5}},"10":{"start":{"line":25,"column":6},"end":{"line":30,"column":7}},"11":{"start":{"line":26,"column":20},"end":{"line":26,"column":65}},"12":{"start":{"line":27,"column":8},"end":{"line":27,"column":35}},"13":{"start":{"line":29,"column":8},"end":{"line":29,"column":51}},"14":{"start":{"line":32,"column":4},"end":{"line":32,"column":16}},"15":{"start":{"line":35,"column":27},"end":{"line":94,"column":3}},"16":{"start":{"line":36,"column":4},"end":{"line":36,"column":19}},"17":{"start":{"line":38,"column":4},"end":{"line":41,"column":5}},"18":{"start":{"line":39,"column":6},"end":{"line":39,"column":43}},"19":{"start":{"line":40,"column":6},"end":{"line":40,"column":13}},"20":{"start":{"line":43,"column":4},"end":{"line":46,"column":5}},"21":{"start":{"line":44,"column":6},"end":{"line":44,"column":66}},"22":{"start":{"line":45,"column":6},"end":{"line":45,"column":13}},"23":{"start":{"line":48,"column":4},"end":{"line":51,"column":5}},"24":{"start":{"line":49,"column":6},"end":{"line":49,"column":55}},"25":{"start":{"line":50,"column":6},"end":{"line":50,"column":13}},"26":{"start":{"line":53,"column":4},"end":{"line":93,"column":5}},"27":{"start":{"line":55,"column":23},"end":{"line":57,"column":8}},"28":{"start":{"line":59,"column":6},"end":{"line":62,"column":7}},"29":{"start":{"line":60,"column":8},"end":{"line":60,"column":71}},"30":{"start":{"line":61,"column":8},"end":{"line":61,"column":15}},"31":{"start":{"line":65,"column":24},"end":{"line":65,"column":51}},"32":{"start":{"line":66,"column":18},"end":{"line":70,"column":8}},"33":{"start":{"line":73,"column":26},"end":{"line":81,"column":8}},"34":{"start":{"line":83,"column":6},"end":{"line":83,"column":27}},"35":{"start":{"line":86,"column":6},"end":{"line":86,"column":25}},"36":{"start":{"line":87,"column":6},"end":{"line":87,"column":35}},"37":{"start":{"line":88,"column":6},"end":{"line":88,"column":21}},"38":{"start":{"line":90,"column":6},"end":{"line":90,"column":50}},"39":{"start":{"line":91,"column":6},"end":{"line":91,"column":58}},"40":{"start":{"line":92,"column":6},"end":{"line":92,"column":21}},"41":{"start":{"line":96,"column":2},"end":{"line":127,"column":4}},"42":{"start":{"line":123,"column":33},"end":{"line":123,"column":50}}},"fnMap":{"0":{"name":"QuestionsPage","decl":{"start":{"line":12,"column":9},"end":{"line":12,"column":22}},"loc":{"start":{"line":12,"column":22},"end":{"line":128,"column":1}}},"1":{"name":"(anonymous_1)","decl":{"start":{"line":23,"column":12},"end":{"line":23,"column":15}},"loc":{"start":{"line":23,"column":17},"end":{"line":33,"column":3}}},"2":{"name":"(anonymous_2)","decl":{"start":{"line":24,"column":22},"end":{"line":24,"column":27}},"loc":{"start":{"line":24,"column":33},"end":{"line":31,"column":5}}},"3":{"name":"(anonymous_3)","decl":{"start":{"line":35,"column":27},"end":{"line":35,"column":32}},"loc":{"start":{"line":35,"column":38},"end":{"line":94,"column":3}}},"4":{"name":"(anonymous_4)","decl":{"start":{"line":123,"column":27},"end":{"line":123,"column":30}},"loc":{"start":{"line":123,"column":33},"end":{"line":123,"column":50}}}},"branchMap":{"0":{"loc":{"start":{"line":38,"column":4},"end":{"line":41,"column":5}},"type":"if","locations":[{"start":{"line":38,"column":4},"end":{"line":41,"column":5}}]},"1":{"loc":{"start":{"line":43,"column":4},"end":{"line":46,"column":5}},"type":"if","locations":[{"start":{"line":43,"column":4},"end":{"line":46,"column":5}}]},"2":{"loc":{"start":{"line":48,"column":4},"end":{"line":51,"column":5}},"type":"if","locations":[{"start":{"line":48,"column":4},"end":{"line":51,"column":5}}]},"3":{"loc":{"start":{"line":59,"column":6},"end":{"line":62,"column":7}},"type":"if","locations":[{"start":{"line":59,"column":6},"end":{"line":62,"column":7}}]},"4":{"loc":{"start":{"line":112,"column":7},"end":{"line":112,"column":55}},"type":"binary-expr","locations":[{"start":{"line":112,"column":7},"end":{"line":112,"column":12}},{"start":{"line":112,"column":16},"end":{"line":112,"column":55}}]},"5":{"loc":{"start":{"line":114,"column":7},"end":{"line":124,"column":null}},"type":"binary-expr","locations":[{"start":{"line":114,"column":7},"end":{"line":114,"column":16}},{"start":{"line":115,"column":8},"end":{"line":123,"column":null}}]}},"s":{"0":0,"1":0,"2":0,"3":0,"4":0,"5":0,"6":0,"7":0,"8":0,"9":0,"10":0,"11":0,"12":0,"13":0,"14":0,"15":0,"16":0,"17":0,"18":0,"19":0,"20":0,"21":0,"22":0,"23":0,"24":0,"25":0,"26":0,"27":0,"28":0,"29":0,"30":0,"31":0,"32":0,"33":0,"34":0,"35":0,"36":0,"37":0,"38":0,"39":0,"40":0,"41":0,"42":0},"f":{"0":0,"1":0,"2":0,"3":0,"4":0},"b":{"0":[0],"1":[0],"2":[0],"3":[0],"4":[0,0],"5":[0,0]}}
,"C:\\Users\\sunay\\OneDrive\\Desktop\\SDPROJECT\\local-artisan-marketplace\\client\\src\\Pages\\Search.tsx": {"path":"C:\\Users\\sunay\\OneDrive\\Desktop\\SDPROJECT\\local-artisan-marketplace\\client\\src\\Pages\\Search.tsx","statementMap":{"0":{"start":{"line":2,"column":2},"end":{"line":2,"column":48}}},"fnMap":{"0":{"name":"Search","decl":{"start":{"line":1,"column":9},"end":{"line":1,"column":15}},"loc":{"start":{"line":1,"column":15},"end":{"line":3,"column":1}}}},"branchMap":{},"s":{"0":0},"f":{"0":0},"b":{}}
,"C:\\Users\\sunay\\OneDrive\\Desktop\\SDPROJECT\\local-artisan-marketplace\\client\\src\\Pages\\SearchPage.tsx": {"path":"C:\\Users\\sunay\\OneDrive\\Desktop\\SDPROJECT\\local-artisan-marketplace\\client\\src\\Pages\\SearchPage.tsx","statementMap":{"0":{"start":{"line":8,"column":2},"end":{"line":18,"column":4}}},"fnMap":{"0":{"name":"SearchPage","decl":{"start":{"line":7,"column":9},"end":{"line":7,"column":19}},"loc":{"start":{"line":7,"column":19},"end":{"line":19,"column":1}}}},"branchMap":{},"s":{"0":0},"f":{"0":0},"b":{}}
,"C:\\Users\\sunay\\OneDrive\\Desktop\\SDPROJECT\\local-artisan-marketplace\\client\\src\\Pages\\SellerHome.tsx": {"path":"C:\\Users\\sunay\\OneDrive\\Desktop\\SDPROJECT\\local-artisan-marketplace\\client\\src\\Pages\\SellerHome.tsx","statementMap":{"0":{"start":{"line":28,"column":19},"end":{"line":28,"column":28}},"1":{"start":{"line":29,"column":21},"end":{"line":29,"column":51}},"2":{"start":{"line":30,"column":32},"end":{"line":30,"column":62}},"3":{"start":{"line":31,"column":34},"end":{"line":31,"column":49}},"4":{"start":{"line":32,"column":38},"end":{"line":32,"column":61}},"5":{"start":{"line":33,"column":38},"end":{"line":33,"column":65}},"6":{"start":{"line":35,"column":2},"end":{"line":54,"column":17}},"7":{"start":{"line":36,"column":4},"end":{"line":36,"column":26}},"8":{"start":{"line":36,"column":19},"end":{"line":36,"column":26}},"9":{"start":{"line":38,"column":4},"end":{"line":53,"column":77}},"10":{"start":{"line":43,"column":38},"end":{"line":43,"column":46}},"11":{"start":{"line":44,"column":8},"end":{"line":44,"column":28}},"12":{"start":{"line":45,"column":8},"end":{"line":45,"column":30}},"13":{"start":{"line":47,"column":43},"end":{"line":48,"column":null}},"14":{"start":{"line":48,"column":47},"end":{"line":48,"column":76}},"15":{"start":{"line":51,"column":8},"end":{"line":51,"column":52}},"16":{"start":{"line":53,"column":22},"end":{"line":53,"column":75}},"17":{"start":{"line":57,"column":4},"end":{"line":59,"column":59}},"18":{"start":{"line":59,"column":35},"end":{"line":59,"column":58}},"19":{"start":{"line":61,"column":2},"end":{"line":82,"column":4}},"20":{"start":{"line":77,"column":12},"end":{"line":77,"column":42}}},"fnMap":{"0":{"name":"SellerHome","decl":{"start":{"line":27,"column":9},"end":{"line":27,"column":19}},"loc":{"start":{"line":27,"column":19},"end":{"line":83,"column":1}}},"1":{"name":"(anonymous_1)","decl":{"start":{"line":35,"column":12},"end":{"line":35,"column":15}},"loc":{"start":{"line":35,"column":17},"end":{"line":54,"column":3}}},"2":{"name":"(anonymous_2)","decl":{"start":{"line":42,"column":12},"end":{"line":42,"column":13}},"loc":{"start":{"line":42,"column":20},"end":{"line":52,"column":7}}},"3":{"name":"(anonymous_3)","decl":{"start":{"line":48,"column":31},"end":{"line":48,"column":32}},"loc":{"start":{"line":48,"column":47},"end":{"line":48,"column":76}}},"4":{"name":"(anonymous_4)","decl":{"start":{"line":53,"column":13},"end":{"line":53,"column":14}},"loc":{"start":{"line":53,"column":22},"end":{"line":53,"column":75}}},"5":{"name":"(anonymous_5)","decl":{"start":{"line":59,"column":28},"end":{"line":59,"column":29}},"loc":{"start":{"line":59,"column":35},"end":{"line":59,"column":58}}},"6":{"name":"(anonymous_6)","decl":{"start":{"line":76,"column":32},"end":{"line":76,"column":33}},"loc":{"start":{"line":77,"column":12},"end":{"line":77,"column":42}}}},"branchMap":{"0":{"loc":{"start":{"line":29,"column":30},"end":{"line":29,"column":50}},"type":"binary-expr","locations":[{"start":{"line":29,"column":30},"end":{"line":29,"column":44}},{"start":{"line":29,"column":48},"end":{"line":29,"column":50}}]},"1":{"loc":{"start":{"line":36,"column":4},"end":{"line":36,"column":26}},"type":"if","locations":[{"start":{"line":36,"column":4},"end":{"line":36,"column":26}}]},"2":{"loc":{"start":{"line":48,"column":47},"end":{"line":48,"column":76}},"type":"binary-expr","locations":[{"start":{"line":48,"column":47},"end":{"line":48,"column":57}},{"start":{"line":48,"column":61},"end":{"line":48,"column":76}}]},"3":{"loc":{"start":{"line":57,"column":4},"end":{"line":59,"column":59}},"type":"cond-expr","locations":[{"start":{"line":58,"column":8},"end":{"line":58,"column":20}},{"start":{"line":59,"column":8},"end":{"line":59,"column":59}}]},"4":{"loc":{"start":{"line":63,"column":7},"end":{"line":63,"column":46}},"type":"binary-expr","locations":[{"start":{"line":63,"column":7},"end":{"line":63,"column":14}},{"start":{"line":63,"column":18},"end":{"line":63,"column":46}}]}},"s":{"0":0,"1":0,"2":0,"3":0,"4":0,"5":0,"6":0,"7":0,"8":0,"9":0,"10":0,"11":0,"12":0,"13":0,"14":0,"15":0,"16":0,"17":0,"18":0,"19":0,"20":0},"f":{"0":0,"1":0,"2":0,"3":0,"4":0,"5":0,"6":0},"b":{"0":[0,0],"1":[0],"2":[0,0],"3":[0,0],"4":[0,0]}}
,"C:\\Users\\sunay\\OneDrive\\Desktop\\SDPROJECT\\local-artisan-marketplace\\client\\src\\Pages\\SellerOrdersPage.tsx": {"path":"C:\\Users\\sunay\\OneDrive\\Desktop\\SDPROJECT\\local-artisan-marketplace\\client\\src\\Pages\\SellerOrdersPage.tsx","statementMap":{"0":{"start":{"line":5,"column":35},"end":{"line":12,"column":1}},"1":{"start":{"line":6,"column":2},"end":{"line":11,"column":4}}},"fnMap":{"0":{"name":"(anonymous_0)","decl":{"start":{"line":5,"column":35},"end":{"line":5,"column":38}},"loc":{"start":{"line":5,"column":40},"end":{"line":12,"column":1}}}},"branchMap":{},"s":{"0":0,"1":0},"f":{"0":0},"b":{}}
,"C:\\Users\\sunay\\OneDrive\\Desktop\\SDPROJECT\\local-artisan-marketplace\\client\\src\\Pages\\SellerSignup.tsx": {"path":"C:\\Users\\sunay\\OneDrive\\Desktop\\SDPROJECT\\local-artisan-marketplace\\client\\src\\Pages\\SellerSignup.tsx","statementMap":{"0":{"start":{"line":5,"column":2},"end":{"line":9,"column":4}}},"fnMap":{"0":{"name":"SellerSignup","decl":{"start":{"line":4,"column":9},"end":{"line":4,"column":21}},"loc":{"start":{"line":4,"column":21},"end":{"line":10,"column":1}}}},"branchMap":{},"s":{"0":0},"f":{"0":0},"b":{}}
,"C:\\Users\\sunay\\OneDrive\\Desktop\\SDPROJECT\\local-artisan-marketplace\\client\\src\\Pages\\SellerStatsPage.tsx": {"path":"C:\\Users\\sunay\\OneDrive\\Desktop\\SDPROJECT\\local-artisan-marketplace\\client\\src\\Pages\\SellerStatsPage.tsx","statementMap":{"0":{"start":{"line":1,"column":0},"end":{"line":1,"column":51}},"1":{"start":{"line":2,"column":0},"end":{"line":2,"column":26}},"2":{"start":{"line":3,"column":0},"end":{"line":3,"column":47}},"3":{"start":{"line":4,"column":0},"end":{"line":4,"column":36}},"4":{"start":{"line":6,"column":0},"end":{"line":6,"column":57}},"5":{"start":{"line":7,"column":0},"end":{"line":7,"column":76}},"6":{"start":{"line":8,"column":0},"end":{"line":8,"column":82}},"7":{"start":{"line":10,"column":28},"end":{"line":49,"column":1}},"8":{"start":{"line":11,"column":19},"end":{"line":11,"column":28}},"9":{"start":{"line":12,"column":19},"end":{"line":12,"column":39}},"10":{"start":{"line":14,"column":46},"end":{"line":14,"column":57}},"11":{"start":{"line":15,"column":42},"end":{"line":15,"column":53}},"12":{"start":{"line":16,"column":2},"end":{"line":27,"column":17}},"13":{"start":{"line":17,"column":4},"end":{"line":17,"column":26}},"14":{"start":{"line":17,"column":19},"end":{"line":17,"column":26}},"15":{"start":{"line":18,"column":4},"end":{"line":26,"column":28}},"16":{"start":{"line":21,"column":31},"end":{"line":21,"column":44}},"17":{"start":{"line":22,"column":20},"end":{"line":22,"column":41}},"18":{"start":{"line":23,"column":8},"end":{"line":23,"column":42}},"19":{"start":{"line":24,"column":8},"end":{"line":24,"column":57}},"20":{"start":{"line":24,"column":46},"end":{"line":24,"column":51}},"21":{"start":{"line":29,"column":14},"end":{"line":29,"column":53}},"22":{"start":{"line":29,"column":29},"end":{"line":29,"column":53}},"23":{"start":{"line":31,"column":2},"end":{"line":48,"column":4}},"24":{"start":{"line":51,"column":0},"end":{"line":51,"column":25}}},"fnMap":{"0":{"name":"(anonymous_10)","decl":{"start":{"line":10,"column":28},"end":{"line":10,"column":31}},"loc":{"start":{"line":10,"column":33},"end":{"line":49,"column":1}}},"1":{"name":"(anonymous_11)","decl":{"start":{"line":16,"column":12},"end":{"line":16,"column":15}},"loc":{"start":{"line":16,"column":17},"end":{"line":27,"column":3}}},"2":{"name":"(anonymous_12)","decl":{"start":{"line":20,"column":12},"end":{"line":20,"column":13}},"loc":{"start":{"line":20,"column":20},"end":{"line":25,"column":7}}},"3":{"name":"(anonymous_13)","decl":{"start":{"line":24,"column":36},"end":{"line":24,"column":37}},"loc":{"start":{"line":24,"column":46},"end":{"line":24,"column":51}}},"4":{"name":"(anonymous_14)","decl":{"start":{"line":29,"column":14},"end":{"line":29,"column":15}},"loc":{"start":{"line":29,"column":29},"end":{"line":29,"column":53}}}},"branchMap":{"0":{"loc":{"start":{"line":12,"column":19},"end":{"line":12,"column":39}},"type":"binary-expr","locations":[{"start":{"line":12,"column":19},"end":{"line":12,"column":33}},{"start":{"line":12,"column":37},"end":{"line":12,"column":39}}]},"1":{"loc":{"start":{"line":17,"column":4},"end":{"line":17,"column":26}},"type":"if","locations":[{"start":{"line":17,"column":4},"end":{"line":17,"column":26}}]},"2":{"loc":{"start":{"line":23,"column":26},"end":{"line":23,"column":40}},"type":"binary-expr","locations":[{"start":{"line":23,"column":26},"end":{"line":23,"column":35}},{"start":{"line":23,"column":39},"end":{"line":23,"column":40}}]}},"s":{"0":1,"1":1,"2":1,"3":1,"4":1,"5":1,"6":1,"7":1,"8":3,"9":3,"10":3,"11":3,"12":3,"13":2,"14":0,"15":2,"16":1,"17":1,"18":1,"19":1,"20":12,"21":3,"22":6,"23":3,"24":1},"f":{"0":3,"1":2,"2":1,"3":12,"4":6},"b":{"0":[3,0],"1":[0],"2":[1,0]}}
,"C:\\Users\\sunay\\OneDrive\\Desktop\\SDPROJECT\\local-artisan-marketplace\\client\\src\\Pages\\SellerVerification.tsx": {"path":"C:\\Users\\sunay\\OneDrive\\Desktop\\SDPROJECT\\local-artisan-marketplace\\client\\src\\Pages\\SellerVerification.tsx","statementMap":{"0":{"start":{"line":9,"column":37},"end":{"line":74,"column":1}},"1":{"start":{"line":10,"column":32},"end":{"line":10,"column":54}},"2":{"start":{"line":12,"column":30},"end":{"line":19,"column":3}},"3":{"start":{"line":13,"column":4},"end":{"line":18,"column":5}},"4":{"start":{"line":14,"column":18},"end":{"line":14,"column":59}},"5":{"start":{"line":15,"column":6},"end":{"line":15,"column":27}},"6":{"start":{"line":17,"column":6},"end":{"line":17,"column":55}},"7":{"start":{"line":21,"column":24},"end":{"line":28,"column":3}},"8":{"start":{"line":22,"column":4},"end":{"line":27,"column":5}},"9":{"start":{"line":23,"column":18},"end":{"line":23,"column":76}},"10":{"start":{"line":24,"column":6},"end":{"line":24,"column":41}},"11":{"start":{"line":26,"column":6},"end":{"line":26,"column":54}},"12":{"start":{"line":30,"column":24},"end":{"line":37,"column":3}},"13":{"start":{"line":31,"column":4},"end":{"line":36,"column":5}},"14":{"start":{"line":32,"column":18},"end":{"line":32,"column":73}},"15":{"start":{"line":33,"column":6},"end":{"line":33,"column":41}},"16":{"start":{"line":35,"column":6},"end":{"line":35,"column":55}},"17":{"start":{"line":39,"column":2},"end":{"line":41,"column":9}},"18":{"start":{"line":40,"column":4},"end":{"line":40,"column":26}},"19":{"start":{"line":43,"column":29},"end":{"line":51,"column":3}},"20":{"start":{"line":44,"column":4},"end":{"line":44,"column":50}},"21":{"start":{"line":44,"column":26},"end":{"line":44,"column":50}},"22":{"start":{"line":45,"column":4},"end":{"line":45,"column":50}},"23":{"start":{"line":45,"column":26},"end":{"line":45,"column":50}},"24":{"start":{"line":46,"column":4},"end":{"line":50,"column":6}},"25":{"start":{"line":47,"column":6},"end":{"line":48,"column":null}},"26":{"start":{"line":48,"column":8},"end":{"line":48,"column":64}},"27":{"start":{"line":53,"column":2},"end":{"line":73,"column":4}},"28":{"start":{"line":60,"column":27},"end":{"line":60,"column":42}},"29":{"start":{"line":62,"column":14},"end":{"line":63,"column":null}},"30":{"start":{"line":65,"column":37},"end":{"line":65,"column":75}},"31":{"start":{"line":66,"column":33},"end":{"line":66,"column":71}},"32":{"start":{"line":67,"column":32},"end":{"line":67,"column":70}}},"fnMap":{"0":{"name":"(anonymous_0)","decl":{"start":{"line":9,"column":37},"end":{"line":9,"column":40}},"loc":{"start":{"line":9,"column":42},"end":{"line":74,"column":1}}},"1":{"name":"(anonymous_1)","decl":{"start":{"line":12,"column":30},"end":{"line":12,"column":35}},"loc":{"start":{"line":12,"column":41},"end":{"line":19,"column":3}}},"2":{"name":"(anonymous_2)","decl":{"start":{"line":21,"column":24},"end":{"line":21,"column":29}},"loc":{"start":{"line":21,"column":51},"end":{"line":28,"column":3}}},"3":{"name":"(anonymous_3)","decl":{"start":{"line":30,"column":24},"end":{"line":30,"column":29}},"loc":{"start":{"line":30,"column":51},"end":{"line":37,"column":3}}},"4":{"name":"(anonymous_4)","decl":{"start":{"line":39,"column":12},"end":{"line":39,"column":15}},"loc":{"start":{"line":39,"column":17},"end":{"line":41,"column":3}}},"5":{"name":"(anonymous_5)","decl":{"start":{"line":43,"column":29},"end":{"line":43,"column":30}},"loc":{"start":{"line":43,"column"
[...]
,"C:\\Users\\sunay\\OneDrive\\Desktop\\SDPROJECT\\local-artisan-marketplace\\client\\src\\components\\ShopFrontComp\\ProductGrid.tsx": {"path":"C:\\Users\\sunay\\OneDrive\\Desktop\\SDPROJECT\\local-artisan-marketplace\\client\\src\\components\\ShopFrontComp\\ProductGrid.tsx","statementMap":{"0":{"start":{"line":18,"column":2},"end":{"line":35,"column":4}},"1":{"start":{"line":21,"column":8},"end":{"line":22,"column":null}}},"fnMap":{"0":{"name":"ProductGrid","decl":{"start":{"line":17,"column":9},"end":{"line":17,"column":20}},"loc":{"start":{"line":17,"column":40},"end":{"line":36,"column":1}}},"1":{"name":"(anonymous_1)","decl":{"start":{"line":20,"column":20},"end":{"line":20,"column":21}},"loc":{"start":{"line":21,"column":8},"end":{"line":22,"column":null}}}},"branchMap":{},"s":{"0":0,"1":0},"f":{"0":0,"1":0},"b":{}}
,"C:\\Users\\sunay\\OneDrive\\Desktop\\SDPROJECT\\local-artisan-marketplace\\client\\src\\components\\ShopFrontComp\\ReportShop.tsx": {"path":"C:\\Users\\sunay\\OneDrive\\Desktop\\SDPROJECT\\local-artisan-marketplace\\client\\src\\components\\ShopFrontComp\\ReportShop.tsx","statementMap":{"0":{"start":{"line":9,"column":30},"end":{"line":9,"column":42}},"1":{"start":{"line":10,"column":32},"end":{"line":10,"column":44}},"2":{"start":{"line":11,"column":28},"end":{"line":11,"column":55}},"3":{"start":{"line":14,"column":4},"end":{"line":16,"column":5}},"4":{"start":{"line":15,"column":6},"end":{"line":15,"column":34}},"5":{"start":{"line":20,"column":4},"end":{"line":20,"column":23}},"6":{"start":{"line":22,"column":21},"end":{"line":22,"column":35}},"7":{"start":{"line":23,"column":4},"end":{"line":23,"column":38}},"8":{"start":{"line":24,"column":4},"end":{"line":24,"column":40}},"9":{"start":{"line":25,"column":4},"end":{"line":27,"column":5}},"10":{"start":{"line":26,"column":6},"end":{"line":26,"column":38}},"11":{"start":{"line":30,"column":4},"end":{"line":30,"column":14}},"12":{"start":{"line":33,"column":2},"end":{"line":87,"column":4}},"13":{"start":{"line":42,"column":29},"end":{"line":42,"column":54}},"14":{"start":{"line":63,"column":29},"end":{"line":63,"column":55}}},"fnMap":{"0":{"name":"ReportShop","decl":{"start":{"line":8,"column":9},"end":{"line":8,"column":19}},"loc":{"start":{"line":8,"column":38},"end":{"line":88,"column":1}}},"1":{"name":"handleImageChange","decl":{"start":{"line":13,"column":11},"end":{"line":13,"column":28}},"loc":{"start":{"line":13,"column":61},"end":{"line":17,"column":3}}},"2":{"name":"handleSubmit","decl":{"start":{"line":19,"column":11},"end":{"line":19,"column":23}},"loc":{"start":{"line":19,"column":36},"end":{"line":31,"column":3}}},"3":{"name":"(anonymous_3)","decl":{"start":{"line":42,"column":22},"end":{"line":42,"column":23}},"loc":{"start":{"line":42,"column":29},"end":{"line":42,"column":54}}},"4":{"name":"(anonymous_4)","decl":{"start":{"line":63,"column":22},"end":{"line":63,"column":23}},"loc":{"start":{"line":63,"column":29},"end":{"line":63,"column":55}}}},"branchMap":{"0":{"loc":{"start":{"line":14,"column":4},"end":{"line":16,"column":5}},"type":"if","locations":[{"start":{"line":14,"column":4},"end":{"line":16,"column":5}}]},"1":{"loc":{"start":{"line":14,"column":8},"end":{"line":14,"column":51}},"type":"binary-expr","locations":[{"start":{"line":14,"column":8},"end":{"line":14,"column":22}},{"start":{"line":14,"column":26},"end":{"line":14,"column":51}}]},"2":{"loc":{"start":{"line":25,"column":4},"end":{"line":27,"column":5}},"type":"if","locations":[{"start":{"line":25,"column":4},"end":{"line":27,"column":5}}]}},"s":{"0":0,"1":0,"2":0,"3":0,"4":0,"5":0,"6":0,"7":0,"8":0,"9":0,"10":0,"11":0,"12":0,"13":0,"14":0},"f":{"0":0,"1":0,"2":0,"3":0,"4":0},"b":{"0":[0],"1":[0,0],"2":[0]}}
,"C:\\Users\\sunay\\OneDrive\\Desktop\\SDPROJECT\\local-artisan-marketplace\\client\\src\\components\\SignUpPageComp\\GoogleSignUpButton.tsx": {"path":"C:\\Users\\sunay\\OneDrive\\Desktop\\SDPROJECT\\local-artisan-marketplace\\client\\src\\components\\SignUpPageComp\\GoogleSignUpButton.tsx","statementMap":{"0":{"start":{"line":20,"column":22},"end":{"line":20,"column":31}},"1":{"start":{"line":21,"column":19},"end":{"line":21,"column":32}},"2":{"start":{"line":22,"column":42},"end":{"line":22,"column":71}},"3":{"start":{"line":24,"column":16},"end":{"line":68,"column":4}},"4":{"start":{"line":26,"column":6},"end":{"line":62,"column":7}},"5":{"start":{"line":27,"column":20},"end":{"line":33,"column":null}},"6":{"start":{"line":36,"column":25},"end":{"line":36,"column":33}},"7":{"start":{"line":37,"column":24},"end":{"line":37,"column":36}},"8":{"start":{"line":39,"column":25},"end":{"line":41,"column":10}},"9":{"start":{"line":43,"column":8},"end":{"line":46,"column":9}},"10":{"start":{"line":44,"column":10},"end":{"line":44,"column":73}},"11":{"start":{"line":45,"column":10},"end":{"line":45,"column":17}},"12":{"start":{"line":48,"column":24},"end":{"line":55,"column":10}},"13":{"start":{"line":57,"column":8},"end":{"line":57,"column":25}},"14":{"start":{"line":58,"column":8},"end":{"line":58,"column":35}},"15":{"start":{"line":60,"column":8},"end":{"line":60,"column":59}},"16":{"start":{"line":61,"column":8},"end":{"line":61,"column":66}},"17":{"start":{"line":65,"column":6},"end":{"line":65,"column":50}},"18":{"start":{"line":66,"column":6},"end":{"line":66,"column":64}},"19":{"start":{"line":70,"column":2},"end":{"line":87,"column":4}},"20":{"start":{"line":72,"column":29},"end":{"line":72,"column":36}}},"fnMap":{"0":{"name":"GoogleSignUpButton","decl":{"start":{"line":19,"column":16},"end":{"line":19,"column":34}},"loc":{"start":{"line":19,"column":34},"end":{"line":88,"column":1}}},"1":{"name":"(anonymous_1)","decl":{"start":{"line":25,"column":15},"end":{"line":25,"column":20}},"loc":{"start":{"line":25,"column":39},"end":{"line":63,"column":5}}},"2":{"name":"(anonymous_2)","decl":{"start":{"line":64,"column":13},"end":{"line":64,"column":14}},"loc":{"start":{"line":64,"column":23},"end":{"line":67,"column":5}}},"3":{"name":"(anonymous_3)","decl":{"start":{"line":72,"column":23},"end":{"line":72,"column":26}},"loc":{"start":{"line":72,"column":29},"end":{"line":72,"column":36}}}},"branchMap":{"0":{"loc":{"start":{"line":43,"column":8},"end":{"line":46,"column":9}},"type":"if","locations":[{"start":{"line":43,"column":8},"end":{"line":46,"column":9}}]},"1":{"loc":{"start":{"line":81,"column":7},"end":{"line":84,"column":null}},"type":"binary-expr","locations":[{"start":{"line":81,"column":7},"end":{"line":81,"column":19}},{"start":{"line":82,"column":8},"end":{"line":83,"column":null}}]}},"s":{"0":0,"1":0,"2":0,"3":0,"4":0,"5":0,"6":0,"7":0,"8":0,"9":0,"10":0,"11":0,"12":0,"13":0,"14":0,"15":0,"16":0,"17":0,"18":0,"19":0,"20":0},"f":{"0":0,"1":0,"2":0,"3":0},"b":{"0":[0],"1":[0,0]}}
,"C:\\Users\\sunay\\OneDrive\\Desktop\\SDPROJECT\\local-artisan-marketplace\\client\\src\\components\\SignUpPageComp\\LoginPrompt.tsx": {"path":"C:\\Users\\sunay\\OneDrive\\Desktop\\SDPROJECT\\local-artisan-marketplace\\client\\src\\components\\SignUpPageComp\\LoginPrompt.tsx","statementMap":{"0":{"start":{"line":6,"column":2},"end":{"line":13,"column":4}}},"fnMap":{"0":{"name":"LoginPrompt","decl":{"start":{"line":5,"column":16},"end":{"line":5,"column":27}},"loc":{"start":{"line":5,"column":27},"end":{"line":14,"column":1}}}},"branchMap":{},"s":{"0":0},"f":{"0":0},"b":{}}
,"C:\\Users\\sunay\\OneDrive\\Desktop\\SDPROJECT\\local-artisan-marketplace\\client\\src\\components\\SignUpPageComp\\Logo.tsx": {"path":"C:\\Users\\sunay\\OneDrive\\Desktop\\SDPROJECT\\local-artisan-marketplace\\client\\src\\components\\SignUpPageComp\\Logo.tsx","statementMap":{"0":{"start":{"line":5,"column":2},"end":{"line":13,"column":4}}},"fnMap":{"0":{"name":"Logo","decl":{"start":{"line":4,"column":16},"end":{"line":4,"column":20}},"loc":{"start":{"line":4,"column":20},"end":{"line":14,"column":1}}}},"branchMap":{},"s":{"0":0},"f":{"0":0},"b":{}}
,"C:\\Users\\sunay\\OneDrive\\Desktop\\SDPROJECT\\local-artisan-marketplace\\client\\src\\components\\UserReportsComp\\SearchBar.tsx": {"path":"C:\\Users\\sunay\\OneDrive\\Desktop\\SDPROJECT\\local-artisan-marketplace\\client\\src\\components\\UserReportsComp\\SearchBar.tsx","statementMap":{"0":{"start":{"line":9,"column":41},"end":{"line":22,"column":1}},"1":{"start":{"line":10,"column":2},"end":{"line":21,"column":4}},"2":{"start":{"line":17,"column":25},"end":{"line":17,"column":49}}},"fnMap":{"0":{"name":"(anonymous_0)","decl":{"start":{"line":9,"column":41},"end":{"line":9,"column":42}},"loc":{"start":{"line":9,"column":65},"end":{"line":22,"column":1}}},"1":{"name":"(anonymous_1)","decl":{"start":{"line":17,"column":18},"end":{"line":17,"column":19}},"loc":{"start":{"line":17,"column":25},"end":{"line":17,"column":49}}}},"branchMap":{},"s":{"0":0,"1":0,"2":0},"f":{"0":0,"1":0},"b":{}}
,"C:\\Users\\sunay\\OneDrive\\Desktop\\SDPROJECT\\local-artisan-marketplace\\client\\src\\components\\UserReportsComp\\UserReportCard.tsx": {"path":"C:\\Users\\sunay\\OneDrive\\Desktop\\SDPROJECT\\local-artisan-marketplace\\client\\src\\components\\UserReportsComp\\UserReportCard.tsx","statementMap":{"0":{"start":{"line":18,"column":46},"end":{"line":23,"column":2}},"1":{"start":{"line":25,"column":54},"end":{"line":184,"column":1}},"2":{"start":{"line":36,"column":30},"end":{"line":36,"column":61}},"3":{"start":{"line":37,"column":42},"end":{"line":37,"column":57}},"4":{"start":{"line":38,"column":34},"end":{"line":38,"column":49}},"5":{"start":{"line":39,"column":28},"end":{"line":39,"column":85}},"6":{"start":{"line":40,"column":48},"end":{"line":40,"column":63}},"7":{"start":{"line":42,"column":16},"end":{"line":42,"column":50}},"8":{"start":{"line":44,"column":20},"end":{"line":46,"column":3}},"9":{"start":{"line":45,"column":4},"end":{"line":45,"column":32}},"10":{"start":{"line":48,"column":21},"end":{"line":48,"column":41}},"11":{"start":{"line":48,"column":27},"end":{"line":48,"column":41}},"12":{"start":{"line":50,"column":23},"end":{"line":65,"column":3}},"13":{"start":{"line":51,"column":4},"end":{"line":51,"column":22}},"14":{"start":{"line":52,"column":4},"end":{"line":64,"column":5}},"15":{"start":{"line":53,"column":6},"end":{"line":57,"column":9}},"16":{"start":{"line":58,"column":6},"end":{"line":58,"column":27}},"17":{"start":{"line":60,"column":6},"end":{"line":60,"column":53}},"18":{"start":{"line":61,"column":6},"end":{"line":61,"column":53}},"19":{"start":{"line":63,"column":6},"end":{"line":63,"column":25}},"20":{"start":{"line":67,"column":30},"end":{"line":70,"column":3}},"21":{"start":{"line":68,"column":23},"end":{"line":68,"column":67}},"22":{"start":{"line":69,"column":4},"end":{"line":69,"column":56}},"23":{"start":{"line":69,"column":31},"end":{"line":69,"column":56}},"24":{"start":{"line":72,"column":30},"end":{"line":81,"column":3}},"25":{"start":{"line":73,"column":4},"end":{"line":80,"column":5}},"26":{"start":{"line":74,"column":6},"end":{"line":74,"column":67}},"27":{"start":{"line":75,"column":6},"end":{"line":75,"column":28}},"28":{"start":{"line":76,"column":6},"end":{"line":76,"column":31}},"29":{"start":{"line":78,"column":6},"end":{"line":78,"column":52}},"30":{"start":{"line":79,"column":6},"end":{"line":79,"column":54}},"31":{"start":{"line":83,"column":28},"end":{"line":94,"column":3}},"32":{"start":{"line":84,"column":4},"end":{"line":93,"column":5}},"33":{"start":{"line":85,"column":6},"end":{"line":87,"column":9}},"34":{"start":{"line":88,"column":6},"end":{"line":88,"column":28}},"35":{"start":{"line":89,"column":6},"end":{"line":89,"column":31}},"36":{"start":{"line":91,"column":6},"end":{"line":91,"column":51}},"37":{"start":{"line":92,"column":6},"end":{"line":92,"column":52}},"38":{"start":{"line":96,"column":2},"end":{"line":183,"column":4}},"39":{"start":{"line":175,"column":29},"end":{"line":175,"column":59}}},"fnMap":{"0":{"name":"(anonymous_0)","decl":{"start":{"line":25,"column":54},"end":{"line":25,"column":55}},"loc":{"start":{"line":35,"column":5},"end":{"line":184,"column":1}}},"1":{"name":"(anonymous_1)","decl":{"start":{"line":44,"column":20},"end":{"line":44,"column":21}},"loc":{"start":{"line":44,"column":55},"end":{"line":46,"column":3}}},"2":{"name":"(anonymous_2)","decl":{"start":{"line":48,"column":21},"end":{"line":48,"column":24}},"loc":{"start":{"line":48,"column":27},"end":{"line":48,"column":41}}},"3":{"name":"(anonymous_3)","decl":{"start":{"line":50,"column":23},"end":{"line":50,"column":28}},"loc":{"start":{"line":50,"column":51},"end":{"line":65,"column":3}}},"4":{"name":"(anonymous_4)","decl":{"start":{"line":67,"column":30},"end":{"line":67,"column":33}},"loc":{"start":{"line":67,"column":35},"end":{"line":70,"column":3}}},"5":{"name":"(anonymous_5)","decl":{"start":{"line":72,"column":30},"end":{"line":72,"column":35}},"loc":{"start":{"line":72,"column":41},"end":{"line":81,"column":3}}},"6":{"name":"(anonymous_6)","decl":{"start":{"line":83,"column":28},"end":{"line":83,"column":33}},"loc":{"start":{"line":83,"column":39},"end":{"line":94,"column":3}}},"7":{"name":"(anonymous_7)","decl":{"start":{"line":175,"column":23},"end":{"line":175,"column":26}},"loc":{"start":{"line":175,"column":29},"end":{"line":175,"column":59}}}},"branchMap":{"0":{"loc":{"start":{"line":42,"column":16},"end":{"line":42,"column":50}},"type":"binary-expr","locations":[{"start":{"line":42,"column":16},"end":{"line":42,"column":37}},{"start":{"line":42,"column":41},"end":{"line":42,"column":50}}]},"1":{"loc":{"start":{"line":68,"column":23},"end":{"line":68,"column":67}},"type":"cond-expr","locations":[{"start":{"line":68,"column":38},"end":{"line":68,"column":39}},{"start":{"line":68,"column":42},"end":{"line":68,"column":67}}]},"2":{"loc":{"start":{"line":68,"column":42},"end":{"line":68,"column":67}},"type":"cond-expr","locations":[{"start":{"line":68,"column":57},"end":{"line":68,"column":58}},{"start":{"line":68,"column":61},"end":{"line":68,"column":67}}]},"3":{"loc":{"start":{"line":69,"column":4},"end":{"line":69,"column":56}},"type":"if","locations":[{"start":{"line":69,"column":4},"end":{"line":69,"column":56}}]},"4":{"loc":{"start":{"line":98,"column":7},"end":{"line":105,"column":null}},"type":"binary-expr","locations":[{"start":{"line":98,"column":7},"end":{"line":98,"column":12}},{"start":{"line":99,"column":8},"end":{"line":104,"column":null}}]},"5":{"loc":{"start":{"line":135,"column":9},"end":{"line":147,"column":null}},"type":"binary-expr","locations":[{"start":{"line":135,"column":9},"end":{"line":135,"column":21}},{"start":{"line":136,"column":10},"end":{"line":146,"column":null}}]},"6":{"loc":{"start":{"line":138,"column":13},"end":{"line":145,"column":null}},"type":"cond-expr","locations":[{"start":{"line":139,"column":14},"end":{"line":142,"column":null}},{"start":{"line":145,"column":14},"end":{"line":145,"column":38}}]},"7":{"loc":{"start":{"line":150,"column":9},"end":{"line":179,"column":null}},"type":"binary-expr","locations":[{"start":{"line":150,"column":9},"end":{"line":150,"column":25}},{"start":{"line":151,"column":10},"end":{"line":178,"column":null}}]},"8":{"loc":{"start":{"line":152,"column":13},"end":{"line":159,"column":null}},"type":"binary-expr","locations":[{"start":{"line":152,"column":13},"end":{"line":152,"column":23}},{"start":{"line":153,"column":14},"end":{"line":158,"column":null}}]},"9":{"loc":{"start":{"line":158,"column":17},"end":{"line":158,"column":70}},"type":"cond-expr","locations":[{"start":{"line":158,"column":32},"end":{"line":158,"column":45}},{"start":{"line":158,"column":48},"end":{"line":158,"column":70}}]},"10":{"loc":{"start":{"line":162,"column":13},"end":{"line":170,"column":null}},"type":"binary-expr","locations":[{"start":{"line":162,"column":13},"end":{"line":162,"column":25}},{"start":{"line":163,"column":14},"end":{"line":169,"column":null}}]},"11":{"loc":{"start":{"line":177,"column":15},"end":{"line":177,"column":63}},"type":"cond-expr","locations":[{"start":{"line":177,"column":30},"end":{"line":177,"column":45}},{"start":{"line":177,"column":48},"end":{"line":177,"column":63}}]}},"s":{"0":0,"1":0,"2":0,"3":0,"4":0,"5":0,"6":0,"7":0,"8":0,"9":0,"10":0,"11":0,"12":0,"13":0,"14":0,"15":0,"16":0,"17":0,"18":0,"19":0,"20":0,"21":0,"22":0,"23":0,"24":0,"25":0,"26":0,"27":0,"28":0,"29":0,"30":0,"31":0,"32":0,"33":0,"34":0,"35":0,"36":0,"37":0,"38":0,"39":0},"f":{"0":0,"1":0,"2":0,"3":0,"4":0,"5":0,"6":0,"7":0},"b":{"0":[0,0],"1":[0,0],"2":[0,0],"3":[0],"4":[0,0],"5":[0,0],"6":[0,0],"7":[0,0],"8":[0,0],"9":[0,0],"10":[0,0],"11":[0,0]}}
,"C:\\Users\\sunay\\OneDrive\\Desktop\\SDPROJECT\\local-artisan-marketplace\\client\\src\\components\\WelcomePageComp\\ActionButtons.tsx": {"path":"C:\\Users\\sunay\\OneDrive\\Desktop\\SDPROJECT\\local-artisan-marketplace\\client\\src\\components\\WelcomePageComp\\ActionButtons.tsx","statementMap":{"0":{"start":{"line":7,"column":2},"end":{"line":27,"column":4}}},"fnMap":{"0":{"name":"ActionButtons","decl":{"start":{"line":6,"column":16},"end":{"line":6,"column":29}},"loc":{"start":{"line":6,"column":29},"end":{"line":28,"column":1}}}},"branchMap":{},"s":{"0":0},"f":{"0":0},"b":{}}
,"C:\\Users\\sunay\\OneDrive\\Desktop\\SDPROJECT\\local-artisan-marketplace\\client\\src\\components\\WelcomePageComp\\Logo.tsx": {"path":"C:\\Users\\sunay\\OneDrive\\Desktop\\SDPROJECT\\local-artisan-marketplace\\client\\src\\components\\WelcomePageComp\\Logo.tsx","statementMap":{"0":{"start":{"line":5,"column":2},"end":{"line":13,"column":4}}},"fnMap":{"0":{"name":"Logo","decl":{"start":{"line":4,"column":16},"end":{"line":4,"column":20}},"loc":{"start":{"line":4,"column":20},"end":{"line":14,"column":1}}}},"branchMap":{},"s":{"0":0},"f":{"0":0},"b":{}}
,"C:\\Users\\sunay\\OneDrive\\Desktop\\SDPROJECT\\local-artisan-marketplace\\client\\src\\layouts\\MainLayout.tsx": {"path":"C:\\Users\\sunay\\OneDrive\\Desktop\\SDPROJECT\\local-artisan-marketplace\\client\\src\\layouts\\MainLayout.tsx","statementMap":{"0":{"start":{"line":6,"column":2},"end":{"line":12,"column":4}}},"fnMap":{"0":{"name":"MainLayout","decl":{"start":{"line":5,"column":24},"end":{"line":5,"column":34}},"loc":{"start":{"line":5,"column":34},"end":{"line":13,"column":1}}}},"branchMap":{},"s":{"0":0},"f":{"0":0},"b":{}}
,"C:\\Users\\sunay\\OneDrive\\Desktop\\SDPROJECT\\local-artisan-marketplace\\client\\src\\layouts\\SellerLayout.tsx": {"path":"C:\\Users\\sunay\\OneDrive\\Desktop\\SDPROJECT\\local-artisan-marketplace\\client\\src\\layouts\\SellerLayout.tsx","statementMap":{"0":{"start":{"line":6,"column":31},"end":{"line":10,"column":null}},"1":{"start":{"line":7,"column":2},"end":{"line":9,"column":null}}},"fnMap":{"0":{"name":"(anonymous_0)","decl":{"start":{"line":6,"column":31},"end":{"line":6,"column":34}},"loc":{"start":{"line":7,"column":2},"end":{"line":9,"column":null}}}},"branchMap":{},"s":{"0":0,"1":0},"f":{"0":0},"b":{}}
,"C:\\Users\\sunay\\OneDrive\\Desktop\\SDPROJECT\\local-artisan-marketplace\\client\\src\\utils\\getYocoKey.ts": {"path":"C:\\Users\\sunay\\OneDrive\\Desktop\\SDPROJECT\\local-artisan-marketplace\\client\\src\\utils\\getYocoKey.ts","statementMap":{"0":{"start":{"line":2,"column":2},"end":{"line":2,"column":46}}},"fnMap":{"0":{"name":"getYocoKey","decl":{"start":{"line":1,"column":16},"end":{"line":1,"column":26}},"loc":{"start":{"line":1,"column":26},"end":{"line":3,"column":1}}}},"branchMap":{},"s":{"0":0},"f":{"0":0},"b":{}}
}
