{"C:\\Users\\sunay\\OneDrive\\Desktop\\SDPROJECT\\local-artisan-marketplace\\client\\src\\App.tsx": {"path":"C:\\Users\\sunay\\OneDrive\\Desktop\\SDPROJECT\\local-artisan-marketplace\\client\\src\\App.tsx","statementMap":{"0":{"start":{"line":20,"column":2},"end":{"line":45,"column":4}}},"fnMap":{"0":{"name":"App","decl":{"start":{"line":19,"column":9},"end":{"line":19,"column":12}},"loc":{"start":{"line":19,"column":12},"end":{"line":46,"column":1}}}},"branchMap":{},"s":{"0":0},"f":{"0":0},"b":{}}
,"C:\\Users\\sunay\\OneDrive\\Desktop\\SDPROJECT\\local-artisan-marketplace\\client\\src\\UserTable.tsx": {"path":"C:\\Users\\sunay\\OneDrive\\Desktop\\SDPROJECT\\local-artisan-marketplace\\client\\src\\UserTable.tsx","statementMap":{"0":{"start":{"line":13,"column":18},"end":{"line":65,"column":1}},"1":{"start":{"line":14,"column":28},"end":{"line":14,"column":48}},"2":{"start":{"line":15,"column":32},"end":{"line":15,"column":46}},"3":{"start":{"line":17,"column":2},"end":{"line":28,"column":9}},"4":{"start":{"line":18,"column":4},"end":{"line":27,"column":9}},"5":{"start":{"line":19,"column":21},"end":{"line":19,"column":31}},"6":{"start":{"line":21,"column":8},"end":{"line":21,"column":23}},"7":{"start":{"line":22,"column":8},"end":{"line":22,"column":26}},"8":{"start":{"line":25,"column":8},"end":{"line":25,"column":54}},"9":{"start":{"line":26,"column":8},"end":{"line":26,"column":26}},"10":{"start":{"line":30,"column":2},"end":{"line":30,"column":46}},"11":{"start":{"line":30,"column":15},"end":{"line":30,"column":46}},"12":{"start":{"line":31,"column":2},"end":{"line":31,"column":56}},"13":{"start":{"line":31,"column":26},"end":{"line":31,"column":56}},"14":{"start":{"line":33,"column":2},"end":{"line":64,"column":4}},"15":{"start":{"line":52,"column":10},"end":{"line":52,"column":null}}},"fnMap":{"0":{"name":"(anonymous_0)","decl":{"start":{"line":13,"column":18},"end":{"line":13,"column":21}},"loc":{"start":{"line":13,"column":23},"end":{"line":65,"column":1}}},"1":{"name":"(anonymous_1)","decl":{"start":{"line":17,"column":12},"end":{"line":17,"column":15}},"loc":{"start":{"line":17,"column":17},"end":{"line":28,"column":3}}},"2":{"name":"(anonymous_2)","decl":{"start":{"line":19,"column":12},"end":{"line":19,"column":13}},"loc":{"start":{"line":19,"column":21},"end":{"line":19,"column":31}}},"3":{"name":"(anonymous_3)","decl":{"start":{"line":20,"column":12},"end":{"line":20,"column":13}},"loc":{"start":{"line":20,"column":21},"end":{"line":23,"column":7}}},"4":{"name":"(anonymous_4)","decl":{"start":{"line":24,"column":13},"end":{"line":24,"column":14}},"loc":{"start":{"line":24,"column":21},"end":{"line":27,"column":7}}},"5":{"name":"(anonymous_5)","decl":{"start":{"line":51,"column":19},"end":{"line":51,"column":20}},"loc":{"start":{"line":52,"column":10},"end":{"line":52,"column":null}}}},"branchMap":{"0":{"loc":{"start":{"line":30,"column":2},"end":{"line":30,"column":46}},"type":"if","locations":[{"start":{"line":30,"column":2},"end":{"line":30,"column":46}}]},"1":{"loc":{"start":{"line":31,"column":2},"end":{"line":31,"column":56}},"type":"if","locations":[{"start":{"line":31,"column":2},"end":{"line":31,"column":56}}]}},"s":{"0":0,"1":0,"2":0,"3":0,"4":0,"5":0,"6":0,"7":0,"8":0,"9":0,"10":0,"11":0,"12":0,"13":0,"14":0,"15":0},"f":{"0":0,"1":0,"2":0,"3":0,"4":0,"5":0},"b":{"0":[0],"1":[0]}}
,"C:\\Users\\sunay\\OneDrive\\Desktop\\SDPROJECT\\local-artisan-marketplace\\client\\src\\main.tsx": {"path":"C:\\Users\\sunay\\OneDrive\\Desktop\\SDPROJECT\\local-artisan-marketplace\\client\\src\\main.tsx","statementMap":{"0":{"start":{"line":9,"column":0},"end":{"line":15,"column":2}}},"fnMap":{},"branchMap":{},"s":{"0":0},"f":{},"b":{}}
,"C:\\Users\\sunay\\OneDrive\\Desktop\\SDPROJECT\\local-artisan-marketplace\\client\\src\\Pages\\AdminDashboard.tsx": {"path":"C:\\Users\\sunay\\OneDrive\\Desktop\\SDPROJECT\\local-artisan-marketplace\\client\\src\\Pages\\AdminDashboard.tsx","statementMap":{"0":{"start":{"line":9,"column":40},"end":{"line":65,"column":1}},"1":{"start":{"line":10,"column":19},"end":{"line":10,"column":32}},"2":{"start":{"line":11,"column":19},"end":{"line":11,"column":63}},"3":{"start":{"line":11,"column":37},"end":{"line":11,"column":63}},"4":{"start":{"line":13,"column":2},"end":{"line":64,"column":4}}},"fnMap":{"0":{"name":"(anonymous_0)","decl":{"start":{"line":9,"column":40},"end":{"line":9,"column":43}},"loc":{"start":{"line":9,"column":45},"end":{"line":65,"column":1}}},"1":{"name":"(anonymous_1)","decl":{"start":{"line":11,"column":19},"end":{"line":11,"column":20}},"loc":{"start":{"line":11,"column":37},"end":{"line":11,"column":63}}}},"branchMap":{"0":{"loc":{"start":{"line":21,"column":42},"end":{"line":21,"column":97}},"type":"cond-expr","locations":[{"start":{"line":21,"column":72},"end":{"line":21,"column":92}},{"start":{"line":21,"column":95},"end":{"line":21,"column":97}}]},"1":{"loc":{"start":{"line":28,"column":42},"end":{"line":28,"column":94}},"type":"cond-expr","locations":[{"start":{"line":28,"column":69},"end":{"line":28,"column":89}},{"start":{"line":28,"column":92},"end":{"line":28,"column":94}}]},"2":{"loc":{"start":{"line":35,"column":42},"end":{"line":35,"column":101}},"type":"cond-expr","locations":[{"start":{"line":35,"column":76},"end":{"line":35,"column":96}},{"start":{"line":35,"column":99},"end":{"line":35,"column":101}}]}},"s":{"0":0,"1":0,"2":0,"3":0,"4":0},"f":{"0":0,"1":0},"b":{"0":[0,0],"1":[0,0],"2":[0,0]}}
,"C:\\Users\\sunay\\OneDrive\\Desktop\\SDPROJECT\\local-artisan-marketplace\\client\\src\\Pages\\Cart.tsx": {"path":"C:\\Users\\sunay\\OneDrive\\Desktop\\SDPROJECT\\local-artisan-marketplace\\client\\src\\Pages\\Cart.tsx","statementMap":{"0":{"start":{"line":2,"column":4},"end":{"line":2,"column":50}}},"fnMap":{"0":{"name":"Cart","decl":{"start":{"line":1,"column":9},"end":{"line":1,"column":13}},"loc":{"start":{"line":1,"column":13},"end":{"line":3,"column":3}}}},"branchMap":{},"s":{"0":0},"f":{"0":0},"b":{}}
,"C:\\Users\\sunay\\OneDrive\\Desktop\\SDPROJECT\\local-artisan-marketplace\\client\\src\\Pages\\Home.tsx": {"path":"C:\\Users\\sunay\\OneDrive\\Desktop\\SDPROJECT\\local-artisan-marketplace\\client\\src\\Pages\\Home.tsx","statementMap":{"0":{"start":{"line":17,"column":42},"end":{"line":17,"column":53}},"1":{"start":{"line":19,"column":27},"end":{"line":19,"column":51}},"2":{"start":{"line":21,"column":23},"end":{"line":21,"column":24}},"3":{"start":{"line":22,"column":20},"end":{"line":22,"column":23}},"4":{"start":{"line":23,"column":19},"end":{"line":23,"column":72}},"5":{"start":{"line":26,"column":4},"end":{"line":40,"column":7}},"6":{"start":{"line":27,"column":21},"end":{"line":27,"column":28}},"7":{"start":{"line":29,"column":6},"end":{"line":32,"column":7}},"8":{"start":{"line":30,"column":8},"end":{"line":30,"column":31}},"9":{"start":{"line":31,"column":8},"end":{"line":31,"column":39}},"10":{"start":{"line":31,"column":26},"end":{"line":31,"column":39}},"11":{"start":{"line":34,"column":6},"end":{"line":37,"column":7}},"12":{"start":{"line":35,"column":8},"end":{"line":35,"column":31}},"13":{"start":{"line":36,"column":8},"end":{"line":36,"column":53}},"14":{"start":{"line":36,"column":33},"end":{"line":36,"column":53}},"15":{"start":{"line":39,"column":6},"end":{"line":39,"column":22}},"16":{"start":{"line":43,"column":38},"end":{"line":43,"column":61}},"17":{"start":{"line":44,"column":18},"end":{"line":44,"column":51}},"18":{"start":{"line":45,"column":2},"end":{"line":53,"column":9}},"19":{"start":{"line":46,"column":4},"end":{"line":52,"column":71}},"20":{"start":{"line":49,"column":8},"end":{"line":49,"column":48}},"21":{"start":{"line":50,"column":8},"end":{"line":50,"column":30}},"22":{"start":{"line":52,"column":22},"end":{"line":52,"column":69}},"23":{"start":{"line":55,"column":2},"end":{"line":131,"column":4}},"24":{"start":{"line":62,"column":29},"end":{"line":62,"column":45}},"25":{"start":{"line":68,"column":29},"end":{"line":68,"column":46}},"26":{"start":{"line":89,"column":14},"end":{"line":89,"column":30}},"27":{"start":{"line":110,"column":12},"end":{"line":110,"column":28}}},"fnMap":{"0":{"name":"Home","decl":{"start":{"line":16,"column":9},"end":{"line":16,"column":13}},"loc":{"start":{"line":16,"column":13},"end":{"line":132,"column":1}}},"1":{"name":"scrollTo","decl":{"start":{"line":25,"column":11},"end":{"line":25,"column":19}},"loc":{"start":{"line":25,"column":47},"end":{"line":41,"column":3}}},"2":{"name":"(anonymous_2)","decl":{"start":{"line":26,"column":20},"end":{"line":26,"column":30}},"loc":{"start":{"line":26,"column":37},"end":{"line":40,"column":5}}},"3":{"name":"(anonymous_3)","decl":{"start":{"line":45,"column":12},"end":{"line":45,"column":15}},"loc":{"start":{"line":45,"column":17},"end":{"line":53,"column":3}}},"4":{"name":"(anonymous_4)","decl":{"start":{"line":48,"column":12},"end":{"line":48,"column":13}},"loc":{"start":{"line":48,"column":20},"end":{"line":51,"column":7}}},"5":{"name":"(anonymous_5)","decl":{"start":{"line":52,"column":13},"end":{"line":52,"column":14}},"loc":{"start":{"line":52,"column":22},"end":{"line":52,"column":69}}},"6":{"name":"(anonymous_6)","decl":{"start":{"line":62,"column":23},"end":{"line":62,"column":26}},"loc":{"start":{"line":62,"column":29},"end":{"line":62,"column":45}}},"7":{"name":"(anonymous_7)","decl":{"start":{"line":68,"column":23},"end":{"line":68,"column":26}},"loc":{"start":{"line":68,"column":29},"end":{"line":68,"column":46}}},"8":{"name":"(anonymous_8)","decl":{"start":{"line":88,"column":34},"end":{"line":88,"column":35}},"loc":{"start":{"line":89,"column":14},"end":{"line":89,"column":30}}},"9":{"name":"(anonymous_9)","decl":{"start":{"line":109,"column":28},"end":{"line":109,"column":29}},"loc":{"start":{"line":110,"column":12},"end":{"line":110,"column":28}}}},"branchMap":{"0":{"loc":{"start":{"line":29,"column":6},"end":{"line":32,"column":7}},"type":"if","locations":[{"start":{"line":29,"column":6},"end":{"line":32,"column":7}}]},"1":{"loc":{"start":{"line":31,"column":8},"end":{"line":31,"column":39}},"type":"if","locations":[{"start":{"line":31,"column":8},"end":{"line":31,"column":39}}]},"2":{"loc":{"start":{"line":34,"column":6},"end":{"line":37,"column":7}},"type":"if","locations":[{"start":{"line":34,"column":6},"end":{"line":37,"column":7}}]},"3":{"loc":{"start":{"line":36,"column":8},"end":{"line":36,"column":53}},"type":"if","locations":[{"start":{"line":36,"column":8},"end":{"line":36,"column":53}}]},"4":{"loc":{"start":{"line":117,"column":30},"end":{"line":117,"column":61}},"type":"binary-expr","locations":[{"start":{"line":117,"column":30},"end":{"line":117,"column":47}},{"start":{"line":117,"column":51},"end":{"line":117,"column":61}}]}},"s":{"0":0,"1":0,"2":0,"3":0,"4":0,"5":0,"6":0,"7":0,"8":0,"9":0,"10":0,"11":0,"12":0,"13":0,"14":0,"15":0,"16":0,"17":0,"18":0,"19":0,"20":0,"21":0,"22":0,"23":0,"24":0,"25":0,"26":0,"27":0},"f":{"0":0,"1":0,"2":0,"3":0,"4":0,"5":0,"6":0,"7":0,"8":0,"9":0},"b":{"0":[0],"1":[0],"2":[0],"3":[0],"4":[0,0]}}
,"C:\\Users\\sunay\\OneDrive\\Desktop\\SDPROJECT\\local-artisan-marketplace\\client\\src\\Pages\\LoginPage.tsx": {"path":"C:\\Users\\sunay\\OneDrive\\Desktop\\SDPROJECT\\local-artisan-marketplace\\client\\src\\Pages\\LoginPage.tsx","statementMap":{"0":{"start":{"line":9,"column":42},"end":{"line":9,"column":77}},"1":{"start":{"line":10,"column":46},"end":{"line":11,"column":null}},"2":{"start":{"line":15,"column":2},"end":{"line":55,"column":4}},"3":{"start":{"line":21,"column":36},"end":{"line":21,"column":56}},"4":{"start":{"line":23,"column":12},"end":{"line":23,"column":35}},"5":{"start":{"line":32,"column":35},"end":{"line":32,"column":56}},"6":{"start":{"line":40,"column":37},"end":{"line":40,"column":60}},"7":{"start":{"line":49,"column":37},"end":{"line":49,"column":60}}},"fnMap":{"0":{"name":"LoginPage","decl":{"start":{"line":8,"column":24},"end":{"line":8,"column":33}},"loc":{"start":{"line":8,"column":33},"end":{"line":56,"column":1}}},"1":{"name":"(anonymous_1)","decl":{"start":{"line":21,"column":19},"end":{"line":21,"column":20}},"loc":{"start":{"line":21,"column":36},"end":{"line":21,"column":56}}},"2":{"name":"(anonymous_2)","decl":{"start":{"line":22,"column":28},"end":{"line":22,"column":29}},"loc":{"start":{"line":22,"column":44},"end":{"line":25,"column":11}}},"3":{"name":"(anonymous_3)","decl":{"start":{"line":32,"column":29},"end":{"line":32,"column":32}},"loc":{"start":{"line":32,"column":35},"end":{"line":32,"column":56}}},"4":{"name":"(anonymous_4)","decl":{"start":{"line":40,"column":31},"end":{"line":40,"column":34}},"loc":{"start":{"line":40,"column":37},"end":{"line":40,"column":60}}},"5":{"name":"(anonymous_5)","decl":{"start":{"line":49,"column":31},"end":{"line":49,"column":34}},"loc":{"start":{"line":49,"column":37},"end":{"line":49,"column":60}}}},"branchMap":{"0":{"loc":{"start":{"line":29,"column":9},"end":{"line":33,"column":null}},"type":"binary-expr","locations":[{"start":{"line":29,"column":9},"end":{"line":29,"column":21}},{"start":{"line":30,"column":10},"end":{"line":32,"column":null}}]},"1":{"loc":{"start":{"line":36,"column":9},"end":{"line":42,"column":null}},"type":"binary-expr","locations":[{"start":{"line":36,"column":9},"end":{"line":36,"column":53}},{"start":{"line":37,"column":10},"end":{"line":41,"column":null}}]},"2":{"loc":{"start":{"line":45,"column":9},"end":{"line":51,"column":null}},"type":"binary-expr","locations":[{"start":{"line":45,"column":9},"end":{"line":45,"column":50}},{"start":{"line":46,"column":10},"end":{"line":50,"column":null}}]}},"s":{"0":0,"1":0,"2":0,"3":0,"4":0,"5":0,"6":0,"7":0},"f":{"0":0,"1":0,"2":0,"3":0,"4":0,"5":0},"b":{"0":[0,0],"1":[0,0],"2":[0,0]}}
,"C:\\Users\\sunay\\OneDrive\\Desktop\\SDPROJECT\\local-artisan-marketplace\\client\\src\\Pages\\ProductPage.tsx": {"path":"C:\\Users\\sunay\\OneDrive\\Desktop\\SDPROJECT\\local-artisan-marketplace\\client\\src\\Pages\\ProductPage.tsx","statementMap":{"0":{"start":{"line":22,"column":17},"end":{"line":22,"column":28}},"1":{"start":{"line":23,"column":32},"end":{"line":23,"column":62}},"2":{"start":{"line":24,"column":18},"end":{"line":24,"column":51}},"3":{"start":{"line":26,"column":2},"end":{"line":35,"column":11}},"4":{"start":{"line":27,"column":4},"end":{"line":34,"column":9}},"5":{"start":{"line":30,"column":8},"end":{"line":30,"column":29}},"6":{"start":{"line":33,"column":8},"end":{"line":33,"column":56}},"7":{"start":{"line":37,"column":2},"end":{"line":39,"column":3}},"8":{"start":{"line":38,"column":4},"end":{"line":38,"column":37}},"9":{"start":{"line":41,"column":2},"end":{"line":64,"column":4}}},"fnMap":{"0":{"name":"ProductPage","decl":{"start":{"line":21,"column":9},"end":{"line":21,"column":20}},"loc":{"start":{"line":21,"column":20},"end":{"line":65,"column":1}}},"1":{"name":"(anonymous_1)","decl":{"start":{"line":26,"column":12},"end":{"line":26,"column":15}},"loc":{"start":{"line":26,"column":17},"end":{"line":35,"column":3}}},"2":{"name":"(anonymous_2)","decl":{"start":{"line":29,"column":12},"end":{"line":29,"column":13}},"loc":{"start":{"line":29,"column":20},"end":{"line":31,"column":7}}},"3":{"name":"(anonymous_3)","decl":{"start":{"line":32,"column":13},"end":{"line":32,"column":14}},"loc":{"start":{"line":32,"column":21},"end":{"line":34,"column":7}}}},"branchMap":{"0":{"loc":{"start":{"line":37,"column":2},"end":{"line":39,"column":3}},"type":"if","locations":[{"start":{"line":37,"column":2},"end":{"line":39,"column":3}}]}},"s":{"0":0,"1":0,"2":0,"3":0,"4":0,"5":0,"6":0,"7":0,"8":0,"9":0},"f":{"0":0,"1":0,"2":0,"3":0},"b":{"0":[0]}}
,"C:\\Users\\sunay\\OneDrive\\Desktop\\SDPROJECT\\local-artisan-marketplace\\client\\src\\Pages\\Profile.tsx": {"path":"C:\\Users\\sunay\\OneDrive\\Desktop\\SDPROJECT\\local-artisan-marketplace\\client\\src\\Pages\\Profile.tsx","statementMap":{"0":{"start":{"line":2,"column":2},"end":{"line":2,"column":48}}},"fnMap":{"0":{"name":"Profile","decl":{"start":{"line":1,"column":9},"end":{"line":1,"column":16}},"loc":{"start":{"line":1,"column":16},"end":{"line":3,"column":1}}}},"branchMap":{},"s":{"0":0},"f":{"0":0},"b":{}}
,"C:\\Users\\sunay\\OneDrive\\Desktop\\SDPROJECT\\local-artisan-marketplace\\client\\src\\Pages\\QuestionsPage.tsx": {"path":"C:\\Users\\sunay\\OneDrive\\Desktop\\SDPROJECT\\local-artisan-marketplace\\client\\src\\Pages\\QuestionsPage.tsx","statementMap":{"0":{"start":{"line":12,"column":34},"end":{"line":12,"column":60}},"1":{"start":{"line":13,"column":50},"end":{"line":13,"column":78}},"2":{"start":{"line":14,"column":36},"end":{"line":14,"column":57}},"3":{"start":{"line":15,"column":28},"end":{"line":15,"column":63}},"4":{"start":{"line":16,"column":32},"end":{"line":16,"column":44}},"5":{"start":{"line":17,"column":18},"end":{"line":17,"column":51}},"6":{"start":{"line":18,"column":19},"end":{"line":18,"column":28}},"7":{"start":{"line":22,"column":27},"end":{"line":59,"column":3}},"8":{"start":{"line":23,"column":4},"end":{"line":23,"column":19}},"9":{"start":{"line":24,"column":4},"end":{"line":27,"column":5}},"10":{"start":{"line":25,"column":6},"end":{"line":25,"column":43}},"11":{"start":{"line":26,"column":6},"end":{"line":26,"column":13}},"12":{"start":{"line":29,"column":4},"end":{"line":32,"column":5}},"13":{"start":{"line":30,"column":6},"end":{"line":30,"column":66}},"14":{"start":{"line":31,"column":6},"end":{"line":31,"column":13}},"15":{"start":{"line":34,"column":4},"end":{"line":58,"column":5}},"16":{"start":{"line":35,"column":23},"end":{"line":37,"column":8}},"17":{"start":{"line":39,"column":6},"end":{"line":42,"column":7}},"18":{"start":{"line":40,"column":8},"end":{"line":40,"column":71}},"19":{"start":{"line":41,"column":8},"end":{"line":41,"column":15}},"20":{"start":{"line":44,"column":18},"end":{"line":47,"column":8}},"21":{"start":{"line":49,"column":6},"end":{"line":49,"column":25}},"22":{"start":{"line":50,"column":6},"end":{"line":50,"column":35}},"23":{"start":{"line":51,"column":6},"end":{"line":51,"column":19}},"24":{"start":{"line":52,"column":6},"end":{"line":52,"column":37}},"25":{"start":{"line":55,"column":6},"end":{"line":55,"column":50}},"26":{"start":{"line":56,"column":6},"end":{"line":56,"column":58}},"27":{"start":{"line":57,"column":6},"end":{"line":57,"column":21}},"28":{"start":{"line":61,"column":2},"end":{"line":87,"column":4}},"29":{"start":{"line":83,"column":33},"end":{"line":83,"column":52}}},"fnMap":{"0":{"name":"QuestionsPage","decl":{"start":{"line":11,"column":9},"end":{"line":11,"column":22}},"loc":{"start":{"line":11,"column":22},"end":{"line":88,"column":1}}},"1":{"name":"(anonymous_1)","decl":{"start":{"line":22,"column":27},"end":{"line":22,"column":32}},"loc":{"start":{"line":22,"column":38},"end":{"line":59,"column":3}}},"2":{"name":"(anonymous_2)","decl":{"start":{"line":83,"column":27},"end":{"line":83,"column":30}},"loc":{"start":{"line":83,"column":33},"end":{"line":83,"column":52}}}},"branchMap":{"0":{"loc":{"start":{"line":24,"column":4},"end":{"line":27,"column":5}},"type":"if","locations":[{"start":{"line":24,"column":4},"end":{"line":27,"column":5}}]},"1":{"loc":{"start":{"line":24,"column":8},"end":{"line":24,"column":30}},"type":"binary-expr","locations":[{"start":{"line":24,"column":8},"end":{"line":24,"column":24}},{"start":{"line":24,"column":28},"end":{"line":24,"column":30}}]},"2":{"loc":{"start":{"line":29,"column":4},"end":{"line":32,"column":5}},"type":"if","locations":[{"start":{"line":29,"column":4},"end":{"line":32,"column":5}}]},"3":{"loc":{"start":{"line":39,"column":6},"end":{"line":42,"column":7}},"type":"if","locations":[{"start":{"line":39,"column":6},"end":{"line":42,"column":7}}]},"4":{"loc":{"start":{"line":73,"column":7},"end":{"line":73,"column":55}},"type":"binary-expr","locations":[{"start":{"line":73,"column":7},"end":{"line":73,"column":12}},{"start":{"line":73,"column":16},"end":{"line":73,"column":55}}]},"5":{"loc":{"start":{"line":74,"column":7},"end":{"line":84,"column":null}},"type":"binary-expr","locations":[{"start":{"line":74,"column":7},"end":{"line":74,"column":16}},{"start":{"line":75,"column":8},"end":{"line":83,"column":null}}]}},"s":{"0":0,"1":0,"2":0,"3":0,"4":0,"5":0,"6":0,"7":0,"8":0,"9":0,"10":0,"11":0,"12":0,"13":0,"14":0,"15":0,"16":0,"17":0,"18":0,"19":0,"20":0,"21":0,"22":0,"23":0,"24":0,"25":0,"26":0,"27":0,"28":0,"29":0},"f":{"0":0,"1":0,"2":0},"b":{"0":[0],"1":[0,0],"2":[0],"3":[0],"4":[0,0],"5":[0,0]}}
,"C:\\Users\\sunay\\OneDrive\\Desktop\\SDPROJECT\\local-artisan-marketplace\\client\\src\\Pages\\Search.tsx": {"path":"C:\\Users\\sunay\\OneDrive\\Desktop\\SDPROJECT\\local-artisan-marketplace\\client\\src\\Pages\\Search.tsx","statementMap":{"0":{"start":{"line":2,"column":2},"end":{"line":2,"column":48}}},"fnMap":{"0":{"name":"Search","decl":{"start":{"line":1,"column":9},"end":{"line":1,"column":15}},"loc":{"start":{"line":1,"column":15},"end":{"line":3,"column":1}}}},"branchMap":{},"s":{"0":0},"f":{"0":0},"b":{}}
,"C:\\Users\\sunay\\OneDrive\\Desktop\\SDPROJECT\\local-artisan-marketplace\\client\\src\\Pages\\SellerVerification.tsx": {"path":"C:\\Users\\sunay\\OneDrive\\Desktop\\SDPROJECT\\local-artisan-marketplace\\client\\src\\Pages\\SellerVerification.tsx","statementMap":{"0":{"start":{"line":8,"column":16},"end":{"line":8,"column":49}},"1":{"start":{"line":10,"column":37},"end":{"line":92,"column":1}},"2":{"start":{"line":11,"column":32},"end":{"line":11,"column":54}},"3":{"start":{"line":13,"column":30},"end":{"line":20,"column":3}},"4":{"start":{"line":14,"column":4},"end":{"line":19,"column":5}},"5":{"start":{"line":15,"column":18},"end":{"line":15,"column":59}},"6":{"start":{"line":16,"column":6},"end":{"line":16,"column":27}},"7":{"start":{"line":18,"column":6},"end":{"line":18,"column":55}},"8":{"start":{"line":22,"column":24},"end":{"line":29,"column":3}},"9":{"start":{"line":23,"column":4},"end":{"line":28,"column":5}},"10":{"start":{"line":24,"column":18},"end":{"line":24,"column":76}},"11":{"start":{"line":25,"column":6},"end":{"line":25,"column":41}},"12":{"start":{"line":27,"column":6},"end":{"line":27,"column":54}},"13":{"start":{"line":31,"column":24},"end":{"line":38,"column":3}},"14":{"start":{"line":32,"column":4},"end":{"line":37,"column":5}},"15":{"start":{"line":33,"column":18},"end":{"line":33,"column":73}},"16":{"start":{"line":34,"column":6},"end":{"line":34,"column":41}},"17":{"start":{"line":36,"column":6},"end":{"line":36,"column":55}},"18":{"start":{"line":40,"column":2},"end":{"line":42,"column":9}},"19":{"start":{"line":41,"column":4},"end":{"line":41,"column":26}},"20":{"start":{"line":44,"column":29},"end":{"line":52,"column":3}},"21":{"start":{"line":45,"column":4},"end":{"line":45,"column":50}},"22":{"start":{"line":45,"column":26},"end":{"line":45,"column":50}},"23":{"start":{"line":46,"column":4},"end":{"line":46,"column":50}},"24":{"start":{"line":46,"column":26},"end":{"line":46,"column":50}},"25":{"start":{"line":47,"column":4},"end":{"line":51,"column":6}},"26":{"start":{"line":48,"column":6},"end":{"line":49,"column":null}},"27":{"start":{"line":49,"column":8},"end":{"line":49,"column":64}},"28":{"start":{"line":54,"column":2},"end":{"line":91,"column":4}},"29":{"start":{"line":78,"column":27},"end":{"line":78,"column":42}},"30":{"start":{"line":80,"column":14},"end":{"line":81,"column":null}},"31":{"start":{"line":83,"column":37},"end":{"line":83,"column":75}},"32":{"start":{"line":84,"column":33},"end":{"line":84,"column":71}},"33":{"start":{"line":85,"column":32},"end":{"line":85,"column":70}}},"fnMap":{"0":{"name":"(anonymous_0)","decl":{"start":{"line":10,"column":37},"end":{"line":10,"column":40}},"loc":{"start":{"line":10,"column":42},"end":{"line":92,"column":1}}},"1":{"name":"(anonymous_1)","decl":{"start":{"line":13,"column":30},"end":{"line":13,"column":35}},"loc":{"start":{"line":13,"column":41},"end":{"line":20,"column":3}}},"2":{"name":"(anonymous_2)","decl":{"start":{"line":22,"column":24},"end":{"line":22,"column":29}},"loc":{"start":{"line":22,"column":51},"end":{"line":29,"column":3}}},"3":{"name":"(anonymous_3)","decl":{"start":{"line":31,"column":24},"end":{"line":31,"column":29}},"loc":{"start":{"line":31,"column":51},"end":{"line":38,"column":3}}},"4":{"name":"(anonymous_4)","decl":{"start":{"line":40,"column":12},"end":{"line":40,"column":15}},"loc":{"start":{"line":40,"column":17},"end":{"line":42,"column":3}}},"5":{"name":"(anonymous_5)","decl":{"start":{"line":44,"column":29},"end":{"line":44,"column":30}},"loc":{"start":{"line":44,"column":66},"end":{"line":52,"column":3}}},"6":{"name":"(anonymous_6)","decl":{"start":{"line":47,"column":15},"end":{"line":47,"column":16}},"loc":{"start":{"line":48,"column":6},"end":{"line":49,"column":null}}},"7":{"name":"(anonymous_7)","decl":{"start":{"line":48,"column":15},"end":{"line":48,"column":16}},"loc":{"start":{"line":49,"column":8},"end":{"line":49,"column":64}}},"8":{"name":"(anonymous_8)","decl":{"start":{"line":78,"column":20},"end":{"line":78,"column":21}},"loc":{"start":{"line":78,"column":27},"end":{"line":78,"column":42}}},"9":{"name":"(anonymous_9)","decl":{"start":{"line":79,"column":17},"end":{"line":79,"column":18}},"loc":{"start":{"line":80,"column":14},"end":{"line":81,"column":null}}},"10":{"name":"(anonymous_10)","decl":{"start":{"line":83,"column":31},"end":{"line":83,"column":34}},"loc":{"start":{"line":83,"column":37},"end":{"line":83,"column":75}}},"11":{"name":"(anonymous_11)","decl":{"start":{"line":84,"column":27},"end":{"line":84,"column":30}},"loc":{"start":{"line":84,"column":33},"end":{"line":84,"column":71}}},"12":{"name":"(anonymous_12)","decl":{"start":{"line":85,"column":26},"end":{"line":85,"column":29}},"loc":{"start":{"line":85,"column":32},"end":{"line":85,"column":70}}}},"branchMap":{"0":{"loc":{"start":{"line":45,"column":4},"end":{"line":45,"column":50}},"type":"if","locations":[{"start":{"line":45,"column":4},"end":{"line":45,"column":50}}]},"1":{"loc":{"start":{"line":46,"column":4},"end":{"line":46,"column":50}},"type":"if","locations":[{"start":{"line":46,"column":4},"end":{"line":46,"column":50}}]},"2":{"loc":{"start":{"line":49,"column":8},"end":{"line":49,"column":64}},"type":"cond-expr","locations":[{"start":{"line":49,"column":34},"end":{"line":49,"column":60}},{"start":{"line":49,"column":63},"end":{"line":49,"column":64}}]}},"s":{"0":0,"1":0,"2":0,"3":0,"4":0,"5":0,"6":0,"7":0,"8":0,"9":0,"10":0,"11":0,"12":0,"13":0,"14":0,"15":0,"16":0,"17":0,"18":0,"19":0,"20":0,"21":0,"22":0,"23":0,"24":0,"25":0,"26":0,"27":0,"28":0,"29":0,"30":0,"31":0,"32":0,"33":0},"f":{"0":0,"1":0,"2":0,"3":0,"4":0,"5":0,"6":0,"7":0,"8":0,"9":0,"10":0,"11":0,"12":0},"b":{"0":[0],"1":[0],"2":[0,0]}}
,"C:\\Users\\sunay\\OneDrive\\Desktop\\SDPROJECT\\local-artisan-marketplace\\client\\src\\Pages\\SignUpPage.tsx": {"path":"C:\\Users\\sunay\\OneDrive\\Desktop\\SDPROJECT\\local-artisan-marketplace\\client\\src\\Pages\\SignUpPage.tsx","statementMap":{"0":{"start":{"line":9,"column":2},"end":{"line":16,"column":4}}},"fnMap":{"0":{"name":"SignUpPage","decl":{"start":{"line":8,"column":24},"end":{"line":8,"column":34}},"loc":{"start":{"line":8,"column":34},"end":{"line":17,"column":1}}}},"branchMap":{},"s":{"0":0},"f":{"0":0},"b":{}}
,"C:\\Users\\sunay\\OneDrive\\Desktop\\SDPROJECT\\local-artisan-marketplace\\client\\src\\Pages\\WelcomePage.tsx": {"path":"C:\\Users\\sunay\\OneDrive\\Desktop\\SDPROJECT\\local-artisan-marketplace\\client\\src\\Pages\\WelcomePage.tsx","statementMap":{"0":{"start":{"line":7,"column":2},"end":{"line":16,"column":4}}},"fnMap":{"0":{"name":"WelcomePage","decl":{"start":{"line":6,"column":9},"end":{"line":6,"column":20}},"loc":{"start":{"line":6,"column":20},"end":{"line":17,"column":1}}}},"branchMap":{},"s":{"0":0},"f":{"0":0},"b":{}}
,"C:\\Users\\sunay\\OneDrive\\Desktop\\SDPROJECT\\local-artisan-marketplace\\client\\src\\Users\\User.ts": {"path":"C:\\Users\\sunay\\OneDrive\\Desktop\\SDPROJECT\\local-artisan-marketplace\\client\\src\\Users\\User.ts","statementMap":{"0":{"start":{"line":2,"column":2},"end":{"line":2,"column":null}},"1":{"start":{"line":3,"column":2},"end":{"line":3,"column":null}},"2":{"start":{"line":4,"column":2},"end":{"line":4,"column":null}},"3":{"start":{"line":5,"column":2},"end":{"line":5,"column":null}},"4":{"start":{"line":6,"column":2},"end":{"line":6,"column":null}},"5":{"start":{"line":7,"column":2},"end":{"line":7,"column":null}},"6":{"start":{"line":24,"column":4},"end":{"line":24,"column":17}},"7":{"start":{"line":25,"column":4},"end":{"line":25,"column":21}},"8":{"start":{"line":26,"column":4},"end":{"line":26,"column":31}},"9":{"start":{"line":27,"column":4},"end":{"line":27,"column":29}},"10":{"start":{"line":28,"column":4},"end":{"line":28,"column":23}},"11":{"start":{"line":29,"column":4},"end":{"line":29,"column":27}},"12":{"start":{"line":33,"column":4},"end":{"line":33,"column":48}}},"fnMap":{"0":{"name":"(anonymous_0)","decl":{"start":{"line":9,"column":2},"end":{"line":9,"column":14}},"loc":{"start":{"line":23,"column":3},"end":{"line":30,"column":3}}},"1":{"name":"(anonymous_1)","decl":{"start":{"line":32,"column":2},"end":{"line":32,"column":13}},"loc":{"start":{"line":32,"column":13},"end":{"line":34,"column":3}}}},"branchMap":{},"s":{"0":0,"1":0,"2":0,"3":0,"4":0,"5":0,"6":0,"7":0,"8":0,"9":0,"10":0,"11":0,"12":0},"f":{"0":0,"1":0},"b":{}}
,"C:\\Users\\sunay\\OneDrive\\Desktop\\SDPROJECT\\local-artisan-marketplace\\client\\src\\Users\\UserContext.tsx": {"path":"C:\\Users\\sunay\\OneDrive\\Desktop\\SDPROJECT\\local-artisan-marketplace\\client\\src\\Users\\UserContext.tsx","statementMap":{"0":{"start":{"line":11,"column":20},"end":{"line":11,"column":73}},"1":{"start":{"line":13,"column":69},"end":{"line":24,"column":1}},"2":{"start":{"line":16,"column":26},"end":{"line":16,"column":53}},"3":{"start":{"line":17,"column":34},"end":{"line":17,"column":46}},"4":{"start":{"line":19,"column":2},"end":{"line":23,"column":4}},"5":{"start":{"line":26,"column":23},"end":{"line":32,"column":1}},"6":{"start":{"line":27,"column":18},"end":{"line":27,"column":41}},"7":{"start":{"line":28,"column":2},"end":{"line":30,"column":3}},"8":{"start":{"line":29,"column":4},"end":{"line":29,"column":66}},"9":{"start":{"line":31,"column":2},"end":{"line":31,"column":17}}},"fnMap":{"0":{"name":"(anonymous_0)","decl":{"start":{"line":13,"column":69},"end":{"line":13,"column":70}},"loc":{"start":{"line":15,"column":5},"end":{"line":24,"column":1}}},"1":{"name":"(anonymous_1)","decl":{"start":{"line":26,"column":23},"end":{"line":26,"column":43}},"loc":{"start":{"line":26,"column":45},"end":{"line":32,"column":1}}}},"branchMap":{"0":{"loc":{"start":{"line":28,"column":2},"end":{"line":30,"column":3}},"type":"if","locations":[{"start":{"line":28,"column":2},"end":{"line":30,"column":3}}]}},"s":{"0":0,"1":0,"2":0,"3":0,"4":0,"5":0,"6":0,"7":0,"8":0,"9":0},"f":{"0":0,"1":0},"b":{"0":[0]}}
,"C:\\Users\\sunay\\OneDrive\\Desktop\\SDPROJECT\\local-artisan-marketplace\\client\\src\\components\\AdminDashboard\\GraphCard.tsx": {"path":"C:\\Users\\sunay\\OneDrive\\Desktop\\SDPROJECT\\local-artisan-marketplace\\client\\src\\components\\AdminDashboard\\GraphCard.tsx","statementMap":{"0":{"start":{"line":4,"column":28},"end":{"line":11,"column":1}},"1":{"start":{"line":5,"column":2},"end":{"line":10,"column":4}}},"fnMap":{"0":{"name":"(anonymous_0)","decl":{"start":{"line":4,"column":28},"end":{"line":4,"column":31}},"loc":{"start":{"line":4,"column":33},"end":{"line":11,"column":1}}}},"branchMap":{},"s":{"0":0,"1":0},"f":{"0":0},"b":{}}
,"C:\\Users\\sunay\\OneDrive\\Desktop\\SDPROJECT\\local-artisan-marketplace\\client\\src\\components\\AdminDashboard\\StatsCard.tsx": {"path":"C:\\Users\\sunay\\OneDrive\\Desktop\\SDPROJECT\\local-artisan-marketplace\\client\\src\\components\\AdminDashboard\\StatsCard.tsx","statementMap":{"0":{"start":{"line":9,"column":44},"end":{"line":16,"column":1}},"1":{"start":{"line":10,"column":2},"end":{"line":15,"column":4}}},"fnMap":{"0":{"name":"(anonymous_0)","decl":{"start":{"line":9,"column":44},"end":{"line":9,"column":45}},"loc":{"start":{"line":9,"column":65},"end":{"line":16,"column":1}}}},"branchMap":{},"s":{"0":0,"1":0},"f":{"0":0},"b":{}}
,"C:\\Users\\sunay\\OneDrive\\Desktop\\SDPROJECT\\local-artisan-marketplace\\client\\src\\components\\HomePageComp\\Footer.tsx": {"path":"C:\\Users\\sunay\\OneDrive\\Desktop\\SDPROJECT\\local-artisan-marketplace\\client\\src\\components\\HomePageComp\\Footer.tsx","statementMap":{"0":{"start":{"line":5,"column":2},"end":{"line":33,"column":4}}},"fnMap":{"0":{"name":"Footer","decl":{"start":{"line":4,"column":9},"end":{"line":4,"column":15}},"loc":{"start":{"line":4,"column":15},"end":{"line":34,"column":1}}}},"branchMap":{},"s":{"0":0},"f":{"0":0},"b":{}}
,"C:\\Users\\sunay\\OneDrive\\Desktop\\SDPROJECT\\local-artisan-marketplace\\client\\src\\components\\HomePageComp\\NavBar.tsx": {"path":"C:\\Users\\sunay\\OneDrive\\Desktop\\SDPROJECT\\local-artisan-marketplace\\client\\src\\components\\HomePageComp\\NavBar.tsx","statementMap":{"0":{"start":{"line":6,"column":17},"end":{"line":11,"column":2}},"1":{"start":{"line":14,"column":2},"end":{"line":38,"column":4}},"2":{"start":{"line":23,"column":12},"end":{"line":23,"column":null}},"3":{"start":{"line":27,"column":18},"end":{"line":27,"column":59}}},"fnMap":{"0":{"name":"NavBar","decl":{"start":{"line":13,"column":9},"end":{"line":13,"column":15}},"loc":{"start":{"line":13,"column":15},"end":{"line":39,"column":1}}},"1":{"name":"(anonymous_1)","decl":{"start":{"line":22,"column":24},"end":{"line":22,"column":25}},"loc":{"start":{"line":23,"column":12},"end":{"line":23,"column":null}}},"2":{"name":"(anonymous_2)","decl":{"start":{"line":26,"column":27},"end":{"line":26,"column":28}},"loc":{"start":{"line":27,"column":18},"end":{"line":27,"column":59}}}},"branchMap":{"0":{"loc":{"start":{"line":27,"column":18},"end":{"line":27,"column":59}},"type":"cond-expr","locations":[{"start":{"line":27,"column":29},"end":{"line":27,"column":46}},{"start":{"line":27,"column":49},"end":{"line":27,"column":59}}]}},"s":{"0":0,"1":0,"2":0,"3":0},"f":{"0":0,"1":0,"2":0},"b":{"0":[0,0]}}
,"C:\\Users\\sunay\\OneDrive\\Desktop\\SDPROJECT\\local-artisan-marketplace\\client\\src\\components\\LogInPageComp\\GoogleLoginButton.tsx": {"path":"C:\\Users\\sunay\\OneDrive\\Desktop\\SDPROJECT\\local-artisan-marketplace\\client\\src\\components\\LogInPageComp\\GoogleLoginButton.tsx","statementMap":{"0":{"start":{"line":17,"column":16},"end":{"line":53,"column":4}},"1":{"start":{"line":19,"column":6},"end":{"line":47,"column":7}},"2":{"start":{"line":20,"column":20},"end":{"line":26,"column":null}},"3":{"start":{"line":29,"column":25},"end":{"line":29,"column":33}},"4":{"start":{"line":30,"column":24},"end":{"line":30,"column":36}},"5":{"start":{"line":31,"column":24},"end":{"line":31,"column":57}},"6":{"start":{"line":32,"column":25},"end":{"line":34,"column":10}},"7":{"start":{"line":35,"column":8},"end":{"line":43,"column":9}},"8":{"start":{"line":36,"column":10},"end":{"line":36,"column":54}},"9":{"start":{"line":39,"column":15},"end":{"line":43,"column":9}},"10":{"start":{"line":40,"column":10},"end":{"line":40,"column":51}},"11":{"start":{"line":42,"column":10},"end":{"line":42,"column":59}},"12":{"start":{"line":45,"column":8},"end":{"line":45,"column":56}},"13":{"start":{"line":46,"column":8},"end":{"line":46,"column":60}},"14":{"start":{"line":50,"column":6},"end":{"line":50,"column":44}},"15":{"start":{"line":51,"column":6},"end":{"line":51,"column":56}},"16":{"start":{"line":55,"column":2},"end":{"line":64,"column":4}},"17":{"start":{"line":56,"column":27},"end":{"line":56,"column":34}}},"fnMap":{"0":{"name":"GoogleLogInButton","decl":{"start":{"line":12,"column":16},"end":{"line":12,"column":33}},"loc":{"start":{"line":15,"column":25},"end":{"line":65,"column":1}}},"1":{"name":"(anonymous_1)","decl":{"start":{"line":18,"column":15},"end":{"line":18,"column":20}},"loc":{"start":{"line":18,"column":39},"end":{"line":48,"column":5}}},"2":{"name":"(anonymous_2)","decl":{"start":{"line":49,"column":13},"end":{"line":49,"column":14}},"loc":{"start":{"line":49,"column":23},"end":{"line":52,"column":5}}},"3":{"name":"(anonymous_3)","decl":{"start":{"line":56,"column":21},"end":{"line":56,"column":24}},"loc":{"start":{"line":56,"column":27},"end":{"line":56,"column":34}}}},"branchMap":{"0":{"loc":{"start":{"line":35,"column":8},"end":{"line":43,"column":9}},"type":"if","locations":[{"start":{"line":35,"column":8},"end":{"line":43,"column":9}},{"start":{"line":39,"column":15},"end":{"line":43,"column":9}}]},"1":{"loc":{"start":{"line":35,"column":12},"end":{"line":35,"column":60}},"type":"binary-expr","locations":[{"start":{"line":35,"column":12},"end":{"line":35,"column":32}},{"start":{"line":35,"column":36},"end":{"line":35,"column":60}}]},"2":{"loc":{"start":{"line":39,"column":15},"end":{"line":43,"column":9}},"type":"if","locations":[{"start":{"line":39,"column":15},"end":{"line":43,"column":9}},{"start":{"line":41,"column":15},"end":{"line":43,"column":9}}]},"3":{"loc":{"start":{"line":39,"column":19},"end":{"line":39,"column":67}},"type":"binary-expr","locations":[{"start":{"line":39,"column":19},"end":{"line":39,"column":39}},{"start":{"line":39,"column":43},"end":{"line":39,"column":67}}]}},"s":{"0":0,"1":0,"2":0,"3":0,"4":0,"5":0,"6":0,"7":0,"8":0,"9":0,"10":0,"11":0,"12":0,"13":0,"14":0,"15":0,"16":0,"17":0},"f":{"0":0,"1":0,"2":0,"3":0},"b":{"0":[0,0],"1":[0,0],"2":[0,0],"3":[0,0]}}
,"C:\\Users\\sunay\\OneDrive\\Desktop\\SDPROJECT\\local-artisan-marketplace\\client\\src\\components\\LogInPageComp\\Logo.tsx": {"path":"C:\\Users\\sunay\\OneDrive\\Desktop\\SDPROJECT\\local-artisan-marketplace\\client\\src\\components\\LogInPageComp\\Logo.tsx","statementMap":{"0":{"start":{"line":5,"column":2},"end":{"line":11,"column":4}}},"fnMap":{"0":{"name":"Logo","decl":{"start":{"line":4,"column":16},"end":{"line":4,"column":20}},"loc":{"start":{"line":4,"column":20},"end":{"line":12,"column":1}}}},"branchMap":{},"s":{"0":0},"f":{"0":0},"b":{}}
,"C:\\Users\\sunay\\OneDrive\\Desktop\\SDPROJECT\\local-artisan-marketplace\\client\\src\\components\\LogInPageComp\\SignUpPrompt.tsx": {"path":"C:\\Users\\sunay\\OneDrive\\Desktop\\SDPROJECT\\local-artisan-marketplace\\client\\src\\components\\LogInPageComp\\SignUpPrompt.tsx","statementMap":{"0":{"start":{"line":6,"column":2},"end":{"line":13,"column":4}}},"fnMap":{"0":{"name":"SignUpPrompt","decl":{"start":{"line":5,"column":16},"end":{"line":5,"column":28}},"loc":{"start":{"line":5,"column":28},"end":{"line":14,"column":1}}}},"branchMap":{},"s":{"0":0},"f":{"0":0},"b":{}}
,"C:\\Users\\sunay\\OneDrive\\Desktop\\SDPROJECT\\local-artisan-marketplace\\client\\src\\components\\LogInPageComp\\WelcomeMessage.tsx": {"path":"C:\\Users\\sunay\\OneDrive\\Desktop\\SDPROJECT\\local-artisan-marketplace\\client\\src\\components\\LogInPageComp\\WelcomeMessage.tsx","statementMap":{"0":{"start":{"line":5,"column":2},"end":{"line":5,"column":64}}},"fnMap":{"0":{"name":"WelcomeMessage","decl":{"start":{"line":4,"column":16},"end":{"line":4,"column":30}},"loc":{"start":{"line":4,"column":30},"end":{"line":6,"column":1}}}},"branchMap":{},"s":{"0":0},"f":{"0":0},"b":{}}
,"C:\\Users\\sunay\\OneDrive\\Desktop\\SDPROJECT\\local-artisan-marketplace\\client\\src\\components\\ProductPageComp\\BackButton.tsx": {"path":"C:\\Users\\sunay\\OneDrive\\Desktop\\SDPROJECT\\local-artisan-marketplace\\client\\src\\components\\ProductPageComp\\BackButton.tsx","statementMap":{"0":{"start":{"line":5,"column":19},"end":{"line":5,"column":32}},"1":{"start":{"line":7,"column":21},"end":{"line":9,"column":3}},"2":{"start":{"line":8,"column":4},"end":{"line":8,"column":22}},"3":{"start":{"line":11,"column":2},"end":{"line":15,"column":4}}},"fnMap":{"0":{"name":"BackButton","decl":{"start":{"line":4,"column":9},"end":{"line":4,"column":19}},"loc":{"start":{"line":4,"column":19},"end":{"line":16,"column":1}}},"1":{"name":"(anonymous_1)","decl":{"start":{"line":7,"column":21},"end":{"line":7,"column":24}},"loc":{"start":{"line":7,"column":26},"end":{"line":9,"column":3}}}},"branchMap":{},"s":{"0":0,"1":0,"2":0,"3":0},"f":{"0":0,"1":0},"b":{}}
,"C:\\Users\\sunay\\OneDrive\\Desktop\\SDPROJECT\\local-artisan-marketplace\\client\\src\\components\\ProductPageComp\\ProductImage.tsx": {"path":"C:\\Users\\sunay\\OneDrive\\Desktop\\SDPROJECT\\local-artisan-marketplace\\client\\src\\components\\ProductPageComp\\ProductImage.tsx","statementMap":{"0":{"start":{"line":7,"column":2},"end":{"line":11,"column":4}}},"fnMap":{"0":{"name":"ProductImage","decl":{"start":{"line":6,"column":9},"end":{"line":6,"column":21}},"loc":{"start":{"line":6,"column":54},"end":{"line":12,"column":1}}}},"branchMap":{},"s":{"0":0},"f":{"0":0},"b":{}}
,"C:\\Users\\sunay\\OneDrive\\Desktop\\SDPROJECT\\local-artisan-marketplace\\client\\src\\components\\ProductPageComp\\ProductInfo.tsx": {"path":"C:\\Users\\sunay\\OneDrive\\Desktop\\SDPROJECT\\local-artisan-marketplace\\client\\src\\components\\ProductPageComp\\ProductInfo.tsx","statementMap":{"0":{"start":{"line":17,"column":2},"end":{"line":26,"column":4}}},"fnMap":{"0":{"name":"ProductInfo","decl":{"start":{"line":16,"column":9},"end":{"line":16,"column":20}},"loc":{"start":{"line":16,"column":76},"end":{"line":27,"column":1}}}},"branchMap":{},"s":{"0":0},"f":{"0":0},"b":{}}
,"C:\\Users\\sunay\\OneDrive\\Desktop\\SDPROJECT\\local-artisan-marketplace\\client\\src\\components\\ProductPageComp\\SideBarInfo.tsx": {"path":"C:\\Users\\sunay\\OneDrive\\Desktop\\SDPROJECT\\local-artisan-marketplace\\client\\src\\components\\ProductPageComp\\SideBarInfo.tsx","statementMap":{"0":{"start":{"line":10,"column":2},"end":{"line":15,"column":4}}},"fnMap":{"0":{"name":"SidebarInfo","decl":{"start":{"line":9,"column":9},"end":{"line":9,"column":20}},"loc":{"start":{"line":9,"column":42},"end":{"line":16,"column":1}}}},"branchMap":{},"s":{"0":0},"f":{"0":0},"b":{}}
,"C:\\Users\\sunay\\OneDrive\\Desktop\\SDPROJECT\\local-artisan-marketplace\\client\\src\\components\\ProductPageComp\\ProductInfoSubComp\\AddToCart.tsx": {"path":"C:\\Users\\sunay\\OneDrive\\Desktop\\SDPROJECT\\local-artisan-marketplace\\client\\src\\components\\ProductPageComp\\ProductInfoSubComp\\AddToCart.tsx","statementMap":{"0":{"start":{"line":5,"column":19},"end":{"line":5,"column":32}},"1":{"start":{"line":7,"column":26},"end":{"line":9,"column":3}},"2":{"start":{"line":8,"column":4},"end":{"line":8,"column":22}},"3":{"start":{"line":11,"column":2},"end":{"line":21,"column":4}}},"fnMap":{"0":{"name":"AddToCart","decl":{"start":{"line":4,"column":9},"end":{"line":4,"column":18}},"loc":{"start":{"line":4,"column":18},"end":{"line":22,"column":1}}},"1":{"name":"(anonymous_1)","decl":{"start":{"line":7,"column":26},"end":{"line":7,"column":29}},"loc":{"start":{"line":7,"column":31},"end":{"line":9,"column":3}}}},"branchMap":{},"s":{"0":0,"1":0,"2":0,"3":0},"f":{"0":0,"1":0},"b":{}}
,"C:\\Users\\sunay\\OneDrive\\Desktop\\SDPROJECT\\local-artisan-marketplace\\client\\src\\components\\ProductPageComp\\ProductInfoSubComp\\Bio.tsx": {"path":"C:\\Users\\sunay\\OneDrive\\Desktop\\SDPROJECT\\local-artisan-marketplace\\client\\src\\components\\ProductPageComp\\ProductInfoSubComp\\Bio.tsx","statementMap":{"0":{"start":{"line":7,"column":2},"end":{"line":12,"column":4}}},"fnMap":{"0":{"name":"Bio","decl":{"start":{"line":6,"column":9},"end":{"line":6,"column":12}},"loc":{"start":{"line":6,"column":38},"end":{"line":13,"column":1}}}},"branchMap":{},"s":{"0":0},"f":{"0":0},"b":{}}
,"C:\\Users\\sunay\\OneDrive\\Desktop\\SDPROJECT\\local-artisan-marketplace\\client\\src\\components\\ProductPageComp\\ProductInfoSubComp\\DeliveryOption.tsx": {"path":"C:\\Users\\sunay\\OneDrive\\Desktop\\SDPROJECT\\local-artisan-marketplace\\client\\src\\components\\ProductPageComp\\ProductInfoSubComp\\DeliveryOption.tsx","statementMap":{"0":{"start":{"line":4,"column":2},"end":{"line":14,"column":4}}},"fnMap":{"0":{"name":"DeliveryOption","decl":{"start":{"line":3,"column":9},"end":{"line":3,"column":23}},"loc":{"start":{"line":3,"column":23},"end":{"line":15,"column":1}}}},"branchMap":{},"s":{"0":0},"f":{"0":0},"b":{}}
,"C:\\Users\\sunay\\OneDrive\\Desktop\\SDPROJECT\\local-artisan-marketplace\\client\\src\\components\\ProductPageComp\\ProductInfoSubComp\\Heading.tsx": {"path":"C:\\Users\\sunay\\OneDrive\\Desktop\\SDPROJECT\\local-artisan-marketplace\\client\\src\\components\\ProductPageComp\\ProductInfoSubComp\\Heading.tsx","statementMap":{"0":{"start":{"line":7,"column":2},"end":{"line":12,"column":4}}},"fnMap":{"0":{"name":"Heading","decl":{"start":{"line":6,"column":9},"end":{"line":6,"column":16}},"loc":{"start":{"line":6,"column":39},"end":{"line":13,"column":1}}}},"branchMap":{},"s":{"0":0},"f":{"0":0},"b":{}}
,"C:\\Users\\sunay\\OneDrive\\Desktop\\SDPROJECT\\local-artisan-marketplace\\client\\src\\components\\ProductPageComp\\ProductInfoSubComp\\Price.tsx": {"path":"C:\\Users\\sunay\\OneDrive\\Desktop\\SDPROJECT\\local-artisan-marketplace\\client\\src\\components\\ProductPageComp\\ProductInfoSubComp\\Price.tsx","statementMap":{"0":{"start":{"line":7,"column":2},"end":{"line":11,"column":4}}},"fnMap":{"0":{"name":"Price","decl":{"start":{"line":6,"column":9},"end":{"line":6,"column":14}},"loc":{"start":{"line":6,"column":36},"end":{"line":12,"column":1}}}},"branchMap":{},"s":{"0":0},"f":{"0":0},"b":{}}
,"C:\\Users\\sunay\\OneDrive\\Desktop\\SDPROJECT\\local-artisan-marketplace\\client\\src\\components\\ProductPageComp\\ProductInfoSubComp\\ProductDetails.tsx": {"path":"C:\\Users\\sunay\\OneDrive\\Desktop\\SDPROJECT\\local-artisan-marketplace\\client\\src\\components\\ProductPageComp\\ProductInfoSubComp\\ProductDetails.tsx","statementMap":{"0":{"start":{"line":7,"column":2},"end":{"line":12,"column":4}}},"fnMap":{"0":{"name":"ProductDetails","decl":{"start":{"line":6,"column":9},"end":{"line":6,"column":23}},"loc":{"start":{"line":6,"column":48},"end":{"line":13,"column":1}}}},"branchMap":{},"s":{"0":0},"f":{"0":0},"b":{}}
,"C:\\Users\\sunay\\OneDrive\\Desktop\\SDPROJECT\\local-artisan-marketplace\\client\\src\\components\\ProductPageComp\\SideBarSubComp\\ArtistInfo.tsx": {"path":"C:\\Users\\sunay\\OneDrive\\Desktop\\SDPROJECT\\local-artisan-marketplace\\client\\src\\components\\ProductPageComp\\SideBarSubComp\\ArtistInfo.tsx","statementMap":{"0":{"start":{"line":8,"column":2},"end":{"line":18,"column":4}}},"fnMap":{"0":{"name":"ArtistInfo","decl":{"start":{"line":7,"column":9},"end":{"line":7,"column":19}},"loc":{"start":{"line":7,"column":43},"end":{"line":19,"column":1}}}},"branchMap":{},"s":{"0":0},"f":{"0":0},"b":{}}
,"C:\\Users\\sunay\\OneDrive\\Desktop\\SDPROJECT\\local-artisan-marketplace\\client\\src\\components\\ProductPageComp\\SideBarSubComp\\ReviewList.tsx": {"path":"C:\\Users\\sunay\\OneDrive\\Desktop\\SDPROJECT\\local-artisan-marketplace\\client\\src\\components\\ProductPageComp\\SideBarSubComp\\ReviewList.tsx","statementMap":{"0":{"start":{"line":4,"column":2},"end":{"line":107,"column":4}}},"fnMap":{"0":{"name":"ReviewList","decl":{"start":{"line":3,"column":9},"end":{"line":3,"column":19}},"loc":{"start":{"line":3,"column":19},"end":{"line":108,"column":1}}}},"branchMap":{},"s":{"0":0},"f":{"0":0},"b":{}}
,"C:\\Users\\sunay\\OneDrive\\Desktop\\SDPROJECT\\local-artisan-marketplace\\client\\src\\components\\QuestionsPageComp\\ApplyButton.tsx": {"path":"C:\\Users\\sunay\\OneDrive\\Desktop\\SDPROJECT\\local-artisan-marketplace\\client\\src\\components\\QuestionsPageComp\\ApplyButton.tsx","statementMap":{"0":{"start":{"line":8,"column":48},"end":{"line":19,"column":1}},"1":{"start":{"line":9,"column":2},"end":{"line":18,"column":4}}},"fnMap":{"0":{"name":"(anonymous_0)","decl":{"start":{"line":8,"column":48},"end":{"line":8,"column":49}},"loc":{"start":{"line":8,"column":64},"end":{"line":19,"column":1}}}},"branchMap":{},"s":{"0":0,"1":0},"f":{"0":0},"b":{}}
,"C:\\Users\\sunay\\OneDrive\\Desktop\\SDPROJECT\\local-artisan-marketplace\\client\\src\\components\\QuestionsPageComp\\ArtFormButton.tsx": {"path":"C:\\Users\\sunay\\OneDrive\\Desktop\\SDPROJECT\\local-artisan-marketplace\\client\\src\\components\\QuestionsPageComp\\ArtFormButton.tsx","statementMap":{"0":{"start":{"line":10,"column":52},"end":{"line":23,"column":1}},"1":{"start":{"line":15,"column":2},"end":{"line":22,"column":4}}},"fnMap":{"0":{"name":"(anonymous_0)","decl":{"start":{"line":10,"column":52},"end":{"line":10,"column":53}},"loc":{"start":{"line":14,"column":5},"end":{"line":23,"column":1}}}},"branchMap":{"0":{"loc":{"start":{"line":17,"column":44},"end":{"line":17,"column":77}},"type":"cond-expr","locations":[{"start":{"line":17,"column":57},"end":{"line":17,"column":72}},{"start":{"line":17,"column":75},"end":{"line":17,"column":77}}]}},"s":{"0":0,"1":0},"f":{"0":0},"b":{"0":[0,0]}}
,"C:\\Users\\sunay\\OneDrive\\Desktop\\SDPROJECT\\local-artisan-marketplace\\client\\src\\components\\QuestionsPageComp\\ArtFormSection.tsx": {"path":"C:\\Users\\sunay\\OneDrive\\Desktop\\SDPROJECT\\local-artisan-marketplace\\client\\src\\components\\QuestionsPageComp\\ArtFormSection.tsx","statementMap":{"0":{"start":{"line":10,"column":54},"end":{"line":65,"column":1}},"1":{"start":{"line":14,"column":19},"end":{"line":41,"column":4}},"2":{"start":{"line":43,"column":2},"end":{"line":64,"column":4}},"3":{"start":{"line":46,"column":8},"end":{"line":46,"column":28}},"4":{"start":{"line":48,"column":12},"end":{"line":49,"column":null}},"5":{"start":{"line":53,"column":40},"end":{"line":53,"column":74}},"6":{"start":{"line":54,"column":30},"end":{"line":56,"column":50}},"7":{"start":{"line":55,"column":54},"end":{"line":55,"column":70}},"8":{"start":{"line":57,"column":16},"end":{"line":57,"column":45}}},"fnMap":{"0":{"name":"(anonymous_0)","decl":{"start":{"line":10,"column":54},"end":{"line":10,"column":55}},"loc":{"start":{"line":13,"column":5},"end":{"line":65,"column":1}}},"1":{"name":"(anonymous_1)","decl":{"start":{"line":45,"column":20},"end":{"line":45,"column":21}},"loc":{"start":{"line":46,"column":8},"end":{"line":46,"column":28}}},"2":{"name":"(anonymous_2)","decl":{"start":{"line":47,"column":19},"end":{"line":47,"column":20}},"loc":{"start":{"line":48,"column":12},"end":{"line":49,"column":null}}},"3":{"name":"(anonymous_3)","decl":{"start":{"line":52,"column":23},"end":{"line":52,"column":26}},"loc":{"start":{"line":52,"column":28},"end":{"line":58,"column":15}}},"4":{"name":"(anonymous_4)","decl":{"start":{"line":55,"column":44},"end":{"line":55,"column":45}},"loc":{"start":{"line":55,"column":54},"end":{"line":55,"column":70}}}},"branchMap":{"0":{"loc":{"start":{"line":54,"column":30},"end":{"line":56,"column":50}},"type":"cond-expr","locations":[{"start":{"line":55,"column":20},"end":{"line":55,"column":71}},{"start":{"line":56,"column":20},"end":{"line":56,"column":50}}]}},"s":{"0":0,"1":0,"2":0,"3":0,"4":0,"5":0,"6":0,"7":0,"8":0},"f":{"0":0,"1":0,"2":0,"3":0,"4":0},"b":{"0":[0,0]}}
,"C:\\Users\\sunay\\OneDrive\\Desktop\\SDPROJECT\\local-artisan-marketplace\\client\\src\\components\\QuestionsPageComp\\UserNameHeader.tsx": {"path":"C:\\Users\\sunay\\OneDrive\\Desktop\\SDPROJECT\\local-artisan-marketplace\\client\\src\\components\\QuestionsPageComp\\UserNameHeader.tsx","statementMap":{"0":{"start":{"line":9,"column":54},"end":{"line":28,"column":1}},"1":{"start":{"line":13,"column":2},"end":{"line":27,"column":4}},"2":{"start":{"line":20,"column":27},"end":{"line":20,"column":54}}},"fnMap":{"0":{"name":"(anonymous_0)","decl":{"start":{"line":9,"column":54},"end":{"line":9,"column":55}},"loc":{"start":{"line":12,"column":5},"end":{"line":28,"column":1}}},"1":{"name":"(anonymous_1)","decl":{"start":{"line":20,"column":20},"end":{"line":20,"column":21}},"loc":{"start":{"line":20,"column":27},"end":{"line":20,"column":54}}}},"branchMap":{},"s":{"0":0,"1":0,"2":0},"f":{"0":0,"1":0},"b":{}}
,"C:\\Users\\sunay\\OneDrive\\Desktop\\SDPROJECT\\local-artisan-marketplace\\client\\src\\components\\SellerVerificationPageComp\\SellerCard.tsx": {"path":"C:\\Users\\sunay\\OneDrive\\Desktop\\SDPROJECT\\local-artisan-marketplace\\client\\src\\components\\SellerVerificationPageComp\\SellerCard.tsx","statementMap":{"0":{"start":{"line":12,"column":19},"end":{"line":12,"column":67}},"1":{"start":{"line":14,"column":46},"end":{"line":68,"column":1}},"2":{"start":{"line":28,"column":6},"end":{"line":28,"column":12}},"3":{"start":{"line":30,"column":2},"end":{"line":67,"column":4}}},"fnMap":{"0":{"name":"(anonymous_0)","decl":{"start":{"line":14,"column":46},"end":{"line":14,"column":47}},"loc":{"start":{"line":19,"column":5},"end":{"line":68,"column":1}}}},"branchMap":{"0":{"loc":{"start":{"line":49,"column":9},"end":{"line":52,"column":null}},"type":"binary-expr","locations":[{"start":{"line":49,"column":9},"end":{"line":49,"column":23}},{"start":{"line":50,"column":10},"end":{"line":50,"column":null}}]},"1":{"loc":{"start":{"line":55,"column":9},"end":{"line":63,"column":null}},"type":"binary-expr","locations":[{"start":{"line":55,"column":9},"end":{"line":55,"column":23}},{"start":{"line":56,"column":10},"end":{"line":62,"column":null}}]}},"s":{"0":0,"1":0,"2":0,"3":0},"f":{"0":0},"b":{"0":[0,0],"1":[0,0]}}
,"C:\\Users\\sunay\\OneDrive\\Desktop\\SDPROJECT\\local-artisan-marketplace\\client\\src\\components\\SignUpPageComp\\GoogleSignUpButton.tsx": {"path":"C:\\Users\\sunay\\OneDrive\\Desktop\\SDPROJECT\\local-artisan-marketplace\\client\\src\\components\\SignUpPageComp\\GoogleSignUpButton.tsx","statementMap":{"0":{"start":{"line":19,"column":22},"end":{"line":19,"column":31}},"1":{"start":{"line":20,"column":19},"end":{"line":20,"column":32}},"2":{"start":{"line":22,"column":16},"end":{"line":52,"column":4}},"3":{"start":{"line":24,"column":6},"end":{"line":49,"column":7}},"4":{"start":{"line":25,"column":20},"end":{"line":31,"column":null}},"5":{"start":{"line":34,"column":25},"end":{"line":34,"column":33}},"6":{"start":{"line":35,"column":21},"end":{"line":42,"column":10}},"7":{"start":{"line":44,"column":8},"end":{"line":44,"column":44}},"8":{"start":{"line":45,"column":8},"end":{"line":45,"column":22}},"9":{"start":{"line":46,"column":8},"end":{"line":46,"column":35}},"10":{"start":{"line":48,"column":8},"end":{"line":48,"column":56}},"11":{"start":{"line":51,"column":24},"end":{"line":51,"column":59}},"12":{"start":{"line":54,"column":2},"end":{"line":63,"column":4}},"13":{"start":{"line":55,"column":27},"end":{"line":55,"column":34}}},"fnMap":{"0":{"name":"GoogleSignUpButton","decl":{"start":{"line":18,"column":16},"end":{"line":18,"column":34}},"loc":{"start":{"line":18,"column":34},"end":{"line":64,"column":1}}},"1":{"name":"(anonymous_1)","decl":{"start":{"line":23,"column":15},"end":{"line":23,"column":20}},"loc":{"start":{"line":23,"column":39},"end":{"line":50,"column":5}}},"2":{"name":"(anonymous_2)","decl":{"start":{"line":51,"column":13},"end":{"line":51,"column":14}},"loc":{"start":{"line":51,"column":24},"end":{"line":51,"column":59}}},"3":{"name":"(anonymous_3)","decl":{"start":{"line":55,"column":21},"end":{"line":55,"column":24}},"loc":{"start":{"line":55,"column":27},"end":{"line":55,"column":34}}}},"branchMap":{},"s":{"0":0,"1":0,"2":0,"3":0,"4":0,"5":0,"6":0,"7":0,"8":0,"9":0,"10":0,"11":0,"12":0,"13":0},"f":{"0":0,"1":0,"2":0,"3":0},"b":{}}
,"C:\\Users\\sunay\\OneDrive\\Desktop\\SDPROJECT\\local-artisan-marketplace\\client\\src\\components\\SignUpPageComp\\LoginPrompt.tsx": {"path":"C:\\Users\\sunay\\OneDrive\\Desktop\\SDPROJECT\\local-artisan-marketplace\\client\\src\\components\\SignUpPageComp\\LoginPrompt.tsx","statementMap":{"0":{"start":{"line":6,"column":2},"end":{"line":13,"column":4}}},"fnMap":{"0":{"name":"LoginPrompt","decl":{"start":{"line":5,"column":16},"end":{"line":5,"column":27}},"loc":{"start":{"line":5,"column":27},"end":{"line":14,"column":1}}}},"branchMap":{},"s":{"0":0},"f":{"0":0},"b":{}}
,"C:\\Users\\sunay\\OneDrive\\Desktop\\SDPROJECT\\local-artisan-marketplace\\client\\src\\components\\SignUpPageComp\\Logo.tsx": {"path":"C:\\Users\\sunay\\OneDrive\\Desktop\\SDPROJECT\\local-artisan-marketplace\\client\\src\\components\\SignUpPageComp\\Logo.tsx","statementMap":{"0":{"start":{"line":5,"column":2},"end":{"line":13,"column":4}}},"fnMap":{"0":{"name":"Logo","decl":{"start":{"line":4,"column":16},"end":{"line":4,"column":20}},"loc":{"start":{"line":4,"column":20},"end":{"line":14,"column":1}}}},"branchMap":{},"s":{"0":0},"f":{"0":0},"b":{}}
,"C:\\Users\\sunay\\OneDrive\\Desktop\\SDPROJECT\\local-artisan-marketplace\\client\\src\\components\\WelcomePageComp\\ActionButtons.tsx": {"path":"C:\\Users\\sunay\\OneDrive\\Desktop\\SDPROJECT\\local-artisan-marketplace\\client\\src\\components\\WelcomePageComp\\ActionButtons.tsx","statementMap":{"0":{"start":{"line":7,"column":2},"end":{"line":27,"column":4}}},"fnMap":{"0":{"name":"ActionButtons","decl":{"start":{"line":6,"column":16},"end":{"line":6,"column":29}},"loc":{"start":{"line":6,"column":29},"end":{"line":28,"column":1}}}},"branchMap":{},"s":{"0":0},"f":{"0":0},"b":{}}
,"C:\\Users\\sunay\\OneDrive\\Desktop\\SDPROJECT\\local-artisan-marketplace\\client\\src\\components\\WelcomePageComp\\Logo.tsx": {"path":"C:\\Users\\sunay\\OneDrive\\Desktop\\SDPROJECT\\local-artisan-marketplace\\client\\src\\components\\WelcomePageComp\\Logo.tsx","statementMap":{"0":{"start":{"line":5,"column":2},"end":{"line":13,"column":4}}},"fnMap":{"0":{"name":"Logo","decl":{"start":{"line":4,"column":16},"end":{"line":4,"column":20}},"loc":{"start":{"line":4,"column":20},"end":{"line":14,"column":1}}}},"branchMap":{},"s":{"0":0},"f":{"0":0},"b":{}}
,"C:\\Users\\sunay\\OneDrive\\Desktop\\SDPROJECT\\local-artisan-marketplace\\client\\src\\layouts\\MainLayout.tsx": {"path":"C:\\Users\\sunay\\OneDrive\\Desktop\\SDPROJECT\\local-artisan-marketplace\\client\\src\\layouts\\MainLayout.tsx","statementMap":{"0":{"start":{"line":6,"column":2},"end":{"line":12,"column":4}}},"fnMap":{"0":{"name":"MainLayout","decl":{"start":{"line":5,"column":24},"end":{"line":5,"column":34}},"loc":{"start":{"line":5,"column":34},"end":{"line":13,"column":1}}}},"branchMap":{},"s":{"0":0},"f":{"0":0},"b":{}}
}
