TN:
SF:src\App.tsx
FN:22,App
FNF:1
FNH:0
FNDA:0,App
DA:23,0
LF:1
LH:0
BRF:0
BRH:0
end_of_record
TN:
SF:src\config.ts
FNF:0
FNH:0
DA:1,0
LF:1
LH:0
BRF:0
BRH:0
end_of_record
TN:
SF:src\main.tsx
FNF:0
FNH:0
DA:9,0
LF:1
LH:0
BRF:0
BRH:0
end_of_record
TN:
SF:src\Pages\AdminDashboard.tsx
FN:9,(anonymous_0)
FN:11,(anonymous_1)
FNF:2
FNH:0
FNDA:0,(anonymous_0)
FNDA:0,(anonymous_1)
DA:9,0
DA:10,0
DA:11,0
DA:13,0
LF:4
LH:0
BRDA:22,0,0,0
BRDA:22,0,1,0
BRDA:31,1,0,0
BRDA:31,1,1,0
BRDA:40,2,0,0
BRDA:40,2,1,0
BRF:6
BRH:0
end_of_record
TN:
SF:src\Pages\BuyerOrders.tsx
FN:52,BuyerOrders
FN:59,(anonymous_1)
FN:77,(anonymous_2)
FNF:3
FNH:0
FNDA:0,BuyerOrders
FNDA:0,(anonymous_1)
FNDA:0,(anonymous_2)
DA:6,0
DA:25,0
DA:53,0
DA:60,0
DA:78,0
LF:5
LH:0
BRF:0
BRH:0
end_of_record
TN:
SF:src\Pages\Cart.tsx
FN:6,Cart
FNF:1
FNH:0
FNDA:0,Cart
DA:7,0
DA:8,0
LF:2
LH:0
BRF:0
BRH:0
end_of_record
TN:
SF:src\Pages\Home.tsx
FN:17,Home
FN:20,(anonymous_1)
FN:23,(anonymous_2)
FN:27,(anonymous_3)
FN:35,(anonymous_4)
FNF:5
FNH:0
FNDA:0,Home
FNDA:0,(anonymous_1)
FNDA:0,(anonymous_2)
FNDA:0,(anonymous_3)
FNDA:0,(anonymous_4)
DA:18,0
DA:20,0
DA:21,0
DA:24,0
DA:25,0
DA:27,0
DA:30,0
DA:36,0
LF:8
LH:0
BRF:0
BRH:0
end_of_record
TN:
SF:src\Pages\LoginPage.tsx
FN:8,LoginPage
FN:21,(anonymous_1)
FN:22,(anonymous_2)
FN:32,(anonymous_3)
FN:40,(anonymous_4)
FN:49,(anonymous_5)
FNF:6
FNH:0
FNDA:0,LoginPage
FNDA:0,(anonymous_1)
FNDA:0,(anonymous_2)
FNDA:0,(anonymous_3)
FNDA:0,(anonymous_4)
FNDA:0,(anonymous_5)
DA:9,0
DA:10,0
DA:15,0
DA:21,0
DA:23,0
DA:32,0
DA:40,0
DA:49,0
LF:8
LH:0
BRDA:29,0,0,0
BRDA:29,0,1,0
BRDA:36,1,0,0
BRDA:36,1,1,0
BRDA:45,2,0,0
BRDA:45,2,1,0
BRF:6
BRH:0
end_of_record
TN:
SF:src\Pages\ProductPage.tsx
FN:27,ProductPage
FN:32,(anonymous_1)
FN:35,(anonymous_2)
FN:38,(anonymous_3)
FN:51,(anonymous_4)
FN:96,(anonymous_5)
FNF:6
FNH:0
FNDA:0,ProductPage
FNDA:0,(anonymous_1)
FNDA:0,(anonymous_2)
FNDA:0,(anonymous_3)
FNDA:0,(anonymous_4)
FNDA:0,(anonymous_5)
DA:28,0
DA:29,0
DA:30,0
DA:32,0
DA:33,0
DA:36,0
DA:39,0
DA:43,0
DA:44,0
DA:47,0
DA:51,0
DA:96,0
LF:12
LH:0
BRDA:43,0,0,0
BRDA:95,1,0,0
BRDA:95,1,1,0
BRF:3
BRH:0
end_of_record
TN:
SF:src\Pages\Profile.tsx
FN:15,Profile
FN:27,(anonymous_1)
FN:28,fetchUserInfo
FN:43,openFilePicker
FN:50,handleImageChange
FN:54,(anonymous_5)
FN:63,goToSellerSignup
FN:67,closeModal
FN:85,(anonymous_8)
FNF:9
FNH:0
FNDA:0,Profile
FNDA:0,(anonymous_1)
FNDA:0,fetchUserInfo
FNDA:0,openFilePicker
FNDA:0,handleImageChange
FNDA:0,(anonymous_5)
FNDA:0,goToSellerSignup
FNDA:0,closeModal
FNDA:0,(anonymous_8)
DA:16,0
DA:19,0
DA:20,0
DA:21,0
DA:22,0
DA:23,0
DA:24,0
DA:25,0
DA:27,0
DA:29,0
DA:31,0
DA:32,0
DA:33,0
DA:34,0
DA:35,0
DA:37,0
DA:41,0
DA:45,0
DA:46,0
DA:51,0
DA:52,0
DA:53,0
DA:54,0
DA:55,0
DA:56,0
DA:59,0
DA:64,0
DA:68,0
DA:71,0
DA:86,0
LF:30
LH:0
BRDA:22,0,0,0
BRDA:22,0,1,0
BRDA:29,1,0,0
BRDA:34,2,0,0
BRDA:34,2,1,0
BRDA:35,3,0,0
BRDA:35,3,1,0
BRDA:45,4,0,0
BRDA:51,5,0,0
BRDA:51,5,1,0
BRDA:52,6,0,0
BRDA:55,7,0,0
BRDA:93,8,0,0
BRDA:93,8,1,0
BRF:14
BRH:0
end_of_record
TN:
SF:src\Pages\QuestionsPage.tsx
FN:12,QuestionsPage
FN:22,(anonymous_1)
FN:83,(anonymous_2)
FNF:3
FNH:0
FNDA:0,QuestionsPage
FNDA:0,(anonymous_1)
FNDA:0,(anonymous_2)
DA:13,0
DA:14,0
DA:15,0
DA:16,0
DA:17,0
DA:19,0
DA:22,0
DA:23,0
DA:24,0
DA:25,0
DA:26,0
DA:29,0
DA:30,0
DA:31,0
DA:34,0
DA:35,0
DA:39,0
DA:40,0
DA:41,0
DA:44,0
DA:49,0
DA:50,0
DA:51,0
DA:52,0
DA:54,0
DA:55,0
DA:56,0
DA:60,0
DA:83,0
LF:29
LH:0
BRDA:24,0,0,0
BRDA:24,1,0,0
BRDA:24,1,1,0
BRDA:29,2,0,0
BRDA:39,3,0,0
BRDA:72,4,0,0
BRDA:72,4,1,0
BRDA:73,5,0,0
BRDA:73,5,1,0
BRF:9
BRH:0
end_of_record
TN:
SF:src\Pages\Search.tsx
FN:1,Search
FNF:1
FNH:0
FNDA:0,Search
DA:2,0
LF:1
LH:0
BRF:0
BRH:0
end_of_record
TN:
SF:src\Pages\SellerSignup.tsx
FN:4,SellerSignup
FNF:1
FNH:0
FNDA:0,SellerSignup
DA:5,0
LF:1
LH:0
BRF:0
BRH:0
end_of_record
TN:
SF:src\Pages\SellerVerification.tsx
FN:9,(anonymous_0)
FN:12,(anonymous_1)
FN:21,(anonymous_2)
FN:30,(anonymous_3)
FN:39,(anonymous_4)
FN:43,(anonymous_5)
FN:46,(anonymous_6)
FN:47,(anonymous_7)
FN:77,(anonymous_8)
FN:78,(anonymous_9)
FN:82,(anonymous_10)
FN:83,(anonymous_11)
FN:84,(anonymous_12)
FNF:13
FNH:0
FNDA:0,(anonymous_0)
FNDA:0,(anonymous_1)
FNDA:0,(anonymous_2)
FNDA:0,(anonymous_3)
FNDA:0,(anonymous_4)
FNDA:0,(anonymous_5)
FNDA:0,(anonymous_6)
FNDA:0,(anonymous_7)
FNDA:0,(anonymous_8)
FNDA:0,(anonymous_9)
FNDA:0,(anonymous_10)
FNDA:0,(anonymous_11)
FNDA:0,(anonymous_12)
DA:9,0
DA:10,0
DA:12,0
DA:13,0
DA:14,0
DA:15,0
DA:17,0
DA:21,0
DA:22,0
DA:23,0
DA:24,0
DA:26,0
DA:30,0
DA:31,0
DA:32,0
DA:33,0
DA:35,0
DA:39,0
DA:40,0
DA:43,0
DA:44,0
DA:45,0
DA:46,0
DA:47,0
DA:48,0
DA:53,0
DA:77,0
DA:79,0
DA:82,0
DA:83,0
DA:84,0
LF:31
LH:0
BRDA:44,0,0,0
BRDA:45,1,0,0
BRDA:48,2,0,0
BRDA:48,2,1,0
BRF:4
BRH:0
end_of_record
TN:
SF:src\Pages\ShopFront.tsx
FN:20,ShopFront
FN:24,(anonymous_1)
FN:34,(anonymous_2)
FN:46,(anonymous_3)
FN:58,(anonymous_4)
FNF:5
FNH:0
FNDA:0,ShopFront
FNDA:0,(anonymous_1)
FNDA:0,(anonymous_2)
FNDA:0,(anonymous_3)
FNDA:0,(anonymous_4)
DA:21,0
DA:22,0
DA:24,0
DA:25,0
DA:34,0
DA:39,0
DA:42,0
DA:46,0
DA:58,0
LF:9
LH:0
BRDA:57,0,0,0
BRDA:57,0,1,0
BRF:2
BRH:0
end_of_record
TN:
SF:src\Pages\SignUpPage.tsx
FN:8,SignUpPage
FNF:1
FNH:0
FNDA:0,SignUpPage
DA:9,0
LF:1
LH:0
BRF:0
BRH:0
end_of_record
TN:
SF:src\Pages\WelcomePage.tsx
FN:6,WelcomePage
FNF:1
FNH:0
FNDA:0,WelcomePage
DA:7,0
LF:1
LH:0
BRF:0
BRH:0
end_of_record
TN:
SF:src\Users\User.ts
FN:10,(anonymous_0)
FN:36,(anonymous_1)
FNF:2
FNH:0
FNDA:0,(anonymous_0)
FNDA:0,(anonymous_1)
DA:2,0
DA:3,0
DA:4,0
DA:5,0
DA:6,0
DA:7,0
DA:8,0
DA:27,0
DA:28,0
DA:29,0
DA:30,0
DA:31,0
DA:32,0
DA:33,0
DA:37,0
LF:15
LH:0
BRF:0
BRH:0
end_of_record
TN:
SF:src\Users\UserContext.tsx
FN:13,(anonymous_0)
FN:20,(anonymous_1)
FN:29,(anonymous_2)
FN:47,(anonymous_3)
FNF:4
FNH:0
FNDA:0,(anonymous_0)
FNDA:0,(anonymous_1)
FNDA:0,(anonymous_2)
FNDA:0,(anonymous_3)
DA:11,0
DA:13,0
DA:16,0
DA:17,0
DA:20,0
DA:21,0
DA:22,0
DA:23,0
DA:24,0
DA:25,0
DA:29,0
DA:30,0
DA:31,0
DA:32,0
DA:34,0
DA:35,0
DA:37,0
DA:40,0
DA:47,0
DA:48,0
DA:49,0
DA:50,0
DA:52,0
LF:23
LH:0
BRDA:22,0,0,0
BRDA:30,1,0,0
BRDA:30,1,1,0
BRDA:49,2,0,0
BRF:4
BRH:0
end_of_record
TN:
SF:src\components\AdminDashboard\GraphCard.tsx
FN:4,(anonymous_0)
FNF:1
FNH:0
FNDA:0,(anonymous_0)
DA:4,0
DA:5,0
LF:2
LH:0
BRF:0
BRH:0
end_of_record
TN:
SF:src\components\AdminDashboard\StatsCard.tsx
FN:9,(anonymous_0)
FNF:1
FNH:0
FNDA:0,(anonymous_0)
DA:9,0
DA:10,0
LF:2
LH:0
BRF:0
BRH:0
end_of_record
TN:
SF:src\components\BuyerOrdersComp\OrderCard.tsx
FN:13,OrderCard
FNF:1
FNH:0
FNDA:0,OrderCard
DA:14,0
LF:1
LH:0
BRDA:29,0,0,0
BRDA:29,0,1,0
BRDA:31,1,0,0
BRDA:31,1,1,0
BRF:4
BRH:0
end_of_record
TN:
SF:src\components\CartPageComp\CartItemsList.tsx
FN:21,CartItemsList
FN:26,(anonymous_1)
FN:27,(anonymous_2)
FN:42,(anonymous_3)
FN:44,(anonymous_4)
FN:52,(anonymous_5)
FN:61,(anonymous_6)
FN:62,(anonymous_7)
FN:70,(anonymous_8)
FN:84,(anonymous_9)
FN:85,(anonymous_10)
FN:98,(anonymous_11)
FN:102,(anonymous_12)
FN:121,(anonymous_13)
FN:122,(anonymous_14)
FN:127,(anonymous_15)
FN:127,(anonymous_16)
FN:136,(anonymous_17)
FNF:18
FNH:0
FNDA:0,CartItemsList
FNDA:0,(anonymous_1)
FNDA:0,(anonymous_2)
FNDA:0,(anonymous_3)
FNDA:0,(anonymous_4)
FNDA:0,(anonymous_5)
FNDA:0,(anonymous_6)
FNDA:0,(anonymous_7)
FNDA:0,(anonymous_8)
FNDA:0,(anonymous_9)
FNDA:0,(anonymous_10)
FNDA:0,(anonymous_11)
FNDA:0,(anonymous_12)
FNDA:0,(anonymous_13)
FNDA:0,(anonymous_14)
FNDA:0,(anonymous_15)
FNDA:0,(anonymous_16)
FNDA:0,(anonymous_17)
DA:22,0
DA:23,0
DA:24,0
DA:26,0
DA:27,0
DA:28,0
DA:30,0
DA:31,0
DA:32,0
DA:34,0
DA:35,0
DA:39,0
DA:42,0
DA:43,0
DA:44,0
DA:47,0
DA:50,0
DA:52,0
DA:53,0
DA:55,0
DA:56,0
DA:61,0
DA:62,0
DA:65,0
DA:66,0
DA:70,0
DA:74,0
DA:76,0
DA:77,0
DA:84,0
DA:85,0
DA:86,0
DA:92,0
DA:93,0
DA:96,0
DA:99,0
DA:102,0
DA:121,0
DA:123,0
DA:124,0
DA:127,0
DA:128,0
DA:137,0
DA:138,0
LF:44
LH:0
BRDA:28,0,0,0
BRDA:50,1,0,0
BRDA:53,2,0,0
BRDA:74,3,0,0
BRDA:86,4,0,0
BRDA:86,4,1,0
BRDA:105,5,0,0
BRDA:105,5,1,0
BRF:8
BRH:0
end_of_record
TN:
SF:src\components\CartPageComp\RecommendationScroller.tsx
FN:3,RecommendationScroller
FN:6,(anonymous_1)
FNF:2
FNH:0
FNDA:0,RecommendationScroller
FNDA:0,(anonymous_1)
DA:4,0
DA:7,0
LF:2
LH:0
BRF:0
BRH:0
end_of_record
TN:
SF:src\components\CartPageComp\SectionHeading.tsx
FN:3,SectionHeading
FNF:1
FNH:0
FNDA:0,SectionHeading
DA:4,0
LF:1
LH:0
BRF:0
BRH:0
end_of_record
TN:
SF:src\components\CartPageComp\YouMayAlsoLike.tsx
FN:5,YouMayAlsoLike
FNF:1
FNH:0
FNDA:0,YouMayAlsoLike
DA:6,0
LF:1
LH:0
BRF:0
BRH:0
end_of_record
TN:
SF:src\components\HomePageComp\Footer.tsx
FN:4,Footer
FNF:1
FNH:0
FNDA:0,Footer
DA:5,0
LF:1
LH:0
BRF:0
BRH:0
end_of_record
TN:
SF:src\components\HomePageComp\Localish-ProductImage.tsx
FN:4,Logo
FNF:1
FNH:0
FNDA:0,Logo
DA:5,0
LF:1
LH:0
BRF:0
BRH:0
end_of_record
TN:
SF:src\components\HomePageComp\NavBar.tsx
FN:14,NavBar
FN:26,(anonymous_1)
FN:34,(anonymous_2)
FN:41,(anonymous_3)
FN:45,(anonymous_4)
FN:50,(anonymous_5)
FNF:6
FNH:0
FNDA:0,NavBar
FNDA:0,(anonymous_1)
FNDA:0,(anonymous_2)
FNDA:0,(anonymous_3)
FNDA:0,(anonymous_4)
FNDA:0,(anonymous_5)
DA:7,0
DA:15,0
DA:17,0
DA:26,0
DA:34,0
DA:42,0
DA:46,0
DA:50,0
LF:8
LH:0
BRDA:25,0,0,0
BRDA:25,0,1,0
BRDA:31,1,0,0
BRDA:31,1,1,0
BRDA:39,2,0,0
BRDA:39,2,1,0
BRDA:46,3,0,0
BRDA:46,3,1,0
BRF:8
BRH:0
end_of_record
TN:
SF:src\components\LogInPageComp\GoogleLoginButton.tsx
FN:15,GoogleLogInButton
FN:22,(anonymous_1)
FN:65,(anonymous_2)
FN:72,(anonymous_3)
FNF:4
FNH:0
FNDA:0,GoogleLogInButton
FNDA:0,(anonymous_1)
FNDA:0,(anonymous_2)
FNDA:0,(anonymous_3)
DA:20,0
DA:21,0
DA:23,0
DA:24,0
DA:33,0
DA:34,0
DA:36,0
DA:39,0
DA:40,0
DA:42,0
DA:52,0
DA:55,0
DA:56,0
DA:58,0
DA:61,0
DA:62,0
DA:66,0
DA:67,0
DA:71,0
DA:72,0
LF:20
LH:0
BRDA:39,0,0,0
BRDA:39,0,1,0
BRDA:39,1,0,0
BRDA:39,1,1,0
BRDA:55,2,0,0
BRDA:55,2,1,0
BRDA:55,3,0,0
BRDA:55,3,1,0
BRF:8
BRH:0
end_of_record
TN:
SF:src\components\LogInPageComp\Logo.tsx
FN:4,Logo
FNF:1
FNH:0
FNDA:0,Logo
DA:5,0
LF:1
LH:0
BRF:0
BRH:0
end_of_record
TN:
SF:src\components\LogInPageComp\SignUpPrompt.tsx
FN:5,SignUpPrompt
FNF:1
FNH:0
FNDA:0,SignUpPrompt
DA:6,0
LF:1
LH:0
BRF:0
BRH:0
end_of_record
TN:
SF:src\components\LogInPageComp\WelcomeMessage.tsx
FN:4,WelcomeMessage
FNF:1
FNH:0
FNDA:0,WelcomeMessage
DA:5,0
LF:1
LH:0
BRF:0
BRH:0
end_of_record
TN:
SF:src\components\ProductPageComp\BackButton.tsx
FN:4,BackButton
FN:7,(anonymous_1)
FNF:2
FNH:0
FNDA:0,BackButton
FNDA:0,(anonymous_1)
DA:5,0
DA:7,0
DA:8,0
DA:11,0
LF:4
LH:0
BRF:0
BRH:0
end_of_record
TN:
SF:src\components\ProductPageComp\ProductImage.tsx
FN:7,ProductImage
FNF:1
FNH:0
FNDA:0,ProductImage
DA:8,0
LF:1
LH:0
BRF:0
BRH:0
end_of_record
TN:
SF:src\components\ProductPageComp\ProductInfo.tsx
FN:25,ProductInfo
FNF:1
FNH:0
FNDA:0,ProductInfo
DA:32,0
LF:1
LH:0
BRF:0
BRH:0
end_of_record
TN:
SF:src\components\ProductPageComp\ReportProduct.tsx
FN:8,ReportProduct
FN:11,handleSubmit
FN:25,(anonymous_2)
FNF:3
FNH:0
FNDA:0,ReportProduct
FNDA:0,handleSubmit
FNDA:0,(anonymous_2)
DA:9,0
DA:12,0
DA:13,0
DA:16,0
DA:25,0
LF:5
LH:0
BRF:0
BRH:0
end_of_record
TN:
SF:src\components\ProductPageComp\SideBarInfo.tsx
FN:9,SidebarInfo
FNF:1
FNH:0
FNDA:0,SidebarInfo
DA:10,0
LF:1
LH:0
BRF:0
BRH:0
end_of_record
TN:
SF:src\components\ProductPageComp\ProductInfoSubComp\AddToCart.tsx
FN:18,AddToCart
FN:23,(anonymous_1)
FNF:2
FNH:0
FNDA:0,AddToCart
FNDA:0,(anonymous_1)
DA:19,0
DA:20,0
DA:21,0
DA:23,0
DA:24,0
DA:25,0
DA:26,0
DA:28,0
DA:29,0
DA:30,0
DA:33,0
DA:34,0
DA:35,0
DA:38,0
DA:40,0
DA:41,0
DA:42,0
DA:46,0
DA:51,0
DA:54,0
LF:20
LH:0
BRDA:28,0,0,0
BRDA:33,1,0,0
BRDA:40,2,0,0
BRDA:63,3,0,0
BRDA:63,3,1,0
BRDA:64,4,0,0
BRDA:64,4,1,0
BRF:7
BRH:0
end_of_record
TN:
SF:src\components\ProductPageComp\ProductInfoSubComp\Bio.tsx
FN:7,Bio
FNF:1
FNH:0
FNDA:0,Bio
DA:8,0
LF:1
LH:0
BRF:0
BRH:0
end_of_record
TN:
SF:src\components\ProductPageComp\ProductInfoSubComp\DeliveryOption.tsx
FN:3,DeliveryOption
FNF:1
FNH:0
FNDA:0,DeliveryOption
DA:4,0
LF:1
LH:0
BRF:0
BRH:0
end_of_record
TN:
SF:src\components\ProductPageComp\ProductInfoSubComp\Heading.tsx
FN:7,Heading
FNF:1
FNH:0
FNDA:0,Heading
DA:8,0
LF:1
LH:0
BRF:0
BRH:0
end_of_record
TN:
SF:src\components\ProductPageComp\ProductInfoSubComp\Price.tsx
FN:7,Price
FNF:1
FNH:0
FNDA:0,Price
DA:8,0
LF:1
LH:0
BRF:0
BRH:0
end_of_record
TN:
SF:src\components\ProductPageComp\ProductInfoSubComp\ProductDetails.tsx
FN:7,ProductDetails
FNF:1
FNH:0
FNDA:0,ProductDetails
DA:8,0
LF:1
LH:0
BRF:0
BRH:0
end_of_record
TN:
SF:src\components\ProductPageComp\SideBarSubComp\ArtistInfo.tsx
FN:7,ArtistInfo
FNF:1
FNH:0
FNDA:0,ArtistInfo
DA:8,0
LF:1
LH:0
BRF:0
BRH:0
end_of_record
TN:
SF:src\components\ProductPageComp\SideBarSubComp\ReviewList.tsx
FN:3,ReviewList
FNF:1
FNH:0
FNDA:0,ReviewList
DA:4,0
LF:1
LH:0
BRF:0
BRH:0
end_of_record
TN:
SF:src\components\ProfilePageComp\ActionButtons.tsx
FN:8,ActionButtons
FN:11,goToOrders
FNF:2
FNH:0
FNDA:0,ActionButtons
FNDA:0,goToOrders
DA:9,0
DA:12,0
DA:15,0
LF:3
LH:0
BRF:0
BRH:0
end_of_record
TN:
SF:src\components\ProfilePageComp\EditInfo.tsx
FN:18,EditInfo
FN:22,(anonymous_1)
FN:23,(anonymous_2)
FN:24,(anonymous_3)
FN:26,(anonymous_4)
FN:29,handleSubmit
FN:59,(anonymous_6)
FN:66,(anonymous_7)
FN:77,(anonymous_8)
FNF:9
FNH:0
FNDA:0,EditInfo
FNDA:0,(anonymous_1)
FNDA:0,(anonymous_2)
FNDA:0,(anonymous_3)
FNDA:0,(anonymous_4)
FNDA:0,handleSubmit
FNDA:0,(anonymous_6)
FNDA:0,(anonymous_7)
FNDA:0,(anonymous_8)
DA:19,0
DA:20,0
DA:22,0
DA:23,0
DA:24,0
DA:26,0
DA:30,0
DA:31,0
DA:33,0
DA:34,0
DA:38,0
DA:39,0
DA:41,0
DA:42,0
DA:44,0
DA:48,0
DA:59,0
DA:66,0
DA:77,0
LF:19
LH:0
BRDA:77,0,0,0
BRDA:77,0,1,0
BRDA:86,1,0,0
BRDA:86,1,1,0
BRF:4
BRH:0
end_of_record
TN:
SF:src\components\ProfilePageComp\ProfileImage.tsx
FN:10,ProfileImage
FNF:1
FNH:0
FNDA:0,ProfileImage
DA:11,0
LF:1
LH:0
BRF:0
BRH:0
end_of_record
TN:
SF:src\components\ProfilePageComp\ProfileInfo.tsx
FN:10,ProfileInfo
FNF:1
FNH:0
FNDA:0,ProfileInfo
DA:11,0
LF:1
LH:0
BRF:0
BRH:0
end_of_record
TN:
SF:src\components\QuestionsPageComp\ApplyButton.tsx
FN:8,(anonymous_0)
FNF:1
FNH:0
FNDA:0,(anonymous_0)
DA:8,0
DA:9,0
LF:2
LH:0
BRF:0
BRH:0
end_of_record
TN:
SF:src\components\QuestionsPageComp\ArtFormButton.tsx
FN:10,(anonymous_0)
FNF:1
FNH:0
FNDA:0,(anonymous_0)
DA:10,0
DA:15,0
LF:2
LH:0
BRDA:17,0,0,0
BRDA:17,0,1,0
BRF:2
BRH:0
end_of_record
TN:
SF:src\components\QuestionsPageComp\ArtFormSection.tsx
FN:10,(anonymous_0)
FN:45,(anonymous_1)
FN:47,(anonymous_2)
FN:52,(anonymous_3)
FN:55,(anonymous_4)
FNF:5
FNH:0
FNDA:0,(anonymous_0)
FNDA:0,(anonymous_1)
FNDA:0,(anonymous_2)
FNDA:0,(anonymous_3)
FNDA:0,(anonymous_4)
DA:10,0
DA:14,0
DA:43,0
DA:46,0
DA:48,0
DA:53,0
DA:54,0
DA:55,0
DA:57,0
LF:9
LH:0
BRDA:54,0,0,0
BRDA:54,0,1,0
BRF:2
BRH:0
end_of_record
TN:
SF:src\components\QuestionsPageComp\UserNameHeader.tsx
FN:9,(anonymous_0)
FN:20,(anonymous_1)
FNF:2
FNH:0
FNDA:0,(anonymous_0)
FNDA:0,(anonymous_1)
DA:9,0
DA:13,0
DA:20,0
LF:3
LH:0
BRF:0
BRH:0
end_of_record
TN:
SF:src\components\SellerSignupPageComp\SellerForm.tsx
FN:7,SellerForm
FN:15,handleSubmit
FN:54,(anonymous_2)
FN:61,(anonymous_3)
FN:69,(anonymous_4)
FN:77,(anonymous_5)
FN:85,(anonymous_6)
FNF:7
FNH:0
FNDA:0,SellerForm
FNDA:0,handleSubmit
FNDA:0,(anonymous_2)
FNDA:0,(anonymous_3)
FNDA:0,(anonymous_4)
FNDA:0,(anonymous_5)
FNDA:0,(anonymous_6)
DA:8,0
DA:9,0
DA:10,0
DA:11,0
DA:12,0
DA:13,0
DA:16,0
DA:17,0
DA:18,0
DA:19,0
DA:22,0
DA:23,0
DA:24,0
DA:25,0
DA:26,0
DA:27,0
DA:28,0
DA:30,0
DA:31,0
DA:38,0
DA:40,0
DA:41,0
DA:45,0
DA:54,0
DA:61,0
DA:69,0
DA:77,0
DA:85,0
LF:28
LH:0
BRDA:17,0,0,0
BRDA:27,1,0,0
BRDA:27,1,1,0
BRDA:36,2,0,0
BRDA:36,2,1,0
BRDA:61,3,0,0
BRDA:61,3,1,0
BRF:7
BRH:0
end_of_record
TN:
SF:src\components\SellerVerificationPageComp\SellerCard.tsx
FN:14,(anonymous_0)
FNF:1
FNH:0
FNDA:0,(anonymous_0)
DA:12,0
DA:14,0
DA:28,0
DA:30,0
LF:4
LH:0
BRDA:50,0,0,0
BRDA:50,0,1,0
BRDA:56,1,0,0
BRDA:56,1,1,0
BRF:4
BRH:0
end_of_record
TN:
SF:src\components\ShopFrontComp\Header.tsx
FN:7,Header
FNF:1
FNH:0
FNDA:0,Header
DA:8,0
LF:1
LH:0
BRF:0
BRH:0
end_of_record
TN:
SF:src\components\ShopFrontComp\ProductCard.tsx
FN:11,ProductCard
FNF:1
FNH:0
FNDA:0,ProductCard
DA:12,0
LF:1
LH:0
BRF:0
BRH:0
end_of_record
TN:
SF:src\components\ShopFrontComp\ProductGrid.tsx
FN:17,ProductGrid
FN:20,(anonymous_1)
FNF:2
FNH:0
FNDA:0,ProductGrid
FNDA:0,(anonymous_1)
DA:18,0
DA:21,0
LF:2
LH:0
BRF:0
BRH:0
end_of_record
TN:
SF:src\components\ShopFrontComp\ReportShop.tsx
FN:8,ReportShop
FN:11,handleSubmit
FN:25,(anonymous_2)
FNF:3
FNH:0
FNDA:0,ReportShop
FNDA:0,handleSubmit
FNDA:0,(anonymous_2)
DA:9,0
DA:12,0
DA:13,0
DA:16,0
DA:25,0
LF:5
LH:0
BRF:0
BRH:0
end_of_record
TN:
SF:src\components\SignUpPageComp\GoogleSignUpButton.tsx
FN:18,GoogleSignUpButton
FN:23,(anonymous_1)
FN:51,(anonymous_2)
FN:55,(anonymous_3)
FNF:4
FNH:0
FNDA:0,GoogleSignUpButton
FNDA:0,(anonymous_1)
FNDA:0,(anonymous_2)
FNDA:0,(anonymous_3)
DA:19,0
DA:20,0
DA:22,0
DA:24,0
DA:25,0
DA:34,0
DA:35,0
DA:44,0
DA:45,0
DA:46,0
DA:48,0
DA:51,0
DA:54,0
DA:55,0
LF:14
LH:0
BRF:0
BRH:0
end_of_record
TN:
SF:src\components\SignUpPageComp\LoginPrompt.tsx
FN:5,LoginPrompt
FNF:1
FNH:0
FNDA:0,LoginPrompt
DA:6,0
LF:1
LH:0
BRF:0
BRH:0
end_of_record
TN:
SF:src\components\SignUpPageComp\Logo.tsx
FN:4,Logo
FNF:1
FNH:0
FNDA:0,Logo
DA:5,0
LF:1
LH:0
BRF:0
BRH:0
end_of_record
TN:
SF:src\components\WelcomePageComp\ActionButtons.tsx
FN:6,ActionButtons
FNF:1
FNH:0
FNDA:0,ActionButtons
DA:7,0
LF:1
LH:0
BRF:0
BRH:0
end_of_record
TN:
SF:src\components\WelcomePageComp\Logo.tsx
FN:4,Logo
FNF:1
FNH:0
FNDA:0,Logo
DA:5,0
LF:1
LH:0
BRF:0
BRH:0
end_of_record
TN:
SF:src\layouts\MainLayout.tsx
FN:5,MainLayout
FNF:1
FNH:0
FNDA:0,MainLayout
DA:6,0
LF:1
LH:0
BRF:0
BRH:0
end_of_record
